<?xml version="1.0" encoding="UTF-8"?>
<coverage generated="1768904581160" clover="3.2.0">
  <project timestamp="1768904581160" name="All files">
    <metrics statements="450" coveredstatements="437" conditionals="215" coveredconditionals="189" methods="113" coveredmethods="110" elements="778" coveredelements="736" complexity="0" loc="450" ncloc="450" packages="15" files="28" classes="28"/>
    <package name="src">
      <metrics statements="10" coveredstatements="0" conditionals="0" coveredconditionals="0" methods="2" coveredmethods="0"/>
      <file name="App.tsx" path="C:\Users\29791155\Desktop\Vernera mape\Workspaces\ReactWorkspace2\react-project-3 (3)\pokemon-evolution-tree-explorer\pokemon-evolution-tree-explorer\src\App.tsx">
        <metrics statements="4" coveredstatements="0" conditionals="0" coveredconditionals="0" methods="1" coveredmethods="0"/>
        <line num="1" count="0" type="stmt"/>
        <line num="2" count="0" type="stmt"/>
        <line num="5" count="0" type="stmt"/>
        <line num="8" count="0" type="stmt"/>
      </file>
      <file name="routes.tsx" path="C:\Users\29791155\Desktop\Vernera mape\Workspaces\ReactWorkspace2\react-project-3 (3)\pokemon-evolution-tree-explorer\pokemon-evolution-tree-explorer\src\routes.tsx">
        <metrics statements="6" coveredstatements="0" conditionals="0" coveredconditionals="0" methods="1" coveredmethods="0"/>
        <line num="1" count="0" type="stmt"/>
        <line num="2" count="0" type="stmt"/>
        <line num="3" count="0" type="stmt"/>
        <line num="4" count="0" type="stmt"/>
        <line num="7" count="0" type="stmt"/>
        <line num="20" count="0" type="stmt"/>
      </file>
    </package>
    <package name="src.api">
      <metrics statements="2" coveredstatements="0" conditionals="0" coveredconditionals="0" methods="0" coveredmethods="0"/>
      <file name="api.ts" path="C:\Users\29791155\Desktop\Vernera mape\Workspaces\ReactWorkspace2\react-project-3 (3)\pokemon-evolution-tree-explorer\pokemon-evolution-tree-explorer\src\api\api.ts">
        <metrics statements="2" coveredstatements="0" conditionals="0" coveredconditionals="0" methods="0" coveredmethods="0"/>
        <line num="1" count="0" type="stmt"/>
        <line num="3" count="0" type="stmt"/>
      </file>
    </package>
    <package name="src.api.services.pokemon">
      <metrics statements="11" coveredstatements="10" conditionals="0" coveredconditionals="0" methods="3" coveredmethods="3"/>
      <file name="index.ts" path="C:\Users\29791155\Desktop\Vernera mape\Workspaces\ReactWorkspace2\react-project-3 (3)\pokemon-evolution-tree-explorer\pokemon-evolution-tree-explorer\src\api\services\pokemon\index.ts">
        <metrics statements="1" coveredstatements="0" conditionals="0" coveredconditionals="0" methods="0" coveredmethods="0"/>
        <line num="1" count="0" type="stmt"/>
      </file>
      <file name="pokemon.service.ts" path="C:\Users\29791155\Desktop\Vernera mape\Workspaces\ReactWorkspace2\react-project-3 (3)\pokemon-evolution-tree-explorer\pokemon-evolution-tree-explorer\src\api\services\pokemon\pokemon.service.ts">
        <metrics statements="10" coveredstatements="10" conditionals="0" coveredconditionals="0" methods="3" coveredmethods="3"/>
        <line num="1" count="1" type="stmt"/>
        <line num="3" count="1" type="stmt"/>
        <line num="4" count="2" type="stmt"/>
        <line num="5" count="2" type="stmt"/>
        <line num="8" count="1" type="stmt"/>
        <line num="9" count="2" type="stmt"/>
        <line num="10" count="2" type="stmt"/>
        <line num="13" count="1" type="stmt"/>
        <line num="14" count="3" type="stmt"/>
        <line num="15" count="3" type="stmt"/>
      </file>
    </package>
    <package name="src.components.ui">
      <metrics statements="270" coveredstatements="270" conditionals="131" coveredconditionals="105" methods="64" coveredmethods="63"/>
      <file name="badge.tsx" path="C:\Users\29791155\Desktop\Vernera mape\Workspaces\ReactWorkspace2\react-project-3 (3)\pokemon-evolution-tree-explorer\pokemon-evolution-tree-explorer\src\components\ui\badge.tsx">
        <metrics statements="9" coveredstatements="9" conditionals="3" coveredconditionals="3" methods="1" coveredmethods="1"/>
        <line num="2" count="6" type="stmt"/>
        <line num="3" count="6" type="stmt"/>
        <line num="5" count="6" type="stmt"/>
        <line num="7" count="6" type="stmt"/>
        <line num="31" count="161" type="cond" truecount="1" falsecount="0"/>
        <line num="32" count="161" type="stmt"/>
        <line num="35" count="161" type="cond" truecount="2" falsecount="0"/>
        <line num="37" count="161" type="stmt"/>
        <line num="47" count="6" type="stmt"/>
      </file>
      <file name="button.tsx" path="C:\Users\29791155\Desktop\Vernera mape\Workspaces\ReactWorkspace2\react-project-3 (3)\pokemon-evolution-tree-explorer\pokemon-evolution-tree-explorer\src\components\ui\button.tsx">
        <metrics statements="9" coveredstatements="9" conditionals="3" coveredconditionals="3" methods="1" coveredmethods="1"/>
        <line num="2" count="6" type="stmt"/>
        <line num="3" count="6" type="stmt"/>
        <line num="5" count="6" type="stmt"/>
        <line num="7" count="6" type="stmt"/>
        <line num="51" count="510" type="cond" truecount="1" falsecount="0"/>
        <line num="52" count="510" type="stmt"/>
        <line num="57" count="510" type="cond" truecount="2" falsecount="0"/>
        <line num="59" count="510" type="stmt"/>
        <line num="69" count="6" type="stmt"/>
      </file>
      <file name="card.tsx" path="C:\Users\29791155\Desktop\Vernera mape\Workspaces\ReactWorkspace2\react-project-3 (3)\pokemon-evolution-tree-explorer\pokemon-evolution-tree-explorer\src\components\ui\card.tsx">
        <metrics statements="25" coveredstatements="25" conditionals="0" coveredconditionals="0" methods="7" coveredmethods="7"/>
        <line num="2" count="7" type="stmt"/>
        <line num="3" count="7" type="stmt"/>
        <line num="5" count="7" type="stmt"/>
        <line num="31" count="218" type="stmt"/>
        <line num="32" count="218" type="stmt"/>
        <line num="34" count="218" type="stmt"/>
        <line num="43" count="114" type="stmt"/>
        <line num="44" count="114" type="stmt"/>
        <line num="56" count="114" type="stmt"/>
        <line num="57" count="114" type="stmt"/>
        <line num="66" count="29" type="stmt"/>
        <line num="67" count="29" type="stmt"/>
        <line num="76" count="5" type="stmt"/>
        <line num="77" count="5" type="stmt"/>
        <line num="89" count="186" type="stmt"/>
        <line num="90" count="186" type="stmt"/>
        <line num="99" count="90" type="stmt"/>
        <line num="100" count="90" type="stmt"/>
        <line num="110" count="7" type="stmt"/>
        <line num="111" count="7" type="stmt"/>
        <line num="112" count="7" type="stmt"/>
        <line num="113" count="7" type="stmt"/>
        <line num="114" count="7" type="stmt"/>
        <line num="115" count="7" type="stmt"/>
        <line num="116" count="7" type="stmt"/>
      </file>
      <file name="carousel.tsx" path="C:\Users\29791155\Desktop\Vernera mape\Workspaces\ReactWorkspace2\react-project-3 (3)\pokemon-evolution-tree-explorer\pokemon-evolution-tree-explorer\src\components\ui\carousel.tsx">
        <metrics statements="118" coveredstatements="118" conditionals="108" coveredconditionals="82" methods="28" coveredmethods="27"/>
        <line num="1" count="2" type="stmt"/>
        <line num="2" count="2" type="stmt"/>
        <line num="5" count="2" type="stmt"/>
        <line num="6" count="2" type="stmt"/>
        <line num="8" count="2" type="stmt"/>
        <line num="9" count="2" type="stmt"/>
        <line num="32" count="2" type="stmt"/>
        <line num="35" count="250" type="stmt"/>
        <line num="37" count="250" type="cond" truecount="2" falsecount="0"/>
        <line num="38" count="2" type="stmt"/>
        <line num="41" count="248" type="stmt"/>
        <line num="50" count="70" type="stmt"/>
        <line num="51" count="70" type="stmt"/>
        <line num="53" count="70" type="stmt"/>
        <line num="60" count="70" type="stmt"/>
        <line num="61" count="70" type="stmt"/>
        <line num="63" count="70" type="stmt"/>
        <line num="64" count="41" type="cond" truecount="1" falsecount="1"/>
        <line num="65" count="41" type="stmt"/>
        <line num="66" count="41" type="stmt"/>
        <line num="69" count="70" type="stmt"/>
        <line num="70" count="3" type="cond" truecount="3" falsecount="1"/>
        <line num="73" count="70" type="stmt"/>
        <line num="74" count="3" type="cond" truecount="3" falsecount="1"/>
        <line num="77" count="70" type="stmt"/>
        <line num="79" count="4" type="cond" truecount="4" falsecount="0"/>
        <line num="80" count="2" type="stmt"/>
        <line num="81" count="2" type="stmt"/>
        <line num="82" count="2" type="cond" truecount="3" falsecount="1"/>
        <line num="83" count="2" type="stmt"/>
        <line num="84" count="2" type="stmt"/>
        <line num="90" count="70" type="stmt"/>
        <line num="91" count="29" type="cond" truecount="4" falsecount="0"/>
        <line num="92" count="15" type="stmt"/>
        <line num="95" count="70" type="stmt"/>
        <line num="96" count="29" type="stmt"/>
        <line num="97" count="29" type="cond" truecount="4" falsecount="2"/>
        <line num="98" count="29" type="stmt"/>
        <line num="102" count="70" type="stmt"/>
        <line num="103" count="29" type="cond" truecount="2" falsecount="0"/>
        <line num="104" count="27" type="stmt"/>
        <line num="105" count="27" type="stmt"/>
        <line num="106" count="27" type="stmt"/>
        <line num="108" count="27" type="stmt"/>
        <line num="109" count="27" type="cond" truecount="3" falsecount="1"/>
        <line num="110" count="27" type="cond" truecount="3" falsecount="1"/>
        <line num="111" count="27" type="cond" truecount="3" falsecount="1"/>
        <line num="115" count="70" type="stmt"/>
        <line num="149" count="60" type="stmt"/>
        <line num="150" count="60" type="stmt"/>
        <line num="151" count="60" type="stmt"/>
        <line num="152" count="60" type="stmt"/>
        <line num="154" count="60" type="stmt"/>
        <line num="156" count="29" type="cond" truecount="2" falsecount="0"/>
        <line num="159" count="27" type="stmt"/>
        <line num="160" count="66" type="stmt"/>
        <line num="163" count="66" type="cond" truecount="2" falsecount="0"/>
        <line num="166" count="2" type="stmt"/>
        <line num="168" count="2" type="stmt"/>
        <line num="169" count="2" type="stmt"/>
        <line num="171" count="2" type="stmt"/>
        <line num="173" count="10" type="stmt"/>
        <line num="174" count="10" type="stmt"/>
        <line num="176" count="10" type="cond" truecount="1" falsecount="1"/>
        <line num="177" count="10" type="cond" truecount="2" falsecount="0"/>
        <line num="181" count="2" type="stmt"/>
        <line num="182" count="2" type="stmt"/>
        <line num="187" count="27" type="stmt"/>
        <line num="188" count="27" type="stmt"/>
        <line num="189" count="27" type="stmt"/>
        <line num="192" count="27" type="stmt"/>
        <line num="193" count="27" type="stmt"/>
        <line num="194" count="27" type="stmt"/>
        <line num="198" count="60" type="stmt"/>
        <line num="224" count="110" type="stmt"/>
        <line num="226" count="110" type="stmt"/>
        <line num="245" count="60" type="cond" truecount="0" falsecount="1"/>
        <line num="246" count="60" type="stmt"/>
        <line num="248" count="60" type="stmt"/>
        <line num="250" count="60" type="stmt"/>
        <line num="261" count="60" type="cond" truecount="1" falsecount="1"/>
        <line num="263" count="60" type="stmt"/>
        <line num="291" count="63" type="cond" truecount="1" falsecount="0"/>
        <line num="292" count="62" type="stmt"/>
        <line num="294" count="62" type="stmt"/>
        <line num="296" count="60" type="stmt"/>
        <line num="307" count="60" type="cond" truecount="1" falsecount="1"/>
        <line num="309" count="60" type="stmt"/>
        <line num="333" count="2" type="stmt"/>
        <line num="355" count="68" type="stmt"/>
        <line num="356" count="68" type="stmt"/>
        <line num="361" count="68" type="stmt"/>
        <line num="362" count="68" type="stmt"/>
        <line num="363" count="68" type="stmt"/>
        <line num="366" count="68" type="stmt"/>
        <line num="367" count="29" type="cond" truecount="2" falsecount="0"/>
        <line num="370" count="27" type="stmt"/>
        <line num="371" count="27" type="stmt"/>
        <line num="374" count="37" type="stmt"/>
        <line num="377" count="27" type="stmt"/>
        <line num="380" count="27" type="stmt"/>
        <line num="381" count="27" type="stmt"/>
        <line num="386" count="68" type="stmt"/>
        <line num="388" count="1" type="cond" truecount="3" falsecount="1"/>
        <line num="392" count="68" type="stmt"/>
        <line num="393" count="278" type="cond" truecount="2" falsecount="0"/>
        <line num="394" count="278" type="stmt"/>
        <line num="398" count="68" type="cond" truecount="1" falsecount="1"/>
        <line num="400" count="68" type="stmt"/>
        <line num="415" count="278" type="stmt"/>
        <line num="417" count="278" type="stmt"/>
        <line num="420" count="1" type="stmt"/>
        <line num="441" count="2" type="stmt"/>
        <line num="442" count="2" type="stmt"/>
        <line num="443" count="2" type="stmt"/>
        <line num="444" count="2" type="stmt"/>
        <line num="445" count="2" type="stmt"/>
        <line num="446" count="2" type="stmt"/>
      </file>
      <file name="dialog.tsx" path="C:\Users\29791155\Desktop\Vernera mape\Workspaces\ReactWorkspace2\react-project-3 (3)\pokemon-evolution-tree-explorer\pokemon-evolution-tree-explorer\src\components\ui\dialog.tsx">
        <metrics statements="37" coveredstatements="37" conditionals="3" coveredconditionals="3" methods="10" coveredmethods="10"/>
        <line num="4" count="2" type="stmt"/>
        <line num="5" count="2" type="stmt"/>
        <line num="7" count="2" type="stmt"/>
        <line num="10" count="19" type="stmt"/>
        <line num="12" count="19" type="stmt"/>
        <line num="16" count="9" type="stmt"/>
        <line num="18" count="9" type="stmt"/>
        <line num="22" count="19" type="stmt"/>
        <line num="24" count="19" type="stmt"/>
        <line num="28" count="6" type="stmt"/>
        <line num="30" count="6" type="stmt"/>
        <line num="34" count="18" type="stmt"/>
        <line num="35" count="18" type="stmt"/>
        <line num="37" count="18" type="stmt"/>
        <line num="52" count="19" type="cond" truecount="1" falsecount="0"/>
        <line num="53" count="19" type="stmt"/>
        <line num="57" count="19" type="stmt"/>
        <line num="83" count="9" type="stmt"/>
        <line num="84" count="9" type="stmt"/>
        <line num="93" count="6" type="stmt"/>
        <line num="94" count="6" type="stmt"/>
        <line num="107" count="11" type="stmt"/>
        <line num="108" count="11" type="stmt"/>
        <line num="110" count="11" type="stmt"/>
        <line num="120" count="11" type="stmt"/>
        <line num="121" count="11" type="stmt"/>
        <line num="123" count="11" type="stmt"/>
        <line num="133" count="2" type="stmt"/>
        <line num="134" count="2" type="stmt"/>
        <line num="135" count="2" type="stmt"/>
        <line num="136" count="2" type="stmt"/>
        <line num="137" count="2" type="stmt"/>
        <line num="138" count="2" type="stmt"/>
        <line num="139" count="2" type="stmt"/>
        <line num="140" count="2" type="stmt"/>
        <line num="141" count="2" type="stmt"/>
        <line num="142" count="2" type="stmt"/>
      </file>
      <file name="input.tsx" path="C:\Users\29791155\Desktop\Vernera mape\Workspaces\ReactWorkspace2\react-project-3 (3)\pokemon-evolution-tree-explorer\pokemon-evolution-tree-explorer\src\components\ui\input.tsx">
        <metrics statements="4" coveredstatements="4" conditionals="0" coveredconditionals="0" methods="1" coveredmethods="1"/>
        <line num="3" count="3" type="stmt"/>
        <line num="5" count="64" type="stmt"/>
        <line num="6" count="64" type="stmt"/>
        <line num="21" count="3" type="stmt"/>
      </file>
      <file name="item.tsx" path="C:\Users\29791155\Desktop\Vernera mape\Workspaces\ReactWorkspace2\react-project-3 (3)\pokemon-evolution-tree-explorer\pokemon-evolution-tree-explorer\src\components\ui\item.tsx">
        <metrics statements="40" coveredstatements="40" conditionals="6" coveredconditionals="6" methods="10" coveredmethods="10"/>
        <line num="2" count="2" type="stmt"/>
        <line num="3" count="2" type="stmt"/>
        <line num="5" count="2" type="stmt"/>
        <line num="6" count="2" type="stmt"/>
        <line num="8" count="10" type="stmt"/>
        <line num="9" count="10" type="stmt"/>
        <line num="20" count="1" type="stmt"/>
        <line num="21" count="1" type="stmt"/>
        <line num="23" count="1" type="stmt"/>
        <line num="33" count="2" type="stmt"/>
        <line num="58" count="46" type="cond" truecount="1" falsecount="0"/>
        <line num="59" count="46" type="stmt"/>
        <line num="62" count="46" type="cond" truecount="2" falsecount="0"/>
        <line num="63" count="46" type="stmt"/>
        <line num="74" count="2" type="stmt"/>
        <line num="93" count="40" type="cond" truecount="1" falsecount="0"/>
        <line num="94" count="40" type="stmt"/>
        <line num="96" count="40" type="stmt"/>
        <line num="106" count="38" type="stmt"/>
        <line num="107" count="38" type="stmt"/>
        <line num="119" count="38" type="stmt"/>
        <line num="120" count="38" type="stmt"/>
        <line num="132" count="38" type="stmt"/>
        <line num="133" count="38" type="stmt"/>
        <line num="146" count="6" type="stmt"/>
        <line num="147" count="6" type="stmt"/>
        <line num="156" count="6" type="stmt"/>
        <line num="157" count="6" type="stmt"/>
        <line num="169" count="6" type="stmt"/>
        <line num="170" count="6" type="stmt"/>
        <line num="183" count="2" type="stmt"/>
        <line num="184" count="2" type="stmt"/>
        <line num="185" count="2" type="stmt"/>
        <line num="186" count="2" type="stmt"/>
        <line num="187" count="2" type="stmt"/>
        <line num="188" count="2" type="stmt"/>
        <line num="189" count="2" type="stmt"/>
        <line num="190" count="2" type="stmt"/>
        <line num="191" count="2" type="stmt"/>
        <line num="192" count="2" type="stmt"/>
      </file>
      <file name="separator.tsx" path="C:\Users\29791155\Desktop\Vernera mape\Workspaces\ReactWorkspace2\react-project-3 (3)\pokemon-evolution-tree-explorer\pokemon-evolution-tree-explorer\src\components\ui\separator.tsx">
        <metrics statements="6" coveredstatements="6" conditionals="2" coveredconditionals="2" methods="1" coveredmethods="1"/>
        <line num="2" count="3" type="stmt"/>
        <line num="4" count="3" type="stmt"/>
        <line num="9" count="8" type="cond" truecount="1" falsecount="0"/>
        <line num="10" count="8" type="stmt"/>
        <line num="12" count="8" type="stmt"/>
        <line num="26" count="3" type="stmt"/>
      </file>
      <file name="tooltip.tsx" path="C:\Users\29791155\Desktop\Vernera mape\Workspaces\ReactWorkspace2\react-project-3 (3)\pokemon-evolution-tree-explorer\pokemon-evolution-tree-explorer\src\components\ui\tooltip.tsx">
        <metrics statements="13" coveredstatements="13" conditionals="2" coveredconditionals="2" methods="4" coveredmethods="4"/>
        <line num="2" count="4" type="stmt"/>
        <line num="4" count="4" type="stmt"/>
        <line num="7" count="78" type="cond" truecount="1" falsecount="0"/>
        <line num="8" count="78" type="stmt"/>
        <line num="10" count="78" type="stmt"/>
        <line num="20" count="78" type="stmt"/>
        <line num="22" count="78" type="stmt"/>
        <line num="30" count="78" type="stmt"/>
        <line num="32" count="78" type="stmt"/>
        <line num="38" count="78" type="stmt"/>
        <line num="39" count="78" type="stmt"/>
        <line num="41" count="78" type="stmt"/>
        <line num="59" count="4" type="stmt"/>
      </file>
      <file name="typography.tsx" path="C:\Users\29791155\Desktop\Vernera mape\Workspaces\ReactWorkspace2\react-project-3 (3)\pokemon-evolution-tree-explorer\pokemon-evolution-tree-explorer\src\components\ui\typography.tsx">
        <metrics statements="9" coveredstatements="9" conditionals="4" coveredconditionals="4" methods="1" coveredmethods="1"/>
        <line num="2" count="11" type="stmt"/>
        <line num="3" count="11" type="stmt"/>
        <line num="5" count="11" type="stmt"/>
        <line num="22" count="11" type="stmt"/>
        <line num="53" count="972" type="cond" truecount="1" falsecount="0"/>
        <line num="54" count="972" type="stmt"/>
        <line num="59" count="972" type="cond" truecount="2" falsecount="0"/>
        <line num="60" count="972" type="stmt"/>
        <line num="69" count="11" type="stmt"/>
      </file>
    </package>
    <package name="src.hooks.pokemon">
      <metrics statements="22" coveredstatements="22" conditionals="14" coveredconditionals="14" methods="7" coveredmethods="7"/>
      <file name="getEvolutionChain.ts" path="C:\Users\29791155\Desktop\Vernera mape\Workspaces\ReactWorkspace2\react-project-3 (3)\pokemon-evolution-tree-explorer\pokemon-evolution-tree-explorer\src\hooks\pokemon\getEvolutionChain.ts">
        <metrics statements="22" coveredstatements="22" conditionals="14" coveredconditionals="14" methods="7" coveredmethods="7"/>
        <line num="1" count="1" type="stmt"/>
        <line num="2" count="1" type="stmt"/>
        <line num="7" count="4" type="stmt"/>
        <line num="9" count="20" type="stmt"/>
        <line num="11" count="20" type="stmt"/>
        <line num="12" count="20" type="stmt"/>
        <line num="13" count="20" type="stmt"/>
        <line num="16" count="20" type="stmt"/>
        <line num="24" count="20" type="stmt"/>
        <line num="25" count="20" type="stmt"/>
        <line num="26" count="16" type="stmt"/>
        <line num="30" count="20" type="stmt"/>
        <line num="32" count="20" type="stmt"/>
        <line num="36" count="4" type="stmt"/>
        <line num="39" count="1" type="stmt"/>
        <line num="40" count="11" type="stmt"/>
        <line num="42" count="6" type="stmt"/>
        <line num="44" count="6" type="stmt"/>
        <line num="45" count="4" type="stmt"/>
        <line num="48" count="4" type="stmt"/>
        <line num="51" count="4" type="stmt"/>
        <line num="54" count="4" type="stmt"/>
      </file>
    </package>
    <package name="src.lib">
      <metrics statements="4" coveredstatements="4" conditionals="0" coveredconditionals="0" methods="1" coveredmethods="1"/>
      <file name="utils.ts" path="C:\Users\29791155\Desktop\Vernera mape\Workspaces\ReactWorkspace2\react-project-3 (3)\pokemon-evolution-tree-explorer\pokemon-evolution-tree-explorer\src\lib\utils.ts">
        <metrics statements="4" coveredstatements="4" conditionals="0" coveredconditionals="0" methods="1" coveredmethods="1"/>
        <line num="1" count="19" type="stmt"/>
        <line num="2" count="19" type="stmt"/>
        <line num="4" count="19" type="stmt"/>
        <line num="5" count="3677" type="stmt"/>
      </file>
    </package>
    <package name="src.screens.dashboard">
      <metrics statements="21" coveredstatements="21" conditionals="0" coveredconditionals="0" methods="7" coveredmethods="7"/>
      <file name="index.tsx" path="C:\Users\29791155\Desktop\Vernera mape\Workspaces\ReactWorkspace2\react-project-3 (3)\pokemon-evolution-tree-explorer\pokemon-evolution-tree-explorer\src\screens\dashboard\index.tsx">
        <metrics statements="21" coveredstatements="21" conditionals="0" coveredconditionals="0" methods="7" coveredmethods="7"/>
        <line num="2" count="1" type="stmt"/>
        <line num="3" count="1" type="stmt"/>
        <line num="4" count="1" type="stmt"/>
        <line num="5" count="1" type="stmt"/>
        <line num="6" count="1" type="stmt"/>
        <line num="7" count="1" type="stmt"/>
        <line num="10" count="1" type="stmt"/>
        <line num="17" count="1" type="stmt"/>
        <line num="24" count="1" type="stmt"/>
        <line num="47" count="1" type="stmt"/>
        <line num="48" count="8" type="stmt"/>
        <line num="51" count="8" type="stmt"/>
        <line num="52" count="2" type="stmt"/>
        <line num="55" count="8" type="stmt"/>
        <line num="68" count="32" type="stmt"/>
        <line num="72" count="1" type="stmt"/>
        <line num="92" count="32" type="stmt"/>
        <line num="96" count="1" type="stmt"/>
        <line num="117" count="32" type="stmt"/>
        <line num="118" count="32" type="stmt"/>
        <line num="138" count="1" type="stmt"/>
      </file>
    </package>
    <package name="src.screens.layout">
      <metrics statements="9" coveredstatements="9" conditionals="0" coveredconditionals="0" methods="2" coveredmethods="2"/>
      <file name="index.tsx" path="C:\Users\29791155\Desktop\Vernera mape\Workspaces\ReactWorkspace2\react-project-3 (3)\pokemon-evolution-tree-explorer\pokemon-evolution-tree-explorer\src\screens\layout\index.tsx">
        <metrics statements="9" coveredstatements="9" conditionals="0" coveredconditionals="0" methods="2" coveredmethods="2"/>
        <line num="1" count="1" type="stmt"/>
        <line num="3" count="1" type="stmt"/>
        <line num="4" count="1" type="stmt"/>
        <line num="5" count="1" type="stmt"/>
        <line num="6" count="1" type="stmt"/>
        <line num="10" count="11" type="stmt"/>
        <line num="11" count="11" type="stmt"/>
        <line num="22" count="1" type="stmt"/>
        <line num="77" count="1" type="stmt"/>
      </file>
    </package>
    <package name="src.screens.layout.search">
      <metrics statements="15" coveredstatements="15" conditionals="2" coveredconditionals="2" methods="3" coveredmethods="3"/>
      <file name="index.tsx" path="C:\Users\29791155\Desktop\Vernera mape\Workspaces\ReactWorkspace2\react-project-3 (3)\pokemon-evolution-tree-explorer\pokemon-evolution-tree-explorer\src\screens\layout\search\index.tsx">
        <metrics statements="15" coveredstatements="15" conditionals="2" coveredconditionals="2" methods="3" coveredmethods="3"/>
        <line num="1" count="2" type="stmt"/>
        <line num="2" count="2" type="stmt"/>
        <line num="3" count="2" type="stmt"/>
        <line num="4" count="2" type="stmt"/>
        <line num="6" count="2" type="stmt"/>
        <line num="8" count="2" type="stmt"/>
        <line num="9" count="59" type="stmt"/>
        <line num="10" count="59" type="stmt"/>
        <line num="12" count="59" type="stmt"/>
        <line num="13" count="6" type="cond" truecount="2" falsecount="0"/>
        <line num="14" count="4" type="stmt"/>
        <line num="15" count="4" type="stmt"/>
        <line num="19" count="59" type="stmt"/>
        <line num="26" count="35" type="stmt"/>
        <line num="53" count="2" type="stmt"/>
      </file>
    </package>
    <package name="src.screens.pokemonDetail">
      <metrics statements="45" coveredstatements="45" conditionals="53" coveredconditionals="53" methods="16" coveredmethods="16"/>
      <file name="index.tsx" path="C:\Users\29791155\Desktop\Vernera mape\Workspaces\ReactWorkspace2\react-project-3 (3)\pokemon-evolution-tree-explorer\pokemon-evolution-tree-explorer\src\screens\pokemonDetail\index.tsx">
        <metrics statements="45" coveredstatements="45" conditionals="53" coveredconditionals="53" methods="16" coveredmethods="16"/>
        <line num="1" count="1" type="stmt"/>
        <line num="2" count="1" type="stmt"/>
        <line num="3" count="1" type="stmt"/>
        <line num="4" count="1" type="stmt"/>
        <line num="5" count="1" type="stmt"/>
        <line num="6" count="1" type="stmt"/>
        <line num="7" count="1" type="stmt"/>
        <line num="8" count="1" type="stmt"/>
        <line num="12" count="1" type="stmt"/>
        <line num="15" count="25" type="stmt"/>
        <line num="16" count="25" type="stmt"/>
        <line num="17" count="25" type="stmt"/>
        <line num="18" count="20" type="stmt"/>
        <line num="20" count="25" type="stmt"/>
        <line num="23" count="1" type="stmt"/>
        <line num="24" count="12" type="stmt"/>
        <line num="25" count="12" type="stmt"/>
        <line num="27" count="12" type="stmt"/>
        <line num="28" count="12" type="stmt"/>
        <line num="31" count="12" type="stmt"/>
        <line num="32" count="12" type="stmt"/>
        <line num="34" count="12" type="stmt"/>
        <line num="35" count="2" type="stmt"/>
        <line num="36" count="2" type="stmt"/>
        <line num="39" count="12" type="cond" truecount="4" falsecount="0"/>
        <line num="40" count="28" type="cond" truecount="12" falsecount="0"/>
        <line num="41" count="25" type="cond" truecount="4" falsecount="0"/>
        <line num="44" count="12" type="stmt"/>
        <line num="48" count="7" type="stmt"/>
        <line num="50" count="7" type="stmt"/>
        <line num="51" count="7" type="cond" truecount="2" falsecount="0"/>
        <line num="52" count="5" type="stmt"/>
        <line num="53" count="5" type="stmt"/>
        <line num="54" count="5" type="cond" truecount="4" falsecount="0"/>
        <line num="55" count="5" type="cond" truecount="2" falsecount="0"/>
        <line num="58" count="7" type="stmt"/>
        <line num="59" count="7" type="stmt"/>
        <line num="60" count="7" type="stmt"/>
        <line num="64" count="12" type="cond" truecount="2" falsecount="0"/>
        <line num="65" count="11" type="cond" truecount="2" falsecount="0"/>
        <line num="67" count="10" type="stmt"/>
        <line num="72" count="10" type="stmt"/>
        <line num="77" count="10" type="stmt"/>
        <line num="101" count="10" type="stmt"/>
        <line num="116" count="1" type="stmt"/>
      </file>
    </package>
    <package name="src.screens.pokemonDetail.compactEvolutionChainNode">
      <metrics statements="7" coveredstatements="7" conditionals="2" coveredconditionals="2" methods="2" coveredmethods="2"/>
      <file name="index.tsx" path="C:\Users\29791155\Desktop\Vernera mape\Workspaces\ReactWorkspace2\react-project-3 (3)\pokemon-evolution-tree-explorer\pokemon-evolution-tree-explorer\src\screens\pokemonDetail\compactEvolutionChainNode\index.tsx">
        <metrics statements="7" coveredstatements="7" conditionals="2" coveredconditionals="2" methods="2" coveredmethods="2"/>
        <line num="1" count="2" type="stmt"/>
        <line num="2" count="2" type="stmt"/>
        <line num="5" count="2" type="stmt"/>
        <line num="11" count="65" type="stmt"/>
        <line num="13" count="65" type="stmt"/>
        <line num="25" count="52" type="stmt"/>
        <line num="38" count="2" type="stmt"/>
      </file>
    </package>
    <package name="src.screens.pokemonDetail.compactPokemonCard">
      <metrics statements="13" coveredstatements="13" conditionals="2" coveredconditionals="2" methods="2" coveredmethods="2"/>
      <file name="index.tsx" path="C:\Users\29791155\Desktop\Vernera mape\Workspaces\ReactWorkspace2\react-project-3 (3)\pokemon-evolution-tree-explorer\pokemon-evolution-tree-explorer\src\screens\pokemonDetail\compactPokemonCard\index.tsx">
        <metrics statements="12" coveredstatements="12" conditionals="2" coveredconditionals="2" methods="2" coveredmethods="2"/>
        <line num="2" count="3" type="stmt"/>
        <line num="3" count="3" type="stmt"/>
        <line num="4" count="3" type="stmt"/>
        <line num="5" count="3" type="stmt"/>
        <line num="6" count="3" type="stmt"/>
        <line num="8" count="3" type="stmt"/>
        <line num="9" count="72" type="cond" truecount="2" falsecount="0"/>
        <line num="10" count="72" type="stmt"/>
        <line num="11" count="72" type="stmt"/>
        <line num="13" count="72" type="stmt"/>
        <line num="19" count="3" type="stmt"/>
        <line num="44" count="3" type="stmt"/>
      </file>
      <file name="styles.ts" path="C:\Users\29791155\Desktop\Vernera mape\Workspaces\ReactWorkspace2\react-project-3 (3)\pokemon-evolution-tree-explorer\pokemon-evolution-tree-explorer\src\screens\pokemonDetail\compactPokemonCard\styles.ts">
        <metrics statements="1" coveredstatements="1" conditionals="0" coveredconditionals="0" methods="0" coveredmethods="0"/>
        <line num="2" count="3" type="stmt"/>
      </file>
    </package>
    <package name="src.screens.pokemonDetail.evolutionChainNode">
      <metrics statements="6" coveredstatements="6" conditionals="2" coveredconditionals="2" methods="2" coveredmethods="2"/>
      <file name="index.tsx" path="C:\Users\29791155\Desktop\Vernera mape\Workspaces\ReactWorkspace2\react-project-3 (3)\pokemon-evolution-tree-explorer\pokemon-evolution-tree-explorer\src\screens\pokemonDetail\evolutionChainNode\index.tsx">
        <metrics statements="6" coveredstatements="6" conditionals="2" coveredconditionals="2" methods="2" coveredmethods="2"/>
        <line num="1" count="2" type="stmt"/>
        <line num="2" count="2" type="stmt"/>
        <line num="7" count="2" type="stmt"/>
        <line num="8" count="65" type="stmt"/>
        <line num="16" count="52" type="stmt"/>
        <line num="28" count="2" type="stmt"/>
      </file>
    </package>
    <package name="src.screens.pokemonDetail.evolutionChainNodeArrow">
      <metrics statements="4" coveredstatements="4" conditionals="7" coveredconditionals="7" methods="1" coveredmethods="1"/>
      <file name="index.tsx" path="C:\Users\29791155\Desktop\Vernera mape\Workspaces\ReactWorkspace2\react-project-3 (3)\pokemon-evolution-tree-explorer\pokemon-evolution-tree-explorer\src\screens\pokemonDetail\evolutionChainNodeArrow\index.tsx">
        <metrics statements="4" coveredstatements="4" conditionals="7" coveredconditionals="7" methods="1" coveredmethods="1"/>
        <line num="1" count="3" type="stmt"/>
        <line num="4" count="3" type="stmt"/>
        <line num="6" count="57" type="stmt"/>
        <line num="37" count="3" type="stmt"/>
      </file>
    </package>
    <package name="src.screens.pokemonDetail.pokemonCard">
      <metrics statements="11" coveredstatements="11" conditionals="2" coveredconditionals="2" methods="1" coveredmethods="1"/>
      <file name="index.tsx" path="C:\Users\29791155\Desktop\Vernera mape\Workspaces\ReactWorkspace2\react-project-3 (3)\pokemon-evolution-tree-explorer\pokemon-evolution-tree-explorer\src\screens\pokemonDetail\pokemonCard\index.tsx">
        <metrics statements="10" coveredstatements="10" conditionals="2" coveredconditionals="2" methods="1" coveredmethods="1"/>
        <line num="1" count="3" type="stmt"/>
        <line num="2" count="3" type="stmt"/>
        <line num="3" count="3" type="stmt"/>
        <line num="5" count="3" type="stmt"/>
        <line num="7" count="3" type="stmt"/>
        <line num="9" count="85" type="cond" truecount="2" falsecount="0"/>
        <line num="10" count="85" type="stmt"/>
        <line num="11" count="85" type="stmt"/>
        <line num="13" count="85" type="stmt"/>
        <line num="58" count="3" type="stmt"/>
      </file>
      <file name="styles.ts" path="C:\Users\29791155\Desktop\Vernera mape\Workspaces\ReactWorkspace2\react-project-3 (3)\pokemon-evolution-tree-explorer\pokemon-evolution-tree-explorer\src\screens\pokemonDetail\pokemonCard\styles.ts">
        <metrics statements="1" coveredstatements="1" conditionals="0" coveredconditionals="0" methods="0" coveredmethods="0"/>
        <line num="2" count="3" type="stmt"/>
      </file>
    </package>
  </project>
</coverage>
