<?xml version="1.0" encoding="UTF-8"?>
<coverage generated="1768751604481" clover="3.2.0">
  <project timestamp="1768751604481" name="All files">
    <metrics statements="454" coveredstatements="430" conditionals="274" coveredconditionals="217" methods="112" coveredmethods="106" elements="840" coveredelements="753" complexity="0" loc="454" ncloc="454" packages="15" files="28" classes="28"/>
    <package name="src">
      <metrics statements="10" coveredstatements="0" conditionals="0" coveredconditionals="0" methods="2" coveredmethods="0"/>
      <file name="App.tsx" path="C:\Users\29791155\Desktop\Vernera mape\Workspaces\ReactWorkspace2\react-project-3 (3)\pokemon-evolution-tree-explorer\pokemon-evolution-tree-explorer\src\App.tsx">
        <metrics statements="4" coveredstatements="0" conditionals="0" coveredconditionals="0" methods="1" coveredmethods="0"/>
        <line num="1" count="0" type="stmt"/>
        <line num="2" count="0" type="stmt"/>
        <line num="5" count="0" type="stmt"/>
        <line num="8" count="0" type="stmt"/>
      </file>
      <file name="routes.tsx" path="C:\Users\29791155\Desktop\Vernera mape\Workspaces\ReactWorkspace2\react-project-3 (3)\pokemon-evolution-tree-explorer\pokemon-evolution-tree-explorer\src\routes.tsx">
        <metrics statements="6" coveredstatements="0" conditionals="0" coveredconditionals="0" methods="1" coveredmethods="0"/>
        <line num="1" count="0" type="stmt"/>
        <line num="2" count="0" type="stmt"/>
        <line num="3" count="0" type="stmt"/>
        <line num="4" count="0" type="stmt"/>
        <line num="7" count="0" type="stmt"/>
        <line num="20" count="0" type="stmt"/>
      </file>
    </package>
    <package name="src.api">
      <metrics statements="2" coveredstatements="0" conditionals="0" coveredconditionals="0" methods="0" coveredmethods="0"/>
      <file name="api.ts" path="C:\Users\29791155\Desktop\Vernera mape\Workspaces\ReactWorkspace2\react-project-3 (3)\pokemon-evolution-tree-explorer\pokemon-evolution-tree-explorer\src\api\api.ts">
        <metrics statements="2" coveredstatements="0" conditionals="0" coveredconditionals="0" methods="0" coveredmethods="0"/>
        <line num="1" count="0" type="stmt"/>
        <line num="3" count="0" type="stmt"/>
      </file>
    </package>
    <package name="src.api.services.pokemon">
      <metrics statements="11" coveredstatements="10" conditionals="0" coveredconditionals="0" methods="3" coveredmethods="3"/>
      <file name="index.ts" path="C:\Users\29791155\Desktop\Vernera mape\Workspaces\ReactWorkspace2\react-project-3 (3)\pokemon-evolution-tree-explorer\pokemon-evolution-tree-explorer\src\api\services\pokemon\index.ts">
        <metrics statements="1" coveredstatements="0" conditionals="0" coveredconditionals="0" methods="0" coveredmethods="0"/>
        <line num="1" count="0" type="stmt"/>
      </file>
      <file name="pokemon.service.ts" path="C:\Users\29791155\Desktop\Vernera mape\Workspaces\ReactWorkspace2\react-project-3 (3)\pokemon-evolution-tree-explorer\pokemon-evolution-tree-explorer\src\api\services\pokemon\pokemon.service.ts">
        <metrics statements="10" coveredstatements="10" conditionals="0" coveredconditionals="0" methods="3" coveredmethods="3"/>
        <line num="1" count="1" type="stmt"/>
        <line num="3" count="1" type="stmt"/>
        <line num="4" count="2" type="stmt"/>
        <line num="5" count="2" type="stmt"/>
        <line num="8" count="1" type="stmt"/>
        <line num="9" count="2" type="stmt"/>
        <line num="10" count="2" type="stmt"/>
        <line num="13" count="1" type="stmt"/>
        <line num="14" count="3" type="stmt"/>
        <line num="15" count="3" type="stmt"/>
      </file>
    </package>
    <package name="src.components.ui">
      <metrics statements="270" coveredstatements="260" conditionals="131" coveredconditionals="98" methods="64" coveredmethods="61"/>
      <file name="badge.tsx" path="C:\Users\29791155\Desktop\Vernera mape\Workspaces\ReactWorkspace2\react-project-3 (3)\pokemon-evolution-tree-explorer\pokemon-evolution-tree-explorer\src\components\ui\badge.tsx">
        <metrics statements="9" coveredstatements="9" conditionals="3" coveredconditionals="3" methods="1" coveredmethods="1"/>
        <line num="2" count="5" type="stmt"/>
        <line num="3" count="5" type="stmt"/>
        <line num="5" count="5" type="stmt"/>
        <line num="7" count="5" type="stmt"/>
        <line num="31" count="84" type="cond" truecount="1" falsecount="0"/>
        <line num="32" count="84" type="stmt"/>
        <line num="35" count="84" type="cond" truecount="2" falsecount="0"/>
        <line num="37" count="84" type="stmt"/>
        <line num="47" count="5" type="stmt"/>
      </file>
      <file name="button.tsx" path="C:\Users\29791155\Desktop\Vernera mape\Workspaces\ReactWorkspace2\react-project-3 (3)\pokemon-evolution-tree-explorer\pokemon-evolution-tree-explorer\src\components\ui\button.tsx">
        <metrics statements="9" coveredstatements="9" conditionals="3" coveredconditionals="3" methods="1" coveredmethods="1"/>
        <line num="2" count="7" type="stmt"/>
        <line num="3" count="7" type="stmt"/>
        <line num="5" count="7" type="stmt"/>
        <line num="7" count="7" type="stmt"/>
        <line num="51" count="468" type="cond" truecount="1" falsecount="0"/>
        <line num="52" count="468" type="stmt"/>
        <line num="57" count="468" type="cond" truecount="2" falsecount="0"/>
        <line num="59" count="468" type="stmt"/>
        <line num="69" count="7" type="stmt"/>
      </file>
      <file name="card.tsx" path="C:\Users\29791155\Desktop\Vernera mape\Workspaces\ReactWorkspace2\react-project-3 (3)\pokemon-evolution-tree-explorer\pokemon-evolution-tree-explorer\src\components\ui\card.tsx">
        <metrics statements="25" coveredstatements="25" conditionals="0" coveredconditionals="0" methods="7" coveredmethods="7"/>
        <line num="2" count="6" type="stmt"/>
        <line num="3" count="6" type="stmt"/>
        <line num="5" count="6" type="stmt"/>
        <line num="31" count="134" type="stmt"/>
        <line num="32" count="134" type="stmt"/>
        <line num="34" count="134" type="stmt"/>
        <line num="43" count="74" type="stmt"/>
        <line num="44" count="74" type="stmt"/>
        <line num="56" count="74" type="stmt"/>
        <line num="57" count="74" type="stmt"/>
        <line num="66" count="29" type="stmt"/>
        <line num="67" count="29" type="stmt"/>
        <line num="76" count="5" type="stmt"/>
        <line num="77" count="5" type="stmt"/>
        <line num="89" count="109" type="stmt"/>
        <line num="90" count="109" type="stmt"/>
        <line num="99" count="50" type="stmt"/>
        <line num="100" count="50" type="stmt"/>
        <line num="110" count="6" type="stmt"/>
        <line num="111" count="6" type="stmt"/>
        <line num="112" count="6" type="stmt"/>
        <line num="113" count="6" type="stmt"/>
        <line num="114" count="6" type="stmt"/>
        <line num="115" count="6" type="stmt"/>
        <line num="116" count="6" type="stmt"/>
      </file>
      <file name="carousel.tsx" path="C:\Users\29791155\Desktop\Vernera mape\Workspaces\ReactWorkspace2\react-project-3 (3)\pokemon-evolution-tree-explorer\pokemon-evolution-tree-explorer\src\components\ui\carousel.tsx">
        <metrics statements="118" coveredstatements="108" conditionals="108" coveredconditionals="75" methods="28" coveredmethods="25"/>
        <line num="1" count="3" type="stmt"/>
        <line num="2" count="3" type="stmt"/>
        <line num="5" count="3" type="stmt"/>
        <line num="6" count="3" type="stmt"/>
        <line num="8" count="3" type="stmt"/>
        <line num="9" count="3" type="stmt"/>
        <line num="32" count="3" type="stmt"/>
        <line num="35" count="226" type="stmt"/>
        <line num="37" count="226" type="cond" truecount="2" falsecount="0"/>
        <line num="38" count="2" type="stmt"/>
        <line num="41" count="224" type="stmt"/>
        <line num="50" count="62" type="stmt"/>
        <line num="51" count="62" type="stmt"/>
        <line num="53" count="62" type="stmt"/>
        <line num="60" count="62" type="stmt"/>
        <line num="61" count="62" type="stmt"/>
        <line num="63" count="62" type="stmt"/>
        <line num="64" count="39" type="cond" truecount="1" falsecount="1"/>
        <line num="65" count="39" type="stmt"/>
        <line num="66" count="39" type="stmt"/>
        <line num="69" count="62" type="stmt"/>
        <line num="70" count="3" type="cond" truecount="3" falsecount="1"/>
        <line num="73" count="62" type="stmt"/>
        <line num="74" count="3" type="cond" truecount="3" falsecount="1"/>
        <line num="77" count="62" type="stmt"/>
        <line num="79" count="4" type="cond" truecount="4" falsecount="0"/>
        <line num="80" count="2" type="stmt"/>
        <line num="81" count="2" type="stmt"/>
        <line num="82" count="2" type="cond" truecount="3" falsecount="1"/>
        <line num="83" count="2" type="stmt"/>
        <line num="84" count="2" type="stmt"/>
        <line num="90" count="62" type="stmt"/>
        <line num="91" count="25" type="cond" truecount="4" falsecount="0"/>
        <line num="92" count="15" type="stmt"/>
        <line num="95" count="62" type="stmt"/>
        <line num="96" count="27" type="stmt"/>
        <line num="97" count="27" type="cond" truecount="4" falsecount="2"/>
        <line num="98" count="27" type="stmt"/>
        <line num="102" count="62" type="stmt"/>
        <line num="103" count="25" type="cond" truecount="1" falsecount="1"/>
        <line num="104" count="25" type="stmt"/>
        <line num="105" count="25" type="stmt"/>
        <line num="106" count="25" type="stmt"/>
        <line num="108" count="25" type="stmt"/>
        <line num="109" count="25" type="cond" truecount="3" falsecount="1"/>
        <line num="110" count="25" type="cond" truecount="3" falsecount="1"/>
        <line num="111" count="25" type="cond" truecount="3" falsecount="1"/>
        <line num="115" count="62" type="stmt"/>
        <line num="149" count="54" type="stmt"/>
        <line num="150" count="54" type="stmt"/>
        <line num="151" count="54" type="stmt"/>
        <line num="152" count="54" type="stmt"/>
        <line num="154" count="54" type="stmt"/>
        <line num="156" count="25" type="cond" truecount="1" falsecount="1"/>
        <line num="159" count="25" type="stmt"/>
        <line num="160" count="64" type="stmt"/>
        <line num="163" count="64" type="cond" truecount="1" falsecount="1"/>
        <line num="166" count="0" type="stmt"/>
        <line num="168" count="0" type="stmt"/>
        <line num="169" count="0" type="stmt"/>
        <line num="171" count="0" type="stmt"/>
        <line num="173" count="0" type="stmt"/>
        <line num="174" count="0" type="stmt"/>
        <line num="176" count="0" type="cond" truecount="0" falsecount="2"/>
        <line num="177" count="0" type="cond" truecount="0" falsecount="2"/>
        <line num="181" count="0" type="stmt"/>
        <line num="182" count="0" type="stmt"/>
        <line num="187" count="25" type="stmt"/>
        <line num="188" count="25" type="stmt"/>
        <line num="189" count="25" type="stmt"/>
        <line num="192" count="25" type="stmt"/>
        <line num="193" count="25" type="stmt"/>
        <line num="194" count="25" type="stmt"/>
        <line num="198" count="54" type="stmt"/>
        <line num="224" count="100" type="stmt"/>
        <line num="226" count="100" type="stmt"/>
        <line num="245" count="54" type="cond" truecount="0" falsecount="1"/>
        <line num="246" count="54" type="stmt"/>
        <line num="248" count="54" type="stmt"/>
        <line num="250" count="54" type="stmt"/>
        <line num="261" count="54" type="cond" truecount="1" falsecount="1"/>
        <line num="263" count="54" type="stmt"/>
        <line num="291" count="57" type="cond" truecount="1" falsecount="0"/>
        <line num="292" count="56" type="stmt"/>
        <line num="294" count="56" type="stmt"/>
        <line num="296" count="54" type="stmt"/>
        <line num="307" count="54" type="cond" truecount="1" falsecount="1"/>
        <line num="309" count="54" type="stmt"/>
        <line num="333" count="3" type="stmt"/>
        <line num="355" count="62" type="stmt"/>
        <line num="356" count="62" type="stmt"/>
        <line num="361" count="62" type="stmt"/>
        <line num="362" count="62" type="stmt"/>
        <line num="363" count="62" type="stmt"/>
        <line num="366" count="62" type="stmt"/>
        <line num="367" count="25" type="cond" truecount="1" falsecount="1"/>
        <line num="370" count="25" type="stmt"/>
        <line num="371" count="25" type="stmt"/>
        <line num="374" count="37" type="stmt"/>
        <line num="377" count="25" type="stmt"/>
        <line num="380" count="25" type="stmt"/>
        <line num="381" count="25" type="stmt"/>
        <line num="386" count="62" type="stmt"/>
        <line num="388" count="1" type="cond" truecount="3" falsecount="1"/>
        <line num="392" count="62" type="stmt"/>
        <line num="393" count="248" type="cond" truecount="2" falsecount="0"/>
        <line num="394" count="248" type="stmt"/>
        <line num="398" count="62" type="cond" truecount="1" falsecount="1"/>
        <line num="400" count="62" type="stmt"/>
        <line num="415" count="248" type="stmt"/>
        <line num="417" count="248" type="stmt"/>
        <line num="420" count="1" type="stmt"/>
        <line num="441" count="3" type="stmt"/>
        <line num="442" count="3" type="stmt"/>
        <line num="443" count="3" type="stmt"/>
        <line num="444" count="3" type="stmt"/>
        <line num="445" count="3" type="stmt"/>
        <line num="446" count="3" type="stmt"/>
      </file>
      <file name="dialog.tsx" path="C:\Users\29791155\Desktop\Vernera mape\Workspaces\ReactWorkspace2\react-project-3 (3)\pokemon-evolution-tree-explorer\pokemon-evolution-tree-explorer\src\components\ui\dialog.tsx">
        <metrics statements="37" coveredstatements="37" conditionals="3" coveredconditionals="3" methods="10" coveredmethods="10"/>
        <line num="4" count="3" type="stmt"/>
        <line num="5" count="3" type="stmt"/>
        <line num="7" count="3" type="stmt"/>
        <line num="10" count="44" type="stmt"/>
        <line num="12" count="44" type="stmt"/>
        <line num="16" count="9" type="stmt"/>
        <line num="18" count="9" type="stmt"/>
        <line num="22" count="44" type="stmt"/>
        <line num="24" count="44" type="stmt"/>
        <line num="28" count="6" type="stmt"/>
        <line num="30" count="6" type="stmt"/>
        <line num="34" count="14" type="stmt"/>
        <line num="35" count="14" type="stmt"/>
        <line num="37" count="14" type="stmt"/>
        <line num="52" count="44" type="cond" truecount="1" falsecount="0"/>
        <line num="53" count="44" type="stmt"/>
        <line num="57" count="44" type="stmt"/>
        <line num="83" count="9" type="stmt"/>
        <line num="84" count="9" type="stmt"/>
        <line num="93" count="6" type="stmt"/>
        <line num="94" count="6" type="stmt"/>
        <line num="107" count="9" type="stmt"/>
        <line num="108" count="9" type="stmt"/>
        <line num="110" count="9" type="stmt"/>
        <line num="120" count="9" type="stmt"/>
        <line num="121" count="9" type="stmt"/>
        <line num="123" count="9" type="stmt"/>
        <line num="133" count="3" type="stmt"/>
        <line num="134" count="3" type="stmt"/>
        <line num="135" count="3" type="stmt"/>
        <line num="136" count="3" type="stmt"/>
        <line num="137" count="3" type="stmt"/>
        <line num="138" count="3" type="stmt"/>
        <line num="139" count="3" type="stmt"/>
        <line num="140" count="3" type="stmt"/>
        <line num="141" count="3" type="stmt"/>
        <line num="142" count="3" type="stmt"/>
      </file>
      <file name="input.tsx" path="C:\Users\29791155\Desktop\Vernera mape\Workspaces\ReactWorkspace2\react-project-3 (3)\pokemon-evolution-tree-explorer\pokemon-evolution-tree-explorer\src\components\ui\input.tsx">
        <metrics statements="4" coveredstatements="4" conditionals="0" coveredconditionals="0" methods="1" coveredmethods="1"/>
        <line num="3" count="3" type="stmt"/>
        <line num="5" count="64" type="stmt"/>
        <line num="6" count="64" type="stmt"/>
        <line num="21" count="3" type="stmt"/>
      </file>
      <file name="item.tsx" path="C:\Users\29791155\Desktop\Vernera mape\Workspaces\ReactWorkspace2\react-project-3 (3)\pokemon-evolution-tree-explorer\pokemon-evolution-tree-explorer\src\components\ui\item.tsx">
        <metrics statements="40" coveredstatements="40" conditionals="6" coveredconditionals="6" methods="10" coveredmethods="10"/>
        <line num="2" count="2" type="stmt"/>
        <line num="3" count="2" type="stmt"/>
        <line num="5" count="2" type="stmt"/>
        <line num="6" count="2" type="stmt"/>
        <line num="8" count="10" type="stmt"/>
        <line num="9" count="10" type="stmt"/>
        <line num="20" count="1" type="stmt"/>
        <line num="21" count="1" type="stmt"/>
        <line num="23" count="1" type="stmt"/>
        <line num="33" count="2" type="stmt"/>
        <line num="58" count="46" type="cond" truecount="1" falsecount="0"/>
        <line num="59" count="46" type="stmt"/>
        <line num="62" count="46" type="cond" truecount="2" falsecount="0"/>
        <line num="63" count="46" type="stmt"/>
        <line num="74" count="2" type="stmt"/>
        <line num="93" count="40" type="cond" truecount="1" falsecount="0"/>
        <line num="94" count="40" type="stmt"/>
        <line num="96" count="40" type="stmt"/>
        <line num="106" count="38" type="stmt"/>
        <line num="107" count="38" type="stmt"/>
        <line num="119" count="38" type="stmt"/>
        <line num="120" count="38" type="stmt"/>
        <line num="132" count="38" type="stmt"/>
        <line num="133" count="38" type="stmt"/>
        <line num="146" count="6" type="stmt"/>
        <line num="147" count="6" type="stmt"/>
        <line num="156" count="6" type="stmt"/>
        <line num="157" count="6" type="stmt"/>
        <line num="169" count="6" type="stmt"/>
        <line num="170" count="6" type="stmt"/>
        <line num="183" count="2" type="stmt"/>
        <line num="184" count="2" type="stmt"/>
        <line num="185" count="2" type="stmt"/>
        <line num="186" count="2" type="stmt"/>
        <line num="187" count="2" type="stmt"/>
        <line num="188" count="2" type="stmt"/>
        <line num="189" count="2" type="stmt"/>
        <line num="190" count="2" type="stmt"/>
        <line num="191" count="2" type="stmt"/>
        <line num="192" count="2" type="stmt"/>
      </file>
      <file name="separator.tsx" path="C:\Users\29791155\Desktop\Vernera mape\Workspaces\ReactWorkspace2\react-project-3 (3)\pokemon-evolution-tree-explorer\pokemon-evolution-tree-explorer\src\components\ui\separator.tsx">
        <metrics statements="6" coveredstatements="6" conditionals="2" coveredconditionals="2" methods="1" coveredmethods="1"/>
        <line num="2" count="3" type="stmt"/>
        <line num="4" count="3" type="stmt"/>
        <line num="9" count="8" type="cond" truecount="1" falsecount="0"/>
        <line num="10" count="8" type="stmt"/>
        <line num="12" count="8" type="stmt"/>
        <line num="26" count="3" type="stmt"/>
      </file>
      <file name="tooltip.tsx" path="C:\Users\29791155\Desktop\Vernera mape\Workspaces\ReactWorkspace2\react-project-3 (3)\pokemon-evolution-tree-explorer\pokemon-evolution-tree-explorer\src\components\ui\tooltip.tsx">
        <metrics statements="13" coveredstatements="13" conditionals="2" coveredconditionals="2" methods="4" coveredmethods="4"/>
        <line num="2" count="3" type="stmt"/>
        <line num="4" count="3" type="stmt"/>
        <line num="7" count="41" type="cond" truecount="1" falsecount="0"/>
        <line num="8" count="41" type="stmt"/>
        <line num="10" count="41" type="stmt"/>
        <line num="20" count="41" type="stmt"/>
        <line num="22" count="41" type="stmt"/>
        <line num="30" count="41" type="stmt"/>
        <line num="32" count="41" type="stmt"/>
        <line num="38" count="41" type="stmt"/>
        <line num="39" count="41" type="stmt"/>
        <line num="41" count="41" type="stmt"/>
        <line num="59" count="3" type="stmt"/>
      </file>
      <file name="typography.tsx" path="C:\Users\29791155\Desktop\Vernera mape\Workspaces\ReactWorkspace2\react-project-3 (3)\pokemon-evolution-tree-explorer\pokemon-evolution-tree-explorer\src\components\ui\typography.tsx">
        <metrics statements="9" coveredstatements="9" conditionals="4" coveredconditionals="4" methods="1" coveredmethods="1"/>
        <line num="2" count="9" type="stmt"/>
        <line num="3" count="9" type="stmt"/>
        <line num="5" count="9" type="stmt"/>
        <line num="22" count="9" type="stmt"/>
        <line num="53" count="609" type="cond" truecount="1" falsecount="0"/>
        <line num="54" count="609" type="stmt"/>
        <line num="59" count="609" type="cond" truecount="2" falsecount="0"/>
        <line num="60" count="609" type="stmt"/>
        <line num="69" count="9" type="stmt"/>
      </file>
    </package>
    <package name="src.hooks.pokemon">
      <metrics statements="24" coveredstatements="24" conditionals="26" coveredconditionals="24" methods="7" coveredmethods="7"/>
      <file name="getEvolutionChain.ts" path="C:\Users\29791155\Desktop\Vernera mape\Workspaces\ReactWorkspace2\react-project-3 (3)\pokemon-evolution-tree-explorer\pokemon-evolution-tree-explorer\src\hooks\pokemon\getEvolutionChain.ts">
        <metrics statements="24" coveredstatements="24" conditionals="26" coveredconditionals="24" methods="7" coveredmethods="7"/>
        <line num="1" count="1" type="stmt"/>
        <line num="2" count="1" type="stmt"/>
        <line num="7" count="1" type="stmt"/>
        <line num="10" count="4" type="stmt"/>
        <line num="12" count="20" type="stmt"/>
        <line num="14" count="20" type="stmt"/>
        <line num="15" count="20" type="stmt"/>
        <line num="18" count="20" type="stmt"/>
        <line num="26" count="20" type="cond" truecount="2" falsecount="0"/>
        <line num="27" count="16" type="stmt"/>
        <line num="31" count="20" type="stmt"/>
        <line num="32" count="20" type="stmt"/>
        <line num="33" count="16" type="stmt"/>
        <line num="37" count="20" type="stmt"/>
        <line num="39" count="20" type="stmt"/>
        <line num="43" count="4" type="stmt"/>
        <line num="46" count="1" type="stmt"/>
        <line num="47" count="11" type="stmt"/>
        <line num="49" count="6" type="stmt"/>
        <line num="51" count="6" type="stmt"/>
        <line num="52" count="4" type="stmt"/>
        <line num="55" count="4" type="stmt"/>
        <line num="58" count="4" type="stmt"/>
        <line num="61" count="4" type="stmt"/>
      </file>
    </package>
    <package name="src.lib">
      <metrics statements="4" coveredstatements="4" conditionals="0" coveredconditionals="0" methods="1" coveredmethods="1"/>
      <file name="utils.ts" path="C:\Users\29791155\Desktop\Vernera mape\Workspaces\ReactWorkspace2\react-project-3 (3)\pokemon-evolution-tree-explorer\pokemon-evolution-tree-explorer\src\lib\utils.ts">
        <metrics statements="4" coveredstatements="4" conditionals="0" coveredconditionals="0" methods="1" coveredmethods="1"/>
        <line num="1" count="17" type="stmt"/>
        <line num="2" count="17" type="stmt"/>
        <line num="4" count="17" type="stmt"/>
        <line num="5" count="2816" type="stmt"/>
      </file>
    </package>
    <package name="src.screens.PokemonDetail">
      <metrics statements="28" coveredstatements="28" conditionals="22" coveredconditionals="20" methods="6" coveredmethods="6"/>
      <file name="index.tsx" path="C:\Users\29791155\Desktop\Vernera mape\Workspaces\ReactWorkspace2\react-project-3 (3)\pokemon-evolution-tree-explorer\pokemon-evolution-tree-explorer\src\screens\PokemonDetail\index.tsx">
        <metrics statements="28" coveredstatements="28" conditionals="22" coveredconditionals="20" methods="6" coveredmethods="6"/>
        <line num="1" count="1" type="stmt"/>
        <line num="2" count="1" type="stmt"/>
        <line num="3" count="1" type="stmt"/>
        <line num="4" count="1" type="stmt"/>
        <line num="5" count="1" type="stmt"/>
        <line num="7" count="1" type="stmt"/>
        <line num="8" count="6" type="stmt"/>
        <line num="9" count="6" type="cond" truecount="1" falsecount="1"/>
        <line num="12" count="6" type="stmt"/>
        <line num="13" count="6" type="stmt"/>
        <line num="16" count="6" type="stmt"/>
        <line num="20" count="5" type="stmt"/>
        <line num="22" count="5" type="stmt"/>
        <line num="23" count="5" type="cond" truecount="2" falsecount="0"/>
        <line num="24" count="3" type="stmt"/>
        <line num="25" count="3" type="stmt"/>
        <line num="26" count="3" type="cond" truecount="4" falsecount="0"/>
        <line num="27" count="3" type="cond" truecount="2" falsecount="0"/>
        <line num="30" count="5" type="stmt"/>
        <line num="31" count="5" type="stmt"/>
        <line num="32" count="5" type="stmt"/>
        <line num="36" count="6" type="cond" truecount="2" falsecount="0"/>
        <line num="37" count="5" type="cond" truecount="2" falsecount="0"/>
        <line num="38" count="4" type="cond" truecount="3" falsecount="1"/>
        <line num="40" count="4" type="stmt"/>
        <line num="45" count="4" type="stmt"/>
        <line num="50" count="4" type="stmt"/>
        <line num="57" count="1" type="stmt"/>
      </file>
    </package>
    <package name="src.screens.PokemonDetail.compactEvolutionChainNode">
      <metrics statements="7" coveredstatements="7" conditionals="2" coveredconditionals="2" methods="2" coveredmethods="2"/>
      <file name="index.tsx" path="C:\Users\29791155\Desktop\Vernera mape\Workspaces\ReactWorkspace2\react-project-3 (3)\pokemon-evolution-tree-explorer\pokemon-evolution-tree-explorer\src\screens\PokemonDetail\compactEvolutionChainNode\index.tsx">
        <metrics statements="7" coveredstatements="7" conditionals="2" coveredconditionals="2" methods="2" coveredmethods="2"/>
        <line num="1" count="2" type="stmt"/>
        <line num="2" count="2" type="stmt"/>
        <line num="5" count="2" type="stmt"/>
        <line num="10" count="35" type="stmt"/>
        <line num="12" count="35" type="stmt"/>
        <line num="24" count="28" type="stmt"/>
        <line num="36" count="2" type="stmt"/>
      </file>
    </package>
    <package name="src.screens.PokemonDetail.compactPokemonCard">
      <metrics statements="32" coveredstatements="31" conditionals="34" coveredconditionals="25" methods="11" coveredmethods="10"/>
      <file name="index.tsx" path="C:\Users\29791155\Desktop\Vernera mape\Workspaces\ReactWorkspace2\react-project-3 (3)\pokemon-evolution-tree-explorer\pokemon-evolution-tree-explorer\src\screens\PokemonDetail\compactPokemonCard\index.tsx">
        <metrics statements="31" coveredstatements="30" conditionals="34" coveredconditionals="25" methods="11" coveredmethods="10"/>
        <line num="2" count="2" type="stmt"/>
        <line num="3" count="2" type="stmt"/>
        <line num="4" count="2" type="stmt"/>
        <line num="5" count="2" type="stmt"/>
        <line num="6" count="2" type="stmt"/>
        <line num="7" count="2" type="stmt"/>
        <line num="8" count="2" type="stmt"/>
        <line num="9" count="2" type="stmt"/>
        <line num="10" count="2" type="stmt"/>
        <line num="11" count="2" type="stmt"/>
        <line num="15" count="2" type="stmt"/>
        <line num="16" count="30" type="stmt"/>
        <line num="17" count="30" type="stmt"/>
        <line num="21" count="2" type="stmt"/>
        <line num="24" count="66" type="stmt"/>
        <line num="25" count="66" type="stmt"/>
        <line num="26" count="66" type="stmt"/>
        <line num="27" count="36" type="stmt"/>
        <line num="29" count="66" type="stmt"/>
        <line num="32" count="2" type="stmt"/>
        <line num="33" count="35" type="cond" truecount="10" falsecount="4"/>
        <line num="34" count="35" type="cond" truecount="2" falsecount="0"/>
        <line num="35" count="35" type="cond" truecount="10" falsecount="4"/>
        <line num="37" count="35" type="stmt"/>
        <line num="40" count="35" type="stmt"/>
        <line num="41" count="35" type="stmt"/>
        <line num="42" count="66" type="cond" truecount="1" falsecount="1"/>
        <line num="44" count="35" type="stmt"/>
        <line num="51" count="0" type="stmt"/>
        <line num="92" count="77" type="stmt"/>
        <line num="106" count="2" type="stmt"/>
      </file>
      <file name="styles.ts" path="C:\Users\29791155\Desktop\Vernera mape\Workspaces\ReactWorkspace2\react-project-3 (3)\pokemon-evolution-tree-explorer\pokemon-evolution-tree-explorer\src\screens\PokemonDetail\compactPokemonCard\styles.ts">
        <metrics statements="1" coveredstatements="1" conditionals="0" coveredconditionals="0" methods="0" coveredmethods="0"/>
        <line num="2" count="2" type="stmt"/>
      </file>
    </package>
    <package name="src.screens.PokemonDetail.evolutionChainNode">
      <metrics statements="6" coveredstatements="6" conditionals="14" coveredconditionals="11" methods="2" coveredmethods="2"/>
      <file name="index.tsx" path="C:\Users\29791155\Desktop\Vernera mape\Workspaces\ReactWorkspace2\react-project-3 (3)\pokemon-evolution-tree-explorer\pokemon-evolution-tree-explorer\src\screens\PokemonDetail\evolutionChainNode\index.tsx">
        <metrics statements="6" coveredstatements="6" conditionals="14" coveredconditionals="11" methods="2" coveredmethods="2"/>
        <line num="1" count="2" type="stmt"/>
        <line num="2" count="2" type="stmt"/>
        <line num="7" count="2" type="stmt"/>
        <line num="8" count="35" type="stmt"/>
        <line num="16" count="28" type="stmt"/>
        <line num="28" count="2" type="stmt"/>
      </file>
    </package>
    <package name="src.screens.PokemonDetail.evolutionChainNodeArrow">
      <metrics statements="4" coveredstatements="4" conditionals="7" coveredconditionals="6" methods="1" coveredmethods="1"/>
      <file name="index.tsx" path="C:\Users\29791155\Desktop\Vernera mape\Workspaces\ReactWorkspace2\react-project-3 (3)\pokemon-evolution-tree-explorer\pokemon-evolution-tree-explorer\src\screens\PokemonDetail\evolutionChainNodeArrow\index.tsx">
        <metrics statements="4" coveredstatements="4" conditionals="7" coveredconditionals="6" methods="1" coveredmethods="1"/>
        <line num="1" count="2" type="stmt"/>
        <line num="4" count="2" type="stmt"/>
        <line num="6" count="28" type="stmt"/>
        <line num="37" count="2" type="stmt"/>
      </file>
    </package>
    <package name="src.screens.PokemonDetail.pokemonCard">
      <metrics statements="11" coveredstatements="11" conditionals="36" coveredconditionals="29" methods="1" coveredmethods="1"/>
      <file name="index.tsx" path="C:\Users\29791155\Desktop\Vernera mape\Workspaces\ReactWorkspace2\react-project-3 (3)\pokemon-evolution-tree-explorer\pokemon-evolution-tree-explorer\src\screens\PokemonDetail\pokemonCard\index.tsx">
        <metrics statements="10" coveredstatements="10" conditionals="36" coveredconditionals="29" methods="1" coveredmethods="1"/>
        <line num="1" count="4" type="stmt"/>
        <line num="2" count="4" type="stmt"/>
        <line num="3" count="4" type="stmt"/>
        <line num="5" count="4" type="stmt"/>
        <line num="7" count="4" type="stmt"/>
        <line num="9" count="45" type="cond" truecount="13" falsecount="1"/>
        <line num="10" count="45" type="cond" truecount="2" falsecount="0"/>
        <line num="12" count="45" type="cond" truecount="10" falsecount="4"/>
        <line num="14" count="45" type="stmt"/>
        <line num="59" count="4" type="stmt"/>
      </file>
      <file name="styles.ts" path="C:\Users\29791155\Desktop\Vernera mape\Workspaces\ReactWorkspace2\react-project-3 (3)\pokemon-evolution-tree-explorer\pokemon-evolution-tree-explorer\src\screens\PokemonDetail\pokemonCard\styles.ts">
        <metrics statements="1" coveredstatements="1" conditionals="0" coveredconditionals="0" methods="0" coveredmethods="0"/>
        <line num="2" count="4" type="stmt"/>
      </file>
    </package>
    <package name="src.screens.dashboard">
      <metrics statements="21" coveredstatements="21" conditionals="0" coveredconditionals="0" methods="7" coveredmethods="7"/>
      <file name="index.tsx" path="C:\Users\29791155\Desktop\Vernera mape\Workspaces\ReactWorkspace2\react-project-3 (3)\pokemon-evolution-tree-explorer\pokemon-evolution-tree-explorer\src\screens\dashboard\index.tsx">
        <metrics statements="21" coveredstatements="21" conditionals="0" coveredconditionals="0" methods="7" coveredmethods="7"/>
        <line num="2" count="1" type="stmt"/>
        <line num="3" count="1" type="stmt"/>
        <line num="4" count="1" type="stmt"/>
        <line num="5" count="1" type="stmt"/>
        <line num="6" count="1" type="stmt"/>
        <line num="7" count="1" type="stmt"/>
        <line num="9" count="1" type="stmt"/>
        <line num="10" count="8" type="stmt"/>
        <line num="12" count="8" type="stmt"/>
        <line num="19" count="8" type="stmt"/>
        <line num="26" count="8" type="stmt"/>
        <line num="49" count="8" type="stmt"/>
        <line num="50" count="2" type="stmt"/>
        <line num="53" count="8" type="stmt"/>
        <line num="66" count="32" type="stmt"/>
        <line num="70" count="1" type="stmt"/>
        <line num="90" count="32" type="stmt"/>
        <line num="94" count="1" type="stmt"/>
        <line num="115" count="32" type="stmt"/>
        <line num="116" count="32" type="stmt"/>
        <line num="136" count="1" type="stmt"/>
      </file>
    </package>
    <package name="src.screens.layout">
      <metrics statements="9" coveredstatements="9" conditionals="0" coveredconditionals="0" methods="2" coveredmethods="2"/>
      <file name="index.tsx" path="C:\Users\29791155\Desktop\Vernera mape\Workspaces\ReactWorkspace2\react-project-3 (3)\pokemon-evolution-tree-explorer\pokemon-evolution-tree-explorer\src\screens\layout\index.tsx">
        <metrics statements="9" coveredstatements="9" conditionals="0" coveredconditionals="0" methods="2" coveredmethods="2"/>
        <line num="1" count="1" type="stmt"/>
        <line num="3" count="1" type="stmt"/>
        <line num="4" count="1" type="stmt"/>
        <line num="5" count="1" type="stmt"/>
        <line num="6" count="1" type="stmt"/>
        <line num="10" count="11" type="stmt"/>
        <line num="11" count="11" type="stmt"/>
        <line num="22" count="1" type="stmt"/>
        <line num="76" count="1" type="stmt"/>
      </file>
    </package>
    <package name="src.screens.layout.search">
      <metrics statements="15" coveredstatements="15" conditionals="2" coveredconditionals="2" methods="3" coveredmethods="3"/>
      <file name="index.tsx" path="C:\Users\29791155\Desktop\Vernera mape\Workspaces\ReactWorkspace2\react-project-3 (3)\pokemon-evolution-tree-explorer\pokemon-evolution-tree-explorer\src\screens\layout\search\index.tsx">
        <metrics statements="15" coveredstatements="15" conditionals="2" coveredconditionals="2" methods="3" coveredmethods="3"/>
        <line num="1" count="2" type="stmt"/>
        <line num="2" count="2" type="stmt"/>
        <line num="3" count="2" type="stmt"/>
        <line num="4" count="2" type="stmt"/>
        <line num="6" count="2" type="stmt"/>
        <line num="8" count="2" type="stmt"/>
        <line num="9" count="59" type="stmt"/>
        <line num="10" count="59" type="stmt"/>
        <line num="12" count="59" type="stmt"/>
        <line num="13" count="6" type="cond" truecount="2" falsecount="0"/>
        <line num="14" count="4" type="stmt"/>
        <line num="15" count="4" type="stmt"/>
        <line num="19" count="59" type="stmt"/>
        <line num="26" count="35" type="stmt"/>
        <line num="53" count="2" type="stmt"/>
      </file>
    </package>
  </project>
</coverage>
