{"C:\\Users\\29791155\\Desktop\\Vernera mape\\Workspaces\\ReactWorkspace2\\react-project-3 (3)\\pokemon-evolution-tree-explorer\\pokemon-evolution-tree-explorer\\src\\App.tsx": {"path":"C:\\Users\\29791155\\Desktop\\Vernera mape\\Workspaces\\ReactWorkspace2\\react-project-3 (3)\\pokemon-evolution-tree-explorer\\pokemon-evolution-tree-explorer\\src\\App.tsx","statementMap":{"0":{"start":{"line":1,"column":0},"end":{"line":1,"column":19}},"1":{"start":{"line":2,"column":0},"end":{"line":2,"column":33}},"2":{"start":{"line":5,"column":2},"end":{"line":5,"column":23}},"3":{"start":{"line":8,"column":0},"end":{"line":8,"column":19}}},"fnMap":{"0":{"name":"App","decl":{"start":{"line":4,"column":9},"end":{"line":4,"column":12}},"loc":{"start":{"line":4,"column":12},"end":{"line":6,"column":1}}}},"branchMap":{},"s":{"0":0,"1":0,"2":0,"3":0},"f":{"0":0},"b":{}}
,"C:\\Users\\29791155\\Desktop\\Vernera mape\\Workspaces\\ReactWorkspace2\\react-project-3 (3)\\pokemon-evolution-tree-explorer\\pokemon-evolution-tree-explorer\\src\\routes.tsx": {"path":"C:\\Users\\29791155\\Desktop\\Vernera mape\\Workspaces\\ReactWorkspace2\\react-project-3 (3)\\pokemon-evolution-tree-explorer\\pokemon-evolution-tree-explorer\\src\\routes.tsx","statementMap":{"0":{"start":{"line":1,"column":0},"end":{"line":1,"column":74}},"1":{"start":{"line":2,"column":0},"end":{"line":2,"column":44}},"2":{"start":{"line":3,"column":0},"end":{"line":3,"column":52}},"3":{"start":{"line":4,"column":0},"end":{"line":4,"column":38}},"4":{"start":{"line":7,"column":2},"end":{"line":17,"column":4}},"5":{"start":{"line":20,"column":0},"end":{"line":20,"column":25}}},"fnMap":{"0":{"name":"AppRouter","decl":{"start":{"line":6,"column":9},"end":{"line":6,"column":18}},"loc":{"start":{"line":6,"column":18},"end":{"line":18,"column":1}}}},"branchMap":{},"s":{"0":0,"1":0,"2":0,"3":0,"4":0,"5":0},"f":{"0":0},"b":{}}
,"C:\\Users\\29791155\\Desktop\\Vernera mape\\Workspaces\\ReactWorkspace2\\react-project-3 (3)\\pokemon-evolution-tree-explorer\\pokemon-evolution-tree-explorer\\src\\api\\api.ts": {"path":"C:\\Users\\29791155\\Desktop\\Vernera mape\\Workspaces\\ReactWorkspace2\\react-project-3 (3)\\pokemon-evolution-tree-explorer\\pokemon-evolution-tree-explorer\\src\\api\\api.ts","statementMap":{"0":{"start":{"line":1,"column":0},"end":{"line":1,"column":26}},"1":{"start":{"line":3,"column":13},"end":{"line":7,"column":3}}},"fnMap":{},"branchMap":{},"s":{"0":0,"1":0},"f":{},"b":{}}
,"C:\\Users\\29791155\\Desktop\\Vernera mape\\Workspaces\\ReactWorkspace2\\react-project-3 (3)\\pokemon-evolution-tree-explorer\\pokemon-evolution-tree-explorer\\src\\api\\services\\pokemon\\index.ts": {"path":"C:\\Users\\29791155\\Desktop\\Vernera mape\\Workspaces\\ReactWorkspace2\\react-project-3 (3)\\pokemon-evolution-tree-explorer\\pokemon-evolution-tree-explorer\\src\\api\\services\\pokemon\\index.ts","statementMap":{"0":{"start":{"line":1,"column":0},"end":{"line":1,"column":34}}},"fnMap":{},"branchMap":{},"s":{"0":0},"f":{},"b":{}}
,"C:\\Users\\29791155\\Desktop\\Vernera mape\\Workspaces\\ReactWorkspace2\\react-project-3 (3)\\pokemon-evolution-tree-explorer\\pokemon-evolution-tree-explorer\\src\\api\\services\\pokemon\\pokemon.service.ts": {"path":"C:\\Users\\29791155\\Desktop\\Vernera mape\\Workspaces\\ReactWorkspace2\\react-project-3 (3)\\pokemon-evolution-tree-explorer\\pokemon-evolution-tree-explorer\\src\\api\\services\\pokemon\\pokemon.service.ts","statementMap":{"0":{"start":{"line":1,"column":0},"end":{"line":1,"column":32}},"1":{"start":{"line":3,"column":26},"end":{"line":6,"column":1}},"2":{"start":{"line":4,"column":19},"end":{"line":4,"column":46}},"3":{"start":{"line":5,"column":2},"end":{"line":5,"column":18}},"4":{"start":{"line":3,"column":13},"end":{"line":3,"column":26}},"5":{"start":{"line":8,"column":33},"end":{"line":11,"column":1}},"6":{"start":{"line":9,"column":19},"end":{"line":9,"column":54}},"7":{"start":{"line":10,"column":2},"end":{"line":10,"column":18}},"8":{"start":{"line":8,"column":13},"end":{"line":8,"column":33}},"9":{"start":{"line":13,"column":33},"end":{"line":16,"column":1}},"10":{"start":{"line":14,"column":19},"end":{"line":14,"column":52}},"11":{"start":{"line":15,"column":2},"end":{"line":15,"column":18}},"12":{"start":{"line":13,"column":13},"end":{"line":13,"column":33}}},"fnMap":{"0":{"name":"(anonymous_0)","decl":{"start":{"line":3,"column":26},"end":{"line":3,"column":27}},"loc":{"start":{"line":3,"column":43},"end":{"line":6,"column":1}}},"1":{"name":"(anonymous_1)","decl":{"start":{"line":8,"column":33},"end":{"line":8,"column":34}},"loc":{"start":{"line":8,"column":50},"end":{"line":11,"column":1}}},"2":{"name":"(anonymous_2)","decl":{"start":{"line":13,"column":33},"end":{"line":13,"column":34}},"loc":{"start":{"line":13,"column":48},"end":{"line":16,"column":1}}}},"branchMap":{},"s":{"0":1,"1":1,"2":2,"3":2,"4":1,"5":1,"6":2,"7":2,"8":1,"9":1,"10":3,"11":3,"12":1},"f":{"0":2,"1":2,"2":3},"b":{}}
,"C:\\Users\\29791155\\Desktop\\Vernera mape\\Workspaces\\ReactWorkspace2\\react-project-3 (3)\\pokemon-evolution-tree-explorer\\pokemon-evolution-tree-explorer\\src\\components\\ui\\badge.tsx": {"path":"C:\\Users\\29791155\\Desktop\\Vernera mape\\Workspaces\\ReactWorkspace2\\react-project-3 (3)\\pokemon-evolution-tree-explorer\\pokemon-evolution-tree-explorer\\src\\components\\ui\\badge.tsx","statementMap":{"0":{"start":{"line":47,"column":9},"end":{"line":47,"column":14}},"1":{"start":{"line":2,"column":0},"end":{"line":2,"column":43}},"2":{"start":{"line":3,"column":0},"end":{"line":3,"column":65}},"3":{"start":{"line":5,"column":0},"end":{"line":5,"column":32}},"4":{"start":{"line":7,"column":22},"end":{"line":25,"column":null}},"5":{"start":{"line":47,"column":16},"end":{"line":47,"column":29}},"6":{"start":{"line":31,"column":17},"end":{"line":31,"column":null}},"7":{"start":{"line":32,"column":10},"end":{"line":33,"column":null}},"8":{"start":{"line":35,"column":15},"end":{"line":35,"column":38}},"9":{"start":{"line":37,"column":2},"end":{"line":43,"column":null}}},"fnMap":{"0":{"name":"Badge","decl":{"start":{"line":28,"column":9},"end":{"line":28,"column":14}},"loc":{"start":{"line":34,"column":60},"end":{"line":44,"column":1}}}},"branchMap":{"0":{"loc":{"start":{"line":31,"column":2},"end":{"line":31,"column":17}},"type":"default-arg","locations":[{"start":{"line":31,"column":12},"end":{"line":31,"column":17}}]},"1":{"loc":{"start":{"line":35,"column":15},"end":{"line":35,"column":38}},"type":"cond-expr","locations":[{"start":{"line":35,"column":25},"end":{"line":35,"column":29}},{"start":{"line":35,"column":32},"end":{"line":35,"column":38}}]}},"s":{"0":5,"1":5,"2":5,"3":5,"4":5,"5":5,"6":84,"7":84,"8":84,"9":84},"f":{"0":84},"b":{"0":[82],"1":[1,83]}}
,"C:\\Users\\29791155\\Desktop\\Vernera mape\\Workspaces\\ReactWorkspace2\\react-project-3 (3)\\pokemon-evolution-tree-explorer\\pokemon-evolution-tree-explorer\\src\\components\\ui\\button.tsx": {"path":"C:\\Users\\29791155\\Desktop\\Vernera mape\\Workspaces\\ReactWorkspace2\\react-project-3 (3)\\pokemon-evolution-tree-explorer\\pokemon-evolution-tree-explorer\\src\\components\\ui\\button.tsx","statementMap":{"0":{"start":{"line":69,"column":9},"end":{"line":69,"column":15}},"1":{"start":{"line":2,"column":0},"end":{"line":2,"column":43}},"2":{"start":{"line":3,"column":0},"end":{"line":3,"column":65}},"3":{"start":{"line":5,"column":0},"end":{"line":5,"column":32}},"4":{"start":{"line":7,"column":23},"end":{"line":44,"column":null}},"5":{"start":{"line":69,"column":17},"end":{"line":69,"column":31}},"6":{"start":{"line":51,"column":17},"end":{"line":51,"column":null}},"7":{"start":{"line":52,"column":10},"end":{"line":53,"column":null}},"8":{"start":{"line":57,"column":15},"end":{"line":57,"column":40}},"9":{"start":{"line":59,"column":2},"end":{"line":65,"column":null}}},"fnMap":{"0":{"name":"Button","decl":{"start":{"line":47,"column":9},"end":{"line":47,"column":15}},"loc":{"start":{"line":56,"column":3},"end":{"line":66,"column":1}}}},"branchMap":{"0":{"loc":{"start":{"line":51,"column":2},"end":{"line":51,"column":17}},"type":"default-arg","locations":[{"start":{"line":51,"column":12},"end":{"line":51,"column":17}}]},"1":{"loc":{"start":{"line":57,"column":15},"end":{"line":57,"column":40}},"type":"cond-expr","locations":[{"start":{"line":57,"column":25},"end":{"line":57,"column":29}},{"start":{"line":57,"column":32},"end":{"line":57,"column":40}}]}},"s":{"0":7,"1":7,"2":7,"3":7,"4":7,"5":7,"6":468,"7":468,"8":468,"9":468},"f":{"0":468},"b":{"0":[466],"1":[1,467]}}
,"C:\\Users\\29791155\\Desktop\\Vernera mape\\Workspaces\\ReactWorkspace2\\react-project-3 (3)\\pokemon-evolution-tree-explorer\\pokemon-evolution-tree-explorer\\src\\components\\ui\\card.tsx": {"path":"C:\\Users\\29791155\\Desktop\\Vernera mape\\Workspaces\\ReactWorkspace2\\react-project-3 (3)\\pokemon-evolution-tree-explorer\\pokemon-evolution-tree-explorer\\src\\components\\ui\\card.tsx","statementMap":{"0":{"start":{"line":110,"column":2},"end":{"line":110,"column":6}},"1":{"start":{"line":111,"column":2},"end":{"line":111,"column":12}},"2":{"start":{"line":112,"column":2},"end":{"line":112,"column":12}},"3":{"start":{"line":113,"column":2},"end":{"line":113,"column":11}},"4":{"start":{"line":114,"column":2},"end":{"line":114,"column":12}},"5":{"start":{"line":115,"column":2},"end":{"line":115,"column":17}},"6":{"start":{"line":116,"column":2},"end":{"line":116,"column":13}},"7":{"start":{"line":2,"column":0},"end":{"line":2,"column":65}},"8":{"start":{"line":3,"column":0},"end":{"line":3,"column":32}},"9":{"start":{"line":5,"column":21},"end":{"line":26,"column":null}},"10":{"start":{"line":31,"column":9},"end":{"line":31,"column":null}},"11":{"start":{"line":32,"column":10},"end":{"line":33,"column":66}},"12":{"start":{"line":34,"column":2},"end":{"line":40,"column":null}},"13":{"start":{"line":43,"column":31},"end":{"line":43,"column":36}},"14":{"start":{"line":43,"column":41},"end":{"line":43,"column":72}},"15":{"start":{"line":44,"column":2},"end":{"line":53,"column":null}},"16":{"start":{"line":56,"column":30},"end":{"line":56,"column":35}},"17":{"start":{"line":56,"column":40},"end":{"line":56,"column":71}},"18":{"start":{"line":57,"column":2},"end":{"line":63,"column":null}},"19":{"start":{"line":66,"column":36},"end":{"line":66,"column":41}},"20":{"start":{"line":66,"column":46},"end":{"line":66,"column":77}},"21":{"start":{"line":67,"column":2},"end":{"line":73,"column":null}},"22":{"start":{"line":76,"column":31},"end":{"line":76,"column":36}},"23":{"start":{"line":76,"column":41},"end":{"line":76,"column":72}},"24":{"start":{"line":77,"column":2},"end":{"line":86,"column":null}},"25":{"start":{"line":89,"column":32},"end":{"line":89,"column":37}},"26":{"start":{"line":89,"column":42},"end":{"line":89,"column":73}},"27":{"start":{"line":90,"column":2},"end":{"line":96,"column":null}},"28":{"start":{"line":99,"column":31},"end":{"line":99,"column":36}},"29":{"start":{"line":99,"column":41},"end":{"line":99,"column":72}},"30":{"start":{"line":100,"column":2},"end":{"line":106,"column":null}}},"fnMap":{"0":{"name":"Card","decl":{"start":{"line":29,"column":9},"end":{"line":29,"column":13}},"loc":{"start":{"line":33,"column":66},"end":{"line":41,"column":1}}},"1":{"name":"CardHeader","decl":{"start":{"line":43,"column":9},"end":{"line":43,"column":19}},"loc":{"start":{"line":43,"column":72},"end":{"line":54,"column":1}}},"2":{"name":"CardTitle","decl":{"start":{"line":56,"column":9},"end":{"line":56,"column":18}},"loc":{"start":{"line":56,"column":71},"end":{"line":64,"column":1}}},"3":{"name":"CardDescription","decl":{"start":{"line":66,"column":9},"end":{"line":66,"column":24}},"loc":{"start":{"line":66,"column":77},"end":{"line":74,"column":1}}},"4":{"name":"CardAction","decl":{"start":{"line":76,"column":9},"end":{"line":76,"column":19}},"loc":{"start":{"line":76,"column":72},"end":{"line":87,"column":1}}},"5":{"name":"CardContent","decl":{"start":{"line":89,"column":9},"end":{"line":89,"column":20}},"loc":{"start":{"line":89,"column":73},"end":{"line":97,"column":1}}},"6":{"name":"CardFooter","decl":{"start":{"line":99,"column":9},"end":{"line":99,"column":19}},"loc":{"start":{"line":99,"column":72},"end":{"line":107,"column":1}}}},"branchMap":{},"s":{"0":6,"1":6,"2":6,"3":6,"4":6,"5":6,"6":6,"7":6,"8":6,"9":6,"10":134,"11":134,"12":134,"13":74,"14":74,"15":74,"16":74,"17":74,"18":74,"19":29,"20":29,"21":29,"22":5,"23":5,"24":5,"25":109,"26":109,"27":109,"28":50,"29":50,"30":50},"f":{"0":134,"1":74,"2":74,"3":29,"4":5,"5":109,"6":50},"b":{}}
,"C:\\Users\\29791155\\Desktop\\Vernera mape\\Workspaces\\ReactWorkspace2\\react-project-3 (3)\\pokemon-evolution-tree-explorer\\pokemon-evolution-tree-explorer\\src\\components\\ui\\carousel.tsx": {"path":"C:\\Users\\29791155\\Desktop\\Vernera mape\\Workspaces\\ReactWorkspace2\\react-project-3 (3)\\pokemon-evolution-tree-explorer\\pokemon-evolution-tree-explorer\\src\\components\\ui\\carousel.tsx","statementMap":{"0":{"start":{"line":441,"column":2},"end":{"line":441,"column":10}},"1":{"start":{"line":442,"column":2},"end":{"line":442,"column":17}},"2":{"start":{"line":443,"column":2},"end":{"line":443,"column":14}},"3":{"start":{"line":444,"column":2},"end":{"line":444,"column":18}},"4":{"start":{"line":445,"column":2},"end":{"line":445,"column":14}},"5":{"start":{"line":446,"column":2},"end":{"line":446,"column":27}},"6":{"start":{"line":1,"column":0},"end":{"line":1,"column":30}},"7":{"start":{"line":2,"column":0},"end":{"line":2,"column":null}},"8":{"start":{"line":5,"column":0},"end":{"line":5,"column":76}},"9":{"start":{"line":6,"column":0},"end":{"line":6,"column":46}},"10":{"start":{"line":8,"column":0},"end":{"line":8,"column":32}},"11":{"start":{"line":9,"column":0},"end":{"line":9,"column":47}},"12":{"start":{"line":32,"column":24},"end":{"line":32,"column":78}},"13":{"start":{"line":35,"column":18},"end":{"line":35,"column":51}},"14":{"start":{"line":37,"column":2},"end":{"line":39,"column":3}},"15":{"start":{"line":38,"column":4},"end":{"line":38,"column":null}},"16":{"start":{"line":41,"column":2},"end":{"line":41,"column":null}},"17":{"start":{"line":50,"column":10},"end":{"line":50,"column":null}},"18":{"start":{"line":51,"column":10},"end":{"line":52,"column":46}},"19":{"start":{"line":53,"column":29},"end":{"line":58,"column":null}},"20":{"start":{"line":60,"column":44},"end":{"line":60,"column":65}},"21":{"start":{"line":61,"column":44},"end":{"line":61,"column":65}},"22":{"start":{"line":63,"column":19},"end":{"line":67,"column":8}},"23":{"start":{"line":64,"column":4},"end":{"line":64,"column":20}},"24":{"start":{"line":64,"column":14},"end":{"line":64,"column":20}},"25":{"start":{"line":65,"column":4},"end":{"line":65,"column":null}},"26":{"start":{"line":66,"column":4},"end":{"line":66,"column":null}},"27":{"start":{"line":69,"column":21},"end":{"line":71,"column":11}},"28":{"start":{"line":70,"column":4},"end":{"line":70,"column":null}},"29":{"start":{"line":73,"column":21},"end":{"line":75,"column":11}},"30":{"start":{"line":74,"column":4},"end":{"line":74,"column":null}},"31":{"start":{"line":77,"column":24},"end":{"line":87,"column":null}},"32":{"start":{"line":79,"column":6},"end":{"line":85,"column":7}},"33":{"start":{"line":80,"column":8},"end":{"line":80,"column":null}},"34":{"start":{"line":81,"column":8},"end":{"line":81,"column":null}},"35":{"start":{"line":82,"column":13},"end":{"line":85,"column":7}},"36":{"start":{"line":83,"column":8},"end":{"line":83,"column":null}},"37":{"start":{"line":84,"column":8},"end":{"line":84,"column":null}},"38":{"start":{"line":90,"column":2},"end":{"line":93,"column":null}},"39":{"start":{"line":91,"column":4},"end":{"line":91,"column":31}},"40":{"start":{"line":91,"column":25},"end":{"line":91,"column":31}},"41":{"start":{"line":92,"column":4},"end":{"line":92,"column":null}},"42":{"start":{"line":95,"column":23},"end":{"line":100,"column":39}},"43":{"start":{"line":96,"column":4},"end":{"line":96,"column":null}},"44":{"start":{"line":97,"column":4},"end":{"line":99,"column":5}},"45":{"start":{"line":98,"column":6},"end":{"line":98,"column":43}},"46":{"start":{"line":102,"column":2},"end":{"line":113,"column":null}},"47":{"start":{"line":103,"column":4},"end":{"line":103,"column":20}},"48":{"start":{"line":103,"column":14},"end":{"line":103,"column":20}},"49":{"start":{"line":104,"column":4},"end":{"line":104,"column":null}},"50":{"start":{"line":105,"column":4},"end":{"line":105,"column":null}},"51":{"start":{"line":106,"column":4},"end":{"line":106,"column":null}},"52":{"start":{"line":108,"column":4},"end":{"line":112,"column":null}},"53":{"start":{"line":109,"column":6},"end":{"line":109,"column":null}},"54":{"start":{"line":110,"column":6},"end":{"line":110,"column":null}},"55":{"start":{"line":111,"column":6},"end":{"line":111,"column":null}},"56":{"start":{"line":115,"column":2},"end":{"line":146,"column":null}},"57":{"start":{"line":149,"column":36},"end":{"line":149,"column":41}},"58":{"start":{"line":149,"column":46},"end":{"line":149,"column":77}},"59":{"start":{"line":150,"column":44},"end":{"line":150,"column":57}},"60":{"start":{"line":151,"column":44},"end":{"line":151,"column":89}},"61":{"start":{"line":152,"column":42},"end":{"line":152,"column":87}},"62":{"start":{"line":154,"column":2},"end":{"line":196,"column":null}},"63":{"start":{"line":156,"column":4},"end":{"line":156,"column":20}},"64":{"start":{"line":156,"column":14},"end":{"line":156,"column":20}},"65":{"start":{"line":159,"column":23},"end":{"line":184,"column":5}},"66":{"start":{"line":160,"column":21},"end":{"line":160,"column":37}},"67":{"start":{"line":163,"column":6},"end":{"line":163,"column":37}},"68":{"start":{"line":163,"column":31},"end":{"line":163,"column":37}},"69":{"start":{"line":166,"column":6},"end":{"line":183,"column":null}},"70":{"start":{"line":168,"column":24},"end":{"line":168,"column":25}},"71":{"start":{"line":169,"column":23},"end":{"line":169,"column":24}},"72":{"start":{"line":171,"column":8},"end":{"line":178,"column":null}},"73":{"start":{"line":173,"column":25},"end":{"line":173,"column":73}},"74":{"start":{"line":174,"column":24},"end":{"line":174,"column":70}},"75":{"start":{"line":176,"column":10},"end":{"line":176,"column":null}},"76":{"start":{"line":176,"column":34},"end":{"line":176,"column":null}},"77":{"start":{"line":177,"column":10},"end":{"line":177,"column":null}},"78":{"start":{"line":177,"column":32},"end":{"line":177,"column":null}},"79":{"start":{"line":181,"column":8},"end":{"line":181,"column":null}},"80":{"start":{"line":182,"column":8},"end":{"line":182,"column":null}},"81":{"start":{"line":187,"column":4},"end":{"line":187,"column":null}},"82":{"start":{"line":188,"column":4},"end":{"line":188,"column":null}},"83":{"start":{"line":189,"column":4},"end":{"line":189,"column":null}},"84":{"start":{"line":192,"column":4},"end":{"line":195,"column":null}},"85":{"start":{"line":193,"column":6},"end":{"line":193,"column":null}},"86":{"start":{"line":194,"column":6},"end":{"line":194,"column":null}},"87":{"start":{"line":198,"column":2},"end":{"line":221,"column":null}},"88":{"start":{"line":224,"column":33},"end":{"line":224,"column":38}},"89":{"start":{"line":224,"column":43},"end":{"line":224,"column":74}},"90":{"start":{"line":226,"column":2},"end":{"line":238,"column":null}},"91":{"start":{"line":245,"column":25},"end":{"line":245,"column":null}},"92":{"start":{"line":246,"column":10},"end":{"line":247,"column":82}},"93":{"start":{"line":248,"column":53},"end":{"line":248,"column":66}},"94":{"start":{"line":250,"column":26},"end":{"line":259,"column":null}},"95":{"start":{"line":261,"column":24},"end":{"line":261,"column":81}},"96":{"start":{"line":263,"column":2},"end":{"line":284,"column":null}},"97":{"start":{"line":291,"column":25},"end":{"line":291,"column":null}},"98":{"start":{"line":292,"column":10},"end":{"line":293,"column":82}},"99":{"start":{"line":294,"column":53},"end":{"line":294,"column":66}},"100":{"start":{"line":296,"column":26},"end":{"line":305,"column":null}},"101":{"start":{"line":307,"column":24},"end":{"line":307,"column":81}},"102":{"start":{"line":309,"column":2},"end":{"line":330,"column":null}},"103":{"start":{"line":333,"column":37},"end":{"line":349,"column":null}},"104":{"start":{"line":355,"column":8},"end":{"line":355,"column":null}},"105":{"start":{"line":356,"column":10},"end":{"line":357,"column":null}},"106":{"start":{"line":361,"column":31},"end":{"line":361,"column":44}},"107":{"start":{"line":362,"column":44},"end":{"line":362,"column":61}},"108":{"start":{"line":363,"column":38},"end":{"line":363,"column":55}},"109":{"start":{"line":366,"column":2},"end":{"line":383,"column":null}},"110":{"start":{"line":367,"column":4},"end":{"line":367,"column":20}},"111":{"start":{"line":367,"column":14},"end":{"line":367,"column":20}},"112":{"start":{"line":370,"column":4},"end":{"line":370,"column":null}},"113":{"start":{"line":371,"column":4},"end":{"line":371,"column":null}},"114":{"start":{"line":374,"column":25},"end":{"line":374,"column":73}},"115":{"start":{"line":374,"column":31},"end":{"line":374,"column":73}},"116":{"start":{"line":377,"column":4},"end":{"line":377,"column":null}},"117":{"start":{"line":380,"column":4},"end":{"line":382,"column":null}},"118":{"start":{"line":381,"column":6},"end":{"line":381,"column":null}},"119":{"start":{"line":386,"column":26},"end":{"line":389,"column":3}},"120":{"start":{"line":388,"column":4},"end":{"line":388,"column":null}},"121":{"start":{"line":392,"column":25},"end":{"line":395,"column":3}},"122":{"start":{"line":393,"column":19},"end":{"line":393,"column":44}},"123":{"start":{"line":394,"column":4},"end":{"line":394,"column":null}},"124":{"start":{"line":398,"column":24},"end":{"line":398,"column":90}},"125":{"start":{"line":398,"column":79},"end":{"line":398,"column":89}},"126":{"start":{"line":400,"column":2},"end":{"line":436,"column":null}},"127":{"start":{"line":415,"column":25},"end":{"line":415,"column":48}},"128":{"start":{"line":417,"column":8},"end":{"line":433,"column":null}},"129":{"start":{"line":420,"column":27},"end":{"line":420,"column":49}}},"fnMap":{"0":{"name":"useCarousel","decl":{"start":{"line":34,"column":9},"end":{"line":34,"column":20}},"loc":{"start":{"line":34,"column":20},"end":{"line":42,"column":1}}},"1":{"name":"Carousel","decl":{"start":{"line":44,"column":9},"end":{"line":44,"column":17}},"loc":{"start":{"line":52,"column":46},"end":{"line":147,"column":1}}},"2":{"name":"(anonymous_13)","decl":{"start":{"line":63,"column":37},"end":{"line":63,"column":38}},"loc":{"start":{"line":63,"column":58},"end":{"line":67,"column":3}}},"3":{"name":"(anonymous_14)","decl":{"start":{"line":69,"column":39},"end":{"line":69,"column":42}},"loc":{"start":{"line":69,"column":44},"end":{"line":71,"column":3}}},"4":{"name":"(anonymous_15)","decl":{"start":{"line":73,"column":39},"end":{"line":73,"column":42}},"loc":{"start":{"line":73,"column":44},"end":{"line":75,"column":3}}},"5":{"name":"(anonymous_16)","decl":{"start":{"line":78,"column":4},"end":{"line":78,"column":5}},"loc":{"start":{"line":78,"column":51},"end":{"line":86,"column":5}}},"6":{"name":"(anonymous_17)","decl":{"start":{"line":90,"column":18},"end":{"line":90,"column":21}},"loc":{"start":{"line":90,"column":23},"end":{"line":93,"column":3}}},"7":{"name":"(anonymous_18)","decl":{"start":{"line":95,"column":41},"end":{"line":95,"column":44}},"loc":{"start":{"line":95,"column":46},"end":{"line":100,"column":3}}},"8":{"name":"(anonymous_19)","decl":{"start":{"line":102,"column":18},"end":{"line":102,"column":21}},"loc":{"start":{"line":102,"column":23},"end":{"line":113,"column":3}}},"9":{"name":"(anonymous_20)","decl":{"start":{"line":108,"column":11},"end":{"line":108,"column":14}},"loc":{"start":{"line":108,"column":16},"end":{"line":112,"column":5}}},"10":{"name":"CarouselContent","decl":{"start":{"line":149,"column":9},"end":{"line":149,"column":24}},"loc":{"start":{"line":149,"column":77},"end":{"line":222,"column":1}}},"11":{"name":"(anonymous_22)","decl":{"start":{"line":154,"column":18},"end":{"line":154,"column":21}},"loc":{"start":{"line":154,"column":23},"end":{"line":196,"column":3}}},"12":{"name":"(anonymous_23)","decl":{"start":{"line":159,"column":23},"end":{"line":159,"column":26}},"loc":{"start":{"line":159,"column":28},"end":{"line":184,"column":5}}},"13":{"name":"(anonymous_24)","decl":{"start":{"line":166,"column":28},"end":{"line":166,"column":31}},"loc":{"start":{"line":166,"column":33},"end":{"line":183,"column":7}}},"14":{"name":"(anonymous_25)","decl":{"start":{"line":171,"column":23},"end":{"line":171,"column":28}},"loc":{"start":{"line":171,"column":31},"end":{"line":178,"column":9}}},"15":{"name":"(anonymous_26)","decl":{"start":{"line":192,"column":11},"end":{"line":192,"column":14}},"loc":{"start":{"line":192,"column":16},"end":{"line":195,"column":5}}},"16":{"name":"CarouselItem","decl":{"start":{"line":224,"column":9},"end":{"line":224,"column":21}},"loc":{"start":{"line":224,"column":74},"end":{"line":239,"column":1}}},"17":{"name":"CarouselPrevious","decl":{"start":{"line":241,"column":9},"end":{"line":241,"column":25}},"loc":{"start":{"line":247,"column":82},"end":{"line":285,"column":1}}},"18":{"name":"CarouselNext","decl":{"start":{"line":287,"column":9},"end":{"line":287,"column":21}},"loc":{"start":{"line":293,"column":82},"end":{"line":331,"column":1}}},"19":{"name":"CarouselProgressIndicator","decl":{"start":{"line":352,"column":9},"end":{"line":352,"column":34}},"loc":{"start":{"line":360,"column":1},"end":{"line":437,"column":1}}},"20":{"name":"(anonymous_31)","decl":{"start":{"line":366,"column":18},"end":{"line":366,"column":21}},"loc":{"start":{"line":366,"column":23},"end":{"line":383,"column":3}}},"21":{"name":"(anonymous_32)","decl":{"start":{"line":374,"column":25},"end":{"line":374,"column":28}},"loc":{"start":{"line":374,"column":31},"end":{"line":374,"column":73}}},"22":{"name":"(anonymous_33)","decl":{"start":{"line":380,"column":11},"end":{"line":380,"column":14}},"loc":{"start":{"line":380,"column":16},"end":{"line":382,"column":5}}},"23":{"name":"(anonymous_34)","decl":{"start":{"line":386,"column":26},"end":{"line":386,"column":27}},"loc":{"start":{"line":386,"column":44},"end":{"line":389,"column":3}}},"24":{"name":"(anonymous_35)","decl":{"start":{"line":392,"column":25},"end":{"line":392,"column":26}},"loc":{"start":{"line":392,"column":47},"end":{"line":395,"column":3}}},"25":{"name":"(anonymous_36)","decl":{"start":{"line":398,"column":69},"end":{"line":398,"column":70}},"loc":{"start":{"line":398,"column":79},"end":{"line":398,"column":89}}},"26":{"name":"(anonymous_37)","decl":{"start":{"line":414,"column":25},"end":{"line":414,"column":26}},"loc":{"start":{"line":414,"column":42},"end":{"line":434,"column":7}}},"27":{"name":"(anonymous_38)","decl":{"start":{"line":420,"column":21},"end":{"line":420,"column":24}},"loc":{"start":{"line":420,"column":27},"end":{"line":420,"column":49}}}},"branchMap":{"0":{"loc":{"start":{"line":37,"column":2},"end":{"line":39,"column":3}},"type":"if","locations":[{"start":{"line":37,"column":2},"end":{"line":39,"column":3}},{"start":{},"end":{}}]},"1":{"loc":{"start":{"line":45,"column":2},"end":{"line":45,"column":28}},"type":"default-arg","locations":[{"start":{"line":45,"column":16},"end":{"line":45,"column":28}}]},"2":{"loc":{"start":{"line":56,"column":12},"end":{"line":56,"column":52}},"type":"cond-expr","locations":[{"start":{"line":56,"column":43},"end":{"line":56,"column":46}},{"start":{"line":56,"column":49},"end":{"line":56,"column":52}}]},"3":{"loc":{"start":{"line":64,"column":4},"end":{"line":64,"column":20}},"type":"if","locations":[{"start":{"line":64,"column":4},"end":{"line":64,"column":20}},{"start":{},"end":{}}]},"4":{"loc":{"start":{"line":70,"column":4},"end":{"line":70,"column":21}},"type":"cond-expr","locations":[{"start":{"line":70,"column":7},"end":{"line":70,"column":9}},{"start":{"line":70,"column":4},"end":{"line":70,"column":21}}]},"5":{"loc":{"start":{"line":70,"column":4},"end":{"line":70,"column":9}},"type":"binary-expr","locations":[{"start":{"line":70,"column":4},"end":{"line":70,"column":9}},{"start":{"line":70,"column":4},"end":{"line":70,"column":9}}]},"6":{"loc":{"start":{"line":74,"column":4},"end":{"line":74,"column":21}},"type":"cond-expr","locations":[{"start":{"line":74,"column":7},"end":{"line":74,"column":9}},{"start":{"line":74,"column":4},"end":{"line":74,"column":21}}]},"7":{"loc":{"start":{"line":74,"column":4},"end":{"line":74,"column":9}},"type":"binary-expr","locations":[{"start":{"line":74,"column":4},"end":{"line":74,"column":9}},{"start":{"line":74,"column":4},"end":{"line":74,"column":9}}]},"8":{"loc":{"start":{"line":79,"column":6},"end":{"line":85,"column":7}},"type":"if","locations":[{"start":{"line":79,"column":6},"end":{"line":85,"column":7}},{"start":{"line":82,"column":13},"end":{"line":85,"column":7}}]},"9":{"loc":{"start":{"line":79,"column":10},"end":{"line":79,"column":62}},"type":"binary-expr","locations":[{"start":{"line":79,"column":10},"end":{"line":79,"column":35}},{"start":{"line":79,"column":39},"end":{"line":79,"column":62}}]},"10":{"loc":{"start":{"line":82,"column":13},"end":{"line":85,"column":7}},"type":"if","locations":[{"start":{"line":82,"column":13},"end":{"line":85,"column":7}},{"start":{},"end":{}}]},"11":{"loc":{"start":{"line":82,"column":17},"end":{"line":82,"column":72}},"type":"binary-expr","locations":[{"start":{"line":82,"column":17},"end":{"line":82,"column":43}},{"start":{"line":82,"column":47},"end":{"line":82,"column":72}}]},"12":{"loc":{"start":{"line":91,"column":4},"end":{"line":91,"column":31}},"type":"if","locations":[{"start":{"line":91,"column":4},"end":{"line":91,"column":31}},{"start":{},"end":{}}]},"13":{"loc":{"start":{"line":91,"column":8},"end":{"line":91,"column":23}},"type":"binary-expr","locations":[{"start":{"line":91,"column":8},"end":{"line":91,"column":12}},{"start":{"line":91,"column":16},"end":{"line":91,"column":23}}]},"14":{"loc":{"start":{"line":97,"column":4},"end":{"line":99,"column":5}},"type":"if","locations":[{"start":{"line":97,"column":4},"end":{"line":99,"column":5}},{"start":{},"end":{}}]},"15":{"loc":{"start":{"line":97,"column":8},"end":{"line":97,"column":24}},"type":"cond-expr","locations":[{"start":{"line":97,"column":12},"end":{"line":97,"column":14}},{"start":{"line":97,"column":8},"end":{"line":97,"column":24}}]},"16":{"loc":{"start":{"line":97,"column":8},"end":{"line":97,"column":14}},"type":"binary-expr","locations":[{"start":{"line":97,"column":8},"end":{"line":97,"column":14}},{"start":{"line":97,"column":8},"end":{"line":97,"column":14}}]},"17":{"loc":{"start":{"line":100,"column":21},"end":{"line":100,"column":37}},"type":"cond-expr","locations":[{"start":{"line":100,"column":25},"end":{"line":100,"column":27}},{"start":{"line":100,"column":21},"end":{"line":100,"column":37}}]},"18":{"loc":{"start":{"line":100,"column":21},"end":{"line":100,"column":27}},"type":"binary-expr","locations":[{"start":{"line":100,"column":21},"end":{"line":100,"column":27}},{"start":{"line":100,"column":21},"end":{"line":100,"column":27}}]},"19":{"loc":{"start":{"line":103,"column":4},"end":{"line":103,"column":20}},"type":"if","locations":[{"start":{"line":103,"column":4},"end":{"line":103,"column":20}},{"start":{},"end":{}}]},"20":{"loc":{"start":{"line":109,"column":6},"end":{"line":109,"column":36}},"type":"cond-expr","locations":[{"start":{"line":109,"column":9},"end":{"line":109,"column":11}},{"start":{"line":109,"column":6},"end":{"line":109,"column":36}}]},"21":{"loc":{"start":{"line":109,"column":6},"end":{"line":109,"column":11}},"type":"binary-expr","locations":[{"start":{"line":109,"column":6},"end":{"line":109,"column":11}},{"start":{"line":109,"column":6},"end":{"line":109,"column":11}}]},"22":{"loc":{"start":{"line":110,"column":6},"end":{"line":110,"column":38}},"type":"cond-expr","locations":[{"start":{"line":110,"column":9},"end":{"line":110,"column":11}},{"start":{"line":110,"column":6},"end":{"line":110,"column":38}}]},"23":{"loc":{"start":{"line":110,"column":6},"end":{"line":110,"column":11}},"type":"binary-expr","locations":[{"start":{"line":110,"column":6},"end":{"line":110,"column":11}},{"start":{"line":110,"column":6},"end":{"line":110,"column":11}}]},"24":{"loc":{"start":{"line":111,"column":6},"end":{"line":111,"column":34}},"type":"cond-expr","locations":[{"start":{"line":111,"column":9},"end":{"line":111,"column":11}},{"start":{"line":111,"column":6},"end":{"line":111,"column":34}}]},"25":{"loc":{"start":{"line":111,"column":6},"end":{"line":111,"column":11}},"type":"binary-expr","locations":[{"start":{"line":111,"column":6},"end":{"line":111,"column":11}},{"start":{"line":111,"column":6},"end":{"line":111,"column":11}}]},"26":{"loc":{"start":{"line":122,"column":10},"end":{"line":122,"column":73}},"type":"binary-expr","locations":[{"start":{"line":122,"column":10},"end":{"line":122,"column":21}},{"start":{"line":122,"column":26},"end":{"line":122,"column":72}}]},"27":{"loc":{"start":{"line":122,"column":26},"end":{"line":122,"column":72}},"type":"cond-expr","locations":[{"start":{"line":122,"column":47},"end":{"line":122,"column":57}},{"start":{"line":122,"column":60},"end":{"line":122,"column":72}}]},"28":{"loc":{"start":{"line":122,"column":26},"end":{"line":122,"column":36}},"type":"cond-expr","locations":[{"start":{"line":122,"column":30},"end":{"line":122,"column":32}},{"start":{"line":122,"column":26},"end":{"line":122,"column":36}}]},"29":{"loc":{"start":{"line":122,"column":26},"end":{"line":122,"column":32}},"type":"binary-expr","locations":[{"start":{"line":122,"column":26},"end":{"line":122,"column":32}},{"start":{"line":122,"column":26},"end":{"line":122,"column":32}}]},"30":{"loc":{"start":{"line":132,"column":10},"end":{"line":134,"column":95}},"type":"cond-expr","locations":[{"start":{"line":133,"column":10},"end":{"line":133,"column":95}},{"start":{"line":134,"column":10},"end":{"line":134,"column":95}}]},"31":{"loc":{"start":{"line":156,"column":4},"end":{"line":156,"column":20}},"type":"if","locations":[{"start":{"line":156,"column":4},"end":{"line":156,"column":20}},{"start":{},"end":{}}]},"32":{"loc":{"start":{"line":163,"column":6},"end":{"line":163,"column":37}},"type":"if","locations":[{"start":{"line":163,"column":6},"end":{"line":163,"column":37}},{"start":{},"end":{}}]},"33":{"loc":{"start":{"line":176,"column":10},"end":{"line":176,"column":null}},"type":"if","locations":[{"start":{"line":176,"column":10},"end":{"line":176,"column":null}},{"start":{},"end":{}}]},"34":{"loc":{"start":{"line":177,"column":10},"end":{"line":177,"column":null}},"type":"if","locations":[{"start":{"line":177,"column":10},"end":{"line":177,"column":null}},{"start":{},"end":{}}]},"35":{"loc":{"start":{"line":203,"column":8},"end":{"line":203,"column":91}},"type":"cond-expr","locations":[{"start":{"line":203,"column":39},"end":{"line":203,"column":63}},{"start":{"line":203,"column":66},"end":{"line":203,"column":91}}]},"36":{"loc":{"start":{"line":211,"column":10},"end":{"line":211,"column":56}},"type":"cond-expr","locations":[{"start":{"line":211,"column":41},"end":{"line":211,"column":43}},{"start":{"line":211,"column":46},"end":{"line":211,"column":56}}]},"37":{"loc":{"start":{"line":215,"column":18},"end":{"line":215,"column":63}},"type":"cond-expr","locations":[{"start":{"line":215,"column":34},"end":{"line":215,"column":54}},{"start":{"line":215,"column":57},"end":{"line":215,"column":63}}]},"38":{"loc":{"start":{"line":216,"column":17},"end":{"line":216,"column":60}},"type":"cond-expr","locations":[{"start":{"line":216,"column":32},"end":{"line":216,"column":51}},{"start":{"line":216,"column":54},"end":{"line":216,"column":60}}]},"39":{"loc":{"start":{"line":243,"column":2},"end":{"line":243,"column":21}},"type":"default-arg","locations":[{"start":{"line":243,"column":12},"end":{"line":243,"column":21}}]},"40":{"loc":{"start":{"line":244,"column":2},"end":{"line":244,"column":15}},"type":"default-arg","locations":[{"start":{"line":244,"column":9},"end":{"line":244,"column":15}}]},"41":{"loc":{"start":{"line":245,"column":2},"end":{"line":245,"column":25}},"type":"default-arg","locations":[{"start":{"line":245,"column":16},"end":{"line":245,"column":25}}]},"42":{"loc":{"start":{"line":261,"column":40},"end":{"line":261,"column":67}},"type":"binary-expr","locations":[{"start":{"line":261,"column":40},"end":{"line":261,"column":51}},{"start":{"line":261,"column":55},"end":{"line":261,"column":67}}]},"43":{"loc":{"start":{"line":274,"column":7},"end":{"line":281,"column":null}},"type":"cond-expr","locations":[{"start":{"line":275,"column":8},"end":{"line":276,"column":null}},{"start":{"line":279,"column":8},"end":{"line":280,"column":null}}]},"44":{"loc":{"start":{"line":289,"column":2},"end":{"line":289,"column":21}},"type":"default-arg","locations":[{"start":{"line":289,"column":12},"end":{"line":289,"column":21}}]},"45":{"loc":{"start":{"line":290,"column":2},"end":{"line":290,"column":15}},"type":"default-arg","locations":[{"start":{"line":290,"column":9},"end":{"line":290,"column":15}}]},"46":{"loc":{"start":{"line":291,"column":2},"end":{"line":291,"column":25}},"type":"default-arg","locations":[{"start":{"line":291,"column":16},"end":{"line":291,"column":25}}]},"47":{"loc":{"start":{"line":307,"column":40},"end":{"line":307,"column":67}},"type":"binary-expr","locations":[{"start":{"line":307,"column":40},"end":{"line":307,"column":51}},{"start":{"line":307,"column":55},"end":{"line":307,"column":67}}]},"48":{"loc":{"start":{"line":320,"column":7},"end":{"line":327,"column":null}},"type":"cond-expr","locations":[{"start":{"line":321,"column":8},"end":{"line":322,"column":null}},{"start":{"line":325,"column":8},"end":{"line":326,"column":null}}]},"49":{"loc":{"start":{"line":354,"column":2},"end":{"line":354,"column":21}},"type":"default-arg","locations":[{"start":{"line":354,"column":12},"end":{"line":354,"column":21}}]},"50":{"loc":{"start":{"line":367,"column":4},"end":{"line":367,"column":20}},"type":"if","locations":[{"start":{"line":367,"column":4},"end":{"line":367,"column":20}},{"start":{},"end":{}}]},"51":{"loc":{"start":{"line":388,"column":4},"end":{"line":388,"column":24}},"type":"cond-expr","locations":[{"start":{"line":388,"column":7},"end":{"line":388,"column":9}},{"start":{"line":388,"column":4},"end":{"line":388,"column":24}}]},"52":{"loc":{"start":{"line":388,"column":4},"end":{"line":388,"column":9}},"type":"binary-expr","locations":[{"start":{"line":388,"column":4},"end":{"line":388,"column":9}},{"start":{"line":388,"column":4},"end":{"line":388,"column":9}}]},"53":{"loc":{"start":{"line":393,"column":19},"end":{"line":393,"column":44}},"type":"cond-expr","locations":[{"start":{"line":393,"column":30},"end":{"line":393,"column":39}},{"start":{"line":393,"column":42},"end":{"line":393,"column":44}}]},"54":{"loc":{"start":{"line":398,"column":24},"end":{"line":398,"column":90}},"type":"binary-expr","locations":[{"start":{"line":398,"column":24},"end":{"line":398,"column":30}},{"start":{"line":398,"column":34},"end":{"line":398,"column":90}}]},"55":{"loc":{"start":{"line":404,"column":11},"end":{"line":404,"column":113}},"type":"cond-expr","locations":[{"start":{"line":404,"column":42},"end":{"line":404,"column":66}},{"start":{"line":404,"column":69},"end":{"line":404,"column":113}}]},"56":{"loc":{"start":{"line":423,"column":14},"end":{"line":423,"column":39}},"type":"binary-expr","locations":[{"start":{"line":423,"column":14},"end":{"line":423,"column":23}},{"start":{"line":423,"column":27},"end":{"line":423,"column":39}}]},"57":{"loc":{"start":{"line":426,"column":26},"end":{"line":426,"column":55}},"type":"cond-expr","locations":[{"start":{"line":426,"column":37},"end":{"line":426,"column":43}},{"start":{"line":426,"column":46},"end":{"line":426,"column":55}}]}},"s":{"0":3,"1":3,"2":3,"3":3,"4":3,"5":3,"6":3,"7":3,"8":3,"9":3,"10":3,"11":3,"12":3,"13":226,"14":226,"15":2,"16":224,"17":62,"18":62,"19":62,"20":62,"21":62,"22":62,"23":39,"24":0,"25":39,"26":39,"27":62,"28":3,"29":62,"30":3,"31":62,"32":4,"33":2,"34":2,"35":2,"36":2,"37":2,"38":62,"39":25,"40":10,"41":15,"42":62,"43":27,"44":27,"45":27,"46":62,"47":25,"48":0,"49":25,"50":25,"51":25,"52":25,"53":25,"54":25,"55":25,"56":62,"57":54,"58":54,"59":54,"60":54,"61":54,"62":54,"63":25,"64":0,"65":25,"66":64,"67":64,"68":64,"69":0,"70":0,"71":0,"72":0,"73":0,"74":0,"75":0,"76":0,"77":0,"78":0,"79":0,"80":0,"81":25,"82":25,"83":25,"84":25,"85":25,"86":25,"87":54,"88":100,"89":100,"90":100,"91":54,"92":54,"93":54,"94":54,"95":54,"96":54,"97":57,"98":56,"99":56,"100":54,"101":54,"102":54,"103":3,"104":62,"105":62,"106":62,"107":62,"108":62,"109":62,"110":25,"111":0,"112":25,"113":25,"114":25,"115":37,"116":25,"117":25,"118":25,"119":62,"120":1,"121":62,"122":248,"123":248,"124":62,"125":0,"126":62,"127":248,"128":248,"129":1},"f":{"0":226,"1":62,"2":39,"3":3,"4":3,"5":4,"6":25,"7":27,"8":25,"9":25,"10":54,"11":25,"12":64,"13":0,"14":0,"15":25,"16":100,"17":54,"18":57,"19":62,"20":25,"21":37,"22":25,"23":1,"24":248,"25":0,"26":248,"27":1},"b":{"0":[2,224],"1":[0],"2":[58,4],"3":[0,39],"4":[0,3],"5":[3,3],"6":[0,3],"7":[3,3],"8":[2,2],"9":[4,3],"10":[2,0],"11":[2,1],"12":[10,15],"13":[25,25],"14":[27,0],"15":[0,27],"16":[27,27],"17":[0,62],"18":[62,62],"19":[0,25],"20":[0,25],"21":[25,25],"22":[0,25],"23":[25,25],"24":[0,25],"25":[25,25],"26":[62,0],"27":[0,0],"28":[0,0],"29":[0,0],"30":[58,4],"31":[0,25],"32":[64,0],"33":[0,0],"34":[0,0],"35":[50,4],"36":[50,4],"37":[0,54],"38":[0,54],"39":[54],"40":[54],"41":[0],"42":[54,0],"43":[50,4],"44":[56],"45":[56],"46":[2],"47":[54,0],"48":[50,4],"49":[62],"50":[0,25],"51":[0,1],"52":[1,1],"53":[62,186],"54":[62,0],"55":[58,4],"56":[248,186],"57":[62,186]}}
,"C:\\Users\\29791155\\Desktop\\Vernera mape\\Workspaces\\ReactWorkspace2\\react-project-3 (3)\\pokemon-evolution-tree-explorer\\pokemon-evolution-tree-explorer\\src\\components\\ui\\dialog.tsx": {"path":"C:\\Users\\29791155\\Desktop\\Vernera mape\\Workspaces\\ReactWorkspace2\\react-project-3 (3)\\pokemon-evolution-tree-explorer\\pokemon-evolution-tree-explorer\\src\\components\\ui\\dialog.tsx","statementMap":{"0":{"start":{"line":133,"column":2},"end":{"line":133,"column":8}},"1":{"start":{"line":134,"column":2},"end":{"line":134,"column":13}},"2":{"start":{"line":135,"column":2},"end":{"line":135,"column":15}},"3":{"start":{"line":136,"column":2},"end":{"line":136,"column":19}},"4":{"start":{"line":137,"column":2},"end":{"line":137,"column":14}},"5":{"start":{"line":138,"column":2},"end":{"line":138,"column":14}},"6":{"start":{"line":139,"column":2},"end":{"line":139,"column":15}},"7":{"start":{"line":140,"column":2},"end":{"line":140,"column":14}},"8":{"start":{"line":141,"column":2},"end":{"line":141,"column":13}},"9":{"start":{"line":142,"column":2},"end":{"line":142,"column":15}},"10":{"start":{"line":4,"column":0},"end":{"line":4,"column":57}},"11":{"start":{"line":5,"column":0},"end":{"line":5,"column":36}},"12":{"start":{"line":7,"column":0},"end":{"line":7,"column":32}},"13":{"start":{"line":10,"column":10},"end":{"line":11,"column":52}},"14":{"start":{"line":12,"column":2},"end":{"line":12,"column":null}},"15":{"start":{"line":16,"column":10},"end":{"line":17,"column":55}},"16":{"start":{"line":18,"column":2},"end":{"line":18,"column":null}},"17":{"start":{"line":22,"column":10},"end":{"line":23,"column":54}},"18":{"start":{"line":24,"column":2},"end":{"line":24,"column":null}},"19":{"start":{"line":28,"column":10},"end":{"line":29,"column":53}},"20":{"start":{"line":30,"column":2},"end":{"line":30,"column":null}},"21":{"start":{"line":34,"column":11},"end":{"line":34,"column":null}},"22":{"start":{"line":35,"column":10},"end":{"line":36,"column":55}},"23":{"start":{"line":37,"column":2},"end":{"line":46,"column":null}},"24":{"start":{"line":52,"column":24},"end":{"line":52,"column":null}},"25":{"start":{"line":53,"column":10},"end":{"line":54,"column":null}},"26":{"start":{"line":57,"column":2},"end":{"line":80,"column":null}},"27":{"start":{"line":83,"column":33},"end":{"line":83,"column":38}},"28":{"start":{"line":83,"column":43},"end":{"line":83,"column":74}},"29":{"start":{"line":84,"column":2},"end":{"line":90,"column":null}},"30":{"start":{"line":93,"column":33},"end":{"line":93,"column":38}},"31":{"start":{"line":93,"column":43},"end":{"line":93,"column":74}},"32":{"start":{"line":94,"column":2},"end":{"line":103,"column":null}},"33":{"start":{"line":107,"column":11},"end":{"line":107,"column":null}},"34":{"start":{"line":108,"column":10},"end":{"line":109,"column":53}},"35":{"start":{"line":110,"column":2},"end":{"line":116,"column":null}},"36":{"start":{"line":120,"column":11},"end":{"line":120,"column":null}},"37":{"start":{"line":121,"column":10},"end":{"line":122,"column":59}},"38":{"start":{"line":123,"column":2},"end":{"line":129,"column":null}}},"fnMap":{"0":{"name":"Dialog","decl":{"start":{"line":9,"column":9},"end":{"line":9,"column":15}},"loc":{"start":{"line":11,"column":52},"end":{"line":13,"column":1}}},"1":{"name":"DialogTrigger","decl":{"start":{"line":15,"column":9},"end":{"line":15,"column":22}},"loc":{"start":{"line":17,"column":55},"end":{"line":19,"column":1}}},"2":{"name":"DialogPortal","decl":{"start":{"line":21,"column":9},"end":{"line":21,"column":21}},"loc":{"start":{"line":23,"column":54},"end":{"line":25,"column":1}}},"3":{"name":"DialogClose","decl":{"start":{"line":27,"column":9},"end":{"line":27,"column":20}},"loc":{"start":{"line":29,"column":53},"end":{"line":31,"column":1}}},"4":{"name":"DialogOverlay","decl":{"start":{"line":33,"column":9},"end":{"line":33,"column":22}},"loc":{"start":{"line":36,"column":55},"end":{"line":47,"column":1}}},"5":{"name":"DialogContent","decl":{"start":{"line":49,"column":9},"end":{"line":49,"column":22}},"loc":{"start":{"line":56,"column":1},"end":{"line":81,"column":1}}},"6":{"name":"DialogHeader","decl":{"start":{"line":83,"column":9},"end":{"line":83,"column":21}},"loc":{"start":{"line":83,"column":74},"end":{"line":91,"column":1}}},"7":{"name":"DialogFooter","decl":{"start":{"line":93,"column":9},"end":{"line":93,"column":21}},"loc":{"start":{"line":93,"column":74},"end":{"line":104,"column":1}}},"8":{"name":"DialogTitle","decl":{"start":{"line":106,"column":9},"end":{"line":106,"column":20}},"loc":{"start":{"line":109,"column":53},"end":{"line":117,"column":1}}},"9":{"name":"DialogDescription","decl":{"start":{"line":119,"column":9},"end":{"line":119,"column":26}},"loc":{"start":{"line":122,"column":59},"end":{"line":130,"column":1}}}},"branchMap":{"0":{"loc":{"start":{"line":52,"column":2},"end":{"line":52,"column":24}},"type":"default-arg","locations":[{"start":{"line":52,"column":20},"end":{"line":52,"column":24}}]},"1":{"loc":{"start":{"line":69,"column":9},"end":{"line":76,"column":null}},"type":"binary-expr","locations":[{"start":{"line":69,"column":9},"end":{"line":69,"column":24}},{"start":{"line":70,"column":10},"end":{"line":75,"column":null}}]}},"s":{"0":3,"1":3,"2":3,"3":3,"4":3,"5":3,"6":3,"7":3,"8":3,"9":3,"10":3,"11":3,"12":3,"13":44,"14":44,"15":9,"16":9,"17":44,"18":44,"19":6,"20":6,"21":14,"22":14,"23":14,"24":44,"25":44,"26":44,"27":9,"28":9,"29":9,"30":6,"31":6,"32":6,"33":9,"34":9,"35":9,"36":9,"37":9,"38":9},"f":{"0":44,"1":9,"2":44,"3":6,"4":14,"5":44,"6":9,"7":6,"8":9,"9":9},"b":{"0":[42],"1":[44,43]}}
,"C:\\Users\\29791155\\Desktop\\Vernera mape\\Workspaces\\ReactWorkspace2\\react-project-3 (3)\\pokemon-evolution-tree-explorer\\pokemon-evolution-tree-explorer\\src\\components\\ui\\input.tsx": {"path":"C:\\Users\\29791155\\Desktop\\Vernera mape\\Workspaces\\ReactWorkspace2\\react-project-3 (3)\\pokemon-evolution-tree-explorer\\pokemon-evolution-tree-explorer\\src\\components\\ui\\input.tsx","statementMap":{"0":{"start":{"line":21,"column":9},"end":{"line":21,"column":14}},"1":{"start":{"line":3,"column":0},"end":{"line":3,"column":32}},"2":{"start":{"line":5,"column":32},"end":{"line":5,"column":37}},"3":{"start":{"line":5,"column":42},"end":{"line":5,"column":75}},"4":{"start":{"line":6,"column":2},"end":{"line":18,"column":null}}},"fnMap":{"0":{"name":"Input","decl":{"start":{"line":5,"column":9},"end":{"line":5,"column":14}},"loc":{"start":{"line":5,"column":75},"end":{"line":19,"column":1}}}},"branchMap":{},"s":{"0":3,"1":3,"2":64,"3":64,"4":64},"f":{"0":64},"b":{}}
,"C:\\Users\\29791155\\Desktop\\Vernera mape\\Workspaces\\ReactWorkspace2\\react-project-3 (3)\\pokemon-evolution-tree-explorer\\pokemon-evolution-tree-explorer\\src\\components\\ui\\item.tsx": {"path":"C:\\Users\\29791155\\Desktop\\Vernera mape\\Workspaces\\ReactWorkspace2\\react-project-3 (3)\\pokemon-evolution-tree-explorer\\pokemon-evolution-tree-explorer\\src\\components\\ui\\item.tsx","statementMap":{"0":{"start":{"line":183,"column":2},"end":{"line":183,"column":6}},"1":{"start":{"line":184,"column":2},"end":{"line":184,"column":11}},"2":{"start":{"line":185,"column":2},"end":{"line":185,"column":13}},"3":{"start":{"line":186,"column":2},"end":{"line":186,"column":13}},"4":{"start":{"line":187,"column":2},"end":{"line":187,"column":11}},"5":{"start":{"line":188,"column":2},"end":{"line":188,"column":15}},"6":{"start":{"line":189,"column":2},"end":{"line":189,"column":11}},"7":{"start":{"line":190,"column":2},"end":{"line":190,"column":17}},"8":{"start":{"line":191,"column":2},"end":{"line":191,"column":12}},"9":{"start":{"line":192,"column":2},"end":{"line":192,"column":12}},"10":{"start":{"line":2,"column":0},"end":{"line":2,"column":43}},"11":{"start":{"line":3,"column":0},"end":{"line":3,"column":65}},"12":{"start":{"line":5,"column":0},"end":{"line":5,"column":32}},"13":{"start":{"line":6,"column":0},"end":{"line":6,"column":53}},"14":{"start":{"line":8,"column":30},"end":{"line":8,"column":35}},"15":{"start":{"line":8,"column":40},"end":{"line":8,"column":71}},"16":{"start":{"line":9,"column":2},"end":{"line":16,"column":null}},"17":{"start":{"line":20,"column":11},"end":{"line":20,"column":null}},"18":{"start":{"line":21,"column":10},"end":{"line":22,"column":41}},"19":{"start":{"line":23,"column":2},"end":{"line":30,"column":null}},"20":{"start":{"line":33,"column":21},"end":{"line":51,"column":null}},"21":{"start":{"line":58,"column":17},"end":{"line":58,"column":null}},"22":{"start":{"line":59,"column":10},"end":{"line":60,"column":null}},"23":{"start":{"line":62,"column":15},"end":{"line":62,"column":37}},"24":{"start":{"line":63,"column":2},"end":{"line":71,"column":null}},"25":{"start":{"line":74,"column":26},"end":{"line":88,"column":null}},"26":{"start":{"line":93,"column":21},"end":{"line":93,"column":null}},"27":{"start":{"line":94,"column":10},"end":{"line":95,"column":71}},"28":{"start":{"line":96,"column":2},"end":{"line":103,"column":null}},"29":{"start":{"line":106,"column":32},"end":{"line":106,"column":37}},"30":{"start":{"line":106,"column":42},"end":{"line":106,"column":73}},"31":{"start":{"line":107,"column":2},"end":{"line":116,"column":null}},"32":{"start":{"line":119,"column":30},"end":{"line":119,"column":35}},"33":{"start":{"line":119,"column":40},"end":{"line":119,"column":71}},"34":{"start":{"line":120,"column":2},"end":{"line":129,"column":null}},"35":{"start":{"line":132,"column":36},"end":{"line":132,"column":41}},"36":{"start":{"line":132,"column":46},"end":{"line":132,"column":75}},"37":{"start":{"line":133,"column":2},"end":{"line":143,"column":null}},"38":{"start":{"line":146,"column":32},"end":{"line":146,"column":37}},"39":{"start":{"line":146,"column":42},"end":{"line":146,"column":73}},"40":{"start":{"line":147,"column":2},"end":{"line":153,"column":null}},"41":{"start":{"line":156,"column":31},"end":{"line":156,"column":36}},"42":{"start":{"line":156,"column":41},"end":{"line":156,"column":72}},"43":{"start":{"line":157,"column":2},"end":{"line":166,"column":null}},"44":{"start":{"line":169,"column":31},"end":{"line":169,"column":36}},"45":{"start":{"line":169,"column":41},"end":{"line":169,"column":72}},"46":{"start":{"line":170,"column":2},"end":{"line":179,"column":null}}},"fnMap":{"0":{"name":"ItemGroup","decl":{"start":{"line":8,"column":9},"end":{"line":8,"column":18}},"loc":{"start":{"line":8,"column":71},"end":{"line":17,"column":1}}},"1":{"name":"ItemSeparator","decl":{"start":{"line":19,"column":9},"end":{"line":19,"column":22}},"loc":{"start":{"line":22,"column":41},"end":{"line":31,"column":1}}},"2":{"name":"Item","decl":{"start":{"line":54,"column":9},"end":{"line":54,"column":13}},"loc":{"start":{"line":61,"column":59},"end":{"line":72,"column":1}}},"3":{"name":"ItemMedia","decl":{"start":{"line":91,"column":9},"end":{"line":91,"column":18}},"loc":{"start":{"line":95,"column":71},"end":{"line":104,"column":1}}},"4":{"name":"ItemContent","decl":{"start":{"line":106,"column":9},"end":{"line":106,"column":20}},"loc":{"start":{"line":106,"column":73},"end":{"line":117,"column":1}}},"5":{"name":"ItemTitle","decl":{"start":{"line":119,"column":9},"end":{"line":119,"column":18}},"loc":{"start":{"line":119,"column":71},"end":{"line":130,"column":1}}},"6":{"name":"ItemDescription","decl":{"start":{"line":132,"column":9},"end":{"line":132,"column":24}},"loc":{"start":{"line":132,"column":75},"end":{"line":144,"column":1}}},"7":{"name":"ItemActions","decl":{"start":{"line":146,"column":9},"end":{"line":146,"column":20}},"loc":{"start":{"line":146,"column":73},"end":{"line":154,"column":1}}},"8":{"name":"ItemHeader","decl":{"start":{"line":156,"column":9},"end":{"line":156,"column":19}},"loc":{"start":{"line":156,"column":72},"end":{"line":167,"column":1}}},"9":{"name":"ItemFooter","decl":{"start":{"line":169,"column":9},"end":{"line":169,"column":19}},"loc":{"start":{"line":169,"column":72},"end":{"line":180,"column":1}}}},"branchMap":{"0":{"loc":{"start":{"line":56,"column":2},"end":{"line":56,"column":21}},"type":"default-arg","locations":[{"start":{"line":56,"column":12},"end":{"line":56,"column":21}}]},"1":{"loc":{"start":{"line":57,"column":2},"end":{"line":57,"column":18}},"type":"default-arg","locations":[{"start":{"line":57,"column":9},"end":{"line":57,"column":18}}]},"2":{"loc":{"start":{"line":58,"column":2},"end":{"line":58,"column":17}},"type":"default-arg","locations":[{"start":{"line":58,"column":12},"end":{"line":58,"column":17}}]},"3":{"loc":{"start":{"line":62,"column":15},"end":{"line":62,"column":37}},"type":"cond-expr","locations":[{"start":{"line":62,"column":25},"end":{"line":62,"column":29}},{"start":{"line":62,"column":32},"end":{"line":62,"column":37}}]},"4":{"loc":{"start":{"line":93,"column":2},"end":{"line":93,"column":21}},"type":"default-arg","locations":[{"start":{"line":93,"column":12},"end":{"line":93,"column":21}}]}},"s":{"0":2,"1":2,"2":2,"3":2,"4":2,"5":2,"6":2,"7":2,"8":2,"9":2,"10":2,"11":2,"12":2,"13":2,"14":10,"15":10,"16":10,"17":1,"18":1,"19":1,"20":2,"21":46,"22":46,"23":46,"24":46,"25":2,"26":40,"27":40,"28":40,"29":38,"30":38,"31":38,"32":38,"33":38,"34":38,"35":38,"36":38,"37":38,"38":6,"39":6,"40":6,"41":6,"42":6,"43":6,"44":6,"45":6,"46":6},"f":{"0":10,"1":1,"2":46,"3":40,"4":38,"5":38,"6":38,"7":6,"8":6,"9":6},"b":{"0":[14],"1":[14],"2":[44],"3":[1,45],"4":[33]}}
,"C:\\Users\\29791155\\Desktop\\Vernera mape\\Workspaces\\ReactWorkspace2\\react-project-3 (3)\\pokemon-evolution-tree-explorer\\pokemon-evolution-tree-explorer\\src\\components\\ui\\separator.tsx": {"path":"C:\\Users\\29791155\\Desktop\\Vernera mape\\Workspaces\\ReactWorkspace2\\react-project-3 (3)\\pokemon-evolution-tree-explorer\\pokemon-evolution-tree-explorer\\src\\components\\ui\\separator.tsx","statementMap":{"0":{"start":{"line":26,"column":9},"end":{"line":26,"column":18}},"1":{"start":{"line":2,"column":0},"end":{"line":2,"column":63}},"2":{"start":{"line":4,"column":0},"end":{"line":4,"column":32}},"3":{"start":{"line":9,"column":19},"end":{"line":9,"column":null}},"4":{"start":{"line":10,"column":10},"end":{"line":11,"column":55}},"5":{"start":{"line":12,"column":2},"end":{"line":23,"column":null}}},"fnMap":{"0":{"name":"Separator","decl":{"start":{"line":6,"column":9},"end":{"line":6,"column":18}},"loc":{"start":{"line":11,"column":55},"end":{"line":24,"column":1}}}},"branchMap":{"0":{"loc":{"start":{"line":8,"column":2},"end":{"line":8,"column":28}},"type":"default-arg","locations":[{"start":{"line":8,"column":16},"end":{"line":8,"column":28}}]},"1":{"loc":{"start":{"line":9,"column":2},"end":{"line":9,"column":19}},"type":"default-arg","locations":[{"start":{"line":9,"column":15},"end":{"line":9,"column":19}}]}},"s":{"0":3,"1":3,"2":3,"3":8,"4":8,"5":8},"f":{"0":8},"b":{"0":[5],"1":[6]}}
,"C:\\Users\\29791155\\Desktop\\Vernera mape\\Workspaces\\ReactWorkspace2\\react-project-3 (3)\\pokemon-evolution-tree-explorer\\pokemon-evolution-tree-explorer\\src\\components\\ui\\tooltip.tsx": {"path":"C:\\Users\\29791155\\Desktop\\Vernera mape\\Workspaces\\ReactWorkspace2\\react-project-3 (3)\\pokemon-evolution-tree-explorer\\pokemon-evolution-tree-explorer\\src\\components\\ui\\tooltip.tsx","statementMap":{"0":{"start":{"line":59,"column":9},"end":{"line":59,"column":16}},"1":{"start":{"line":59,"column":18},"end":{"line":59,"column":32}},"2":{"start":{"line":59,"column":34},"end":{"line":59,"column":48}},"3":{"start":{"line":59,"column":50},"end":{"line":59,"column":65}},"4":{"start":{"line":2,"column":0},"end":{"line":2,"column":59}},"5":{"start":{"line":4,"column":0},"end":{"line":4,"column":32}},"6":{"start":{"line":7,"column":19},"end":{"line":7,"column":null}},"7":{"start":{"line":8,"column":10},"end":{"line":9,"column":57}},"8":{"start":{"line":10,"column":2},"end":{"line":16,"column":null}},"9":{"start":{"line":20,"column":10},"end":{"line":21,"column":53}},"10":{"start":{"line":22,"column":2},"end":{"line":26,"column":null}},"11":{"start":{"line":30,"column":10},"end":{"line":31,"column":56}},"12":{"start":{"line":32,"column":2},"end":{"line":32,"column":null}},"13":{"start":{"line":38,"column":10},"end":{"line":38,"column":null}},"14":{"start":{"line":39,"column":10},"end":{"line":40,"column":56}},"15":{"start":{"line":41,"column":2},"end":{"line":56,"column":null}}},"fnMap":{"0":{"name":"TooltipProvider","decl":{"start":{"line":6,"column":9},"end":{"line":6,"column":24}},"loc":{"start":{"line":9,"column":57},"end":{"line":17,"column":1}}},"1":{"name":"Tooltip","decl":{"start":{"line":19,"column":9},"end":{"line":19,"column":16}},"loc":{"start":{"line":21,"column":53},"end":{"line":27,"column":1}}},"2":{"name":"TooltipTrigger","decl":{"start":{"line":29,"column":9},"end":{"line":29,"column":23}},"loc":{"start":{"line":31,"column":56},"end":{"line":33,"column":1}}},"3":{"name":"TooltipContent","decl":{"start":{"line":35,"column":9},"end":{"line":35,"column":23}},"loc":{"start":{"line":40,"column":56},"end":{"line":57,"column":1}}}},"branchMap":{"0":{"loc":{"start":{"line":7,"column":2},"end":{"line":7,"column":19}},"type":"default-arg","locations":[{"start":{"line":7,"column":18},"end":{"line":7,"column":19}}]},"1":{"loc":{"start":{"line":37,"column":2},"end":{"line":37,"column":16}},"type":"default-arg","locations":[{"start":{"line":37,"column":15},"end":{"line":37,"column":16}}]}},"s":{"0":3,"1":3,"2":3,"3":3,"4":3,"5":3,"6":41,"7":41,"8":41,"9":41,"10":41,"11":41,"12":41,"13":41,"14":41,"15":41},"f":{"0":41,"1":41,"2":41,"3":41},"b":{"0":[41],"1":[40]}}
,"C:\\Users\\29791155\\Desktop\\Vernera mape\\Workspaces\\ReactWorkspace2\\react-project-3 (3)\\pokemon-evolution-tree-explorer\\pokemon-evolution-tree-explorer\\src\\components\\ui\\typography.tsx": {"path":"C:\\Users\\29791155\\Desktop\\Vernera mape\\Workspaces\\ReactWorkspace2\\react-project-3 (3)\\pokemon-evolution-tree-explorer\\pokemon-evolution-tree-explorer\\src\\components\\ui\\typography.tsx","statementMap":{"0":{"start":{"line":69,"column":9},"end":{"line":69,"column":19}},"1":{"start":{"line":2,"column":0},"end":{"line":2,"column":43}},"2":{"start":{"line":3,"column":0},"end":{"line":3,"column":65}},"3":{"start":{"line":5,"column":0},"end":{"line":5,"column":32}},"4":{"start":{"line":22,"column":27},"end":{"line":46,"column":null}},"5":{"start":{"line":53,"column":19},"end":{"line":53,"column":null}},"6":{"start":{"line":54,"column":12},"end":{"line":55,"column":null}},"7":{"start":{"line":59,"column":21},"end":{"line":59,"column":42}},"8":{"start":{"line":60,"column":2},"end":{"line":66,"column":null}}},"fnMap":{"0":{"name":"Typography","decl":{"start":{"line":49,"column":9},"end":{"line":49,"column":19}},"loc":{"start":{"line":58,"column":1},"end":{"line":67,"column":1}}}},"branchMap":{"0":{"loc":{"start":{"line":52,"column":8},"end":{"line":52,"column":18}},"type":"default-arg","locations":[{"start":{"line":52,"column":15},"end":{"line":52,"column":18}}]},"1":{"loc":{"start":{"line":53,"column":4},"end":{"line":53,"column":19}},"type":"default-arg","locations":[{"start":{"line":53,"column":14},"end":{"line":53,"column":19}}]},"2":{"loc":{"start":{"line":59,"column":21},"end":{"line":59,"column":42}},"type":"cond-expr","locations":[{"start":{"line":59,"column":31},"end":{"line":59,"column":35}},{"start":{"line":59,"column":38},"end":{"line":59,"column":42}}]}},"s":{"0":9,"1":9,"2":9,"3":9,"4":9,"5":609,"6":609,"7":609,"8":609},"f":{"0":609},"b":{"0":[150],"1":[608],"2":[1,608]}}
,"C:\\Users\\29791155\\Desktop\\Vernera mape\\Workspaces\\ReactWorkspace2\\react-project-3 (3)\\pokemon-evolution-tree-explorer\\pokemon-evolution-tree-explorer\\src\\hooks\\pokemon\\getEvolutionChain.ts": {"path":"C:\\Users\\29791155\\Desktop\\Vernera mape\\Workspaces\\ReactWorkspace2\\react-project-3 (3)\\pokemon-evolution-tree-explorer\\pokemon-evolution-tree-explorer\\src\\hooks\\pokemon\\getEvolutionChain.ts","statementMap":{"0":{"start":{"line":1,"column":0},"end":{"line":1,"column":90}},"1":{"start":{"line":2,"column":0},"end":{"line":2,"column":49}},"2":{"start":{"line":7,"column":13},"end":{"line":7,"column":39}},"3":{"start":{"line":10,"column":32},"end":{"line":44,"column":2}},"4":{"start":{"line":10,"column":68},"end":{"line":44,"column":2}},"5":{"start":{"line":12,"column":23},"end":{"line":40,"column":4}},"6":{"start":{"line":12,"column":99},"end":{"line":40,"column":4}},"7":{"start":{"line":14,"column":28},"end":{"line":14,"column":68}},"8":{"start":{"line":15,"column":24},"end":{"line":15,"column":44}},"9":{"start":{"line":18,"column":24},"end":{"line":22,"column":null}},"10":{"start":{"line":26,"column":4},"end":{"line":28,"column":5}},"11":{"start":{"line":27,"column":6},"end":{"line":27,"column":44}},"12":{"start":{"line":31,"column":22},"end":{"line":31,"column":24}},"13":{"start":{"line":32,"column":4},"end":{"line":34,"column":5}},"14":{"start":{"line":33,"column":6},"end":{"line":33,"column":68}},"15":{"start":{"line":37,"column":4},"end":{"line":37,"column":41}},"16":{"start":{"line":39,"column":4},"end":{"line":39,"column":26}},"17":{"start":{"line":43,"column":2},"end":{"line":43,"column":37}},"18":{"start":{"line":46,"column":36},"end":{"line":65,"column":1}},"19":{"start":{"line":47,"column":2},"end":{"line":64,"column":5}},"20":{"start":{"line":49,"column":24},"end":{"line":62,"column":null}},"21":{"start":{"line":51,"column":30},"end":{"line":51,"column":66}},"22":{"start":{"line":52,"column":32},"end":{"line":52,"column":72}},"23":{"start":{"line":55,"column":31},"end":{"line":55,"column":76}},"24":{"start":{"line":58,"column":37},"end":{"line":58,"column":78}},"25":{"start":{"line":61,"column":6},"end":{"line":61,"column":78}},"26":{"start":{"line":46,"column":13},"end":{"line":46,"column":36}}},"fnMap":{"0":{"name":"(anonymous_7)","decl":{"start":{"line":10,"column":32},"end":{"line":10,"column":39}},"loc":{"start":{"line":10,"column":68},"end":{"line":44,"column":2}}},"1":{"name":"(anonymous_8)","decl":{"start":{"line":10,"column":68},"end":{"line":10,"column":null}},"loc":{"start":{"line":10,"column":68},"end":{"line":44,"column":1}}},"2":{"name":"(anonymous_9)","decl":{"start":{"line":12,"column":23},"end":{"line":12,"column":30}},"loc":{"start":{"line":12,"column":99},"end":{"line":40,"column":4}}},"3":{"name":"(anonymous_10)","decl":{"start":{"line":12,"column":99},"end":{"line":12,"column":null}},"loc":{"start":{"line":12,"column":99},"end":{"line":40,"column":3}}},"4":{"name":"(anonymous_11)","decl":{"start":{"line":46,"column":36},"end":{"line":46,"column":37}},"loc":{"start":{"line":46,"column":60},"end":{"line":65,"column":1}}},"5":{"name":"(anonymous_12)","decl":{"start":{"line":49,"column":13},"end":{"line":49,"column":22}},"loc":{"start":{"line":49,"column":24},"end":{"line":62,"column":null}}},"6":{"name":"(anonymous_13)","decl":{"start":{"line":49,"column":24},"end":{"line":49,"column":null}},"loc":{"start":{"line":49,"column":24},"end":{"line":62,"column":5}}}},"branchMap":{"0":{"loc":{"start":{"line":20,"column":24},"end":{"line":20,"column":84}},"type":"binary-expr","locations":[{"start":{"line":20,"column":24},"end":{"line":20,"column":71}},{"start":{"line":20,"column":75},"end":{"line":20,"column":84}}]},"1":{"loc":{"start":{"line":20,"column":24},"end":{"line":20,"column":71}},"type":"cond-expr","locations":[{"start":{"line":20,"column":65},"end":{"line":20,"column":67}},{"start":{"line":20,"column":65},"end":{"line":20,"column":71}}]},"2":{"loc":{"start":{"line":20,"column":24},"end":{"line":20,"column":67}},"type":"binary-expr","locations":[{"start":{"line":20,"column":24},"end":{"line":20,"column":67}},{"start":{"line":20,"column":65},"end":{"line":20,"column":67}}]},"3":{"loc":{"start":{"line":20,"column":24},"end":{"line":20,"column":65}},"type":"cond-expr","locations":[{"start":{"line":20,"column":56},"end":{"line":20,"column":58}},{"start":{"line":20,"column":56},"end":{"line":20,"column":65}}]},"4":{"loc":{"start":{"line":20,"column":24},"end":{"line":20,"column":58}},"type":"binary-expr","locations":[{"start":{"line":20,"column":24},"end":{"line":20,"column":58}},{"start":{"line":20,"column":56},"end":{"line":20,"column":58}}]},"5":{"loc":{"start":{"line":20,"column":24},"end":{"line":20,"column":56}},"type":"cond-expr","locations":[{"start":{"line":20,"column":51},"end":{"line":20,"column":54}},{"start":{"line":20,"column":51},"end":{"line":20,"column":56}}]},"6":{"loc":{"start":{"line":20,"column":24},"end":{"line":20,"column":54}},"type":"binary-expr","locations":[{"start":{"line":20,"column":24},"end":{"line":20,"column":54}},{"start":{"line":20,"column":51},"end":{"line":20,"column":54}}]},"7":{"loc":{"start":{"line":21,"column":26},"end":{"line":21,"column":135}},"type":"cond-expr","locations":[{"start":{"line":21,"column":72},"end":{"line":21,"column":123}},{"start":{"line":21,"column":126},"end":{"line":21,"column":135}}]},"8":{"loc":{"start":{"line":21,"column":26},"end":{"line":21,"column":69}},"type":"cond-expr","locations":[{"start":{"line":21,"column":58},"end":{"line":21,"column":60}},{"start":{"line":21,"column":58},"end":{"line":21,"column":69}}]},"9":{"loc":{"start":{"line":21,"column":26},"end":{"line":21,"column":60}},"type":"binary-expr","locations":[{"start":{"line":21,"column":26},"end":{"line":21,"column":60}},{"start":{"line":21,"column":58},"end":{"line":21,"column":60}}]},"10":{"loc":{"start":{"line":21,"column":26},"end":{"line":21,"column":58}},"type":"cond-expr","locations":[{"start":{"line":21,"column":53},"end":{"line":21,"column":56}},{"start":{"line":21,"column":53},"end":{"line":21,"column":58}}]},"11":{"loc":{"start":{"line":21,"column":26},"end":{"line":21,"column":56}},"type":"binary-expr","locations":[{"start":{"line":21,"column":26},"end":{"line":21,"column":56}},{"start":{"line":21,"column":53},"end":{"line":21,"column":56}}]},"12":{"loc":{"start":{"line":26,"column":4},"end":{"line":28,"column":5}},"type":"if","locations":[{"start":{"line":26,"column":4},"end":{"line":28,"column":5}},{"start":{},"end":{}}]}},"s":{"0":1,"1":1,"2":1,"3":1,"4":4,"5":4,"6":20,"7":20,"8":20,"9":20,"10":20,"11":16,"12":20,"13":20,"14":16,"15":20,"16":20,"17":4,"18":1,"19":11,"20":6,"21":6,"22":4,"23":4,"24":4,"25":4,"26":1},"f":{"0":4,"1":4,"2":20,"3":20,"4":11,"5":6,"6":6},"b":{"0":[20,4],"1":[4,16],"2":[20,20],"3":[4,16],"4":[20,20],"5":[0,20],"6":[20,20],"7":[16,4],"8":[4,16],"9":[20,20],"10":[0,20],"11":[20,20],"12":[16,4]}}
,"C:\\Users\\29791155\\Desktop\\Vernera mape\\Workspaces\\ReactWorkspace2\\react-project-3 (3)\\pokemon-evolution-tree-explorer\\pokemon-evolution-tree-explorer\\src\\lib\\utils.ts": {"path":"C:\\Users\\29791155\\Desktop\\Vernera mape\\Workspaces\\ReactWorkspace2\\react-project-3 (3)\\pokemon-evolution-tree-explorer\\pokemon-evolution-tree-explorer\\src\\lib\\utils.ts","statementMap":{"0":{"start":{"line":4,"column":0},"end":{"line":4,"column":16}},"1":{"start":{"line":1,"column":0},"end":{"line":1,"column":44}},"2":{"start":{"line":2,"column":0},"end":{"line":2,"column":40}},"3":{"start":{"line":5,"column":2},"end":{"line":5,"column":null}}},"fnMap":{"0":{"name":"cn","decl":{"start":{"line":4,"column":16},"end":{"line":4,"column":18}},"loc":{"start":{"line":4,"column":42},"end":{"line":6,"column":1}}}},"branchMap":{},"s":{"0":17,"1":17,"2":17,"3":2816},"f":{"0":2816},"b":{}}
,"C:\\Users\\29791155\\Desktop\\Vernera mape\\Workspaces\\ReactWorkspace2\\react-project-3 (3)\\pokemon-evolution-tree-explorer\\pokemon-evolution-tree-explorer\\src\\screens\\PokemonDetail\\index.tsx": {"path":"C:\\Users\\29791155\\Desktop\\Vernera mape\\Workspaces\\ReactWorkspace2\\react-project-3 (3)\\pokemon-evolution-tree-explorer\\pokemon-evolution-tree-explorer\\src\\screens\\PokemonDetail\\index.tsx","statementMap":{"0":{"start":{"line":1,"column":0},"end":{"line":1,"column":58}},"1":{"start":{"line":2,"column":0},"end":{"line":2,"column":55}},"2":{"start":{"line":3,"column":0},"end":{"line":3,"column":68}},"3":{"start":{"line":4,"column":0},"end":{"line":4,"column":45}},"4":{"start":{"line":5,"column":0},"end":{"line":5,"column":73}},"5":{"start":{"line":7,"column":22},"end":{"line":55,"column":1}},"6":{"start":{"line":8,"column":17},"end":{"line":8,"column":44}},"7":{"start":{"line":9,"column":53},"end":{"line":9,"column":83}},"8":{"start":{"line":12,"column":40},"end":{"line":12,"column":55}},"9":{"start":{"line":13,"column":22},"end":{"line":13,"column":34}},"10":{"start":{"line":16,"column":2},"end":{"line":33,"column":23}},"11":{"start":{"line":20,"column":29},"end":{"line":20,"column":31}},"12":{"start":{"line":22,"column":26},"end":{"line":29,"column":5}},"13":{"start":{"line":23,"column":6},"end":{"line":28,"column":7}},"14":{"start":{"line":24,"column":32},"end":{"line":24,"column":51}},"15":{"start":{"line":25,"column":28},"end":{"line":25,"column":45}},"16":{"start":{"line":26,"column":8},"end":{"line":26,"column":93}},"17":{"start":{"line":26,"column":60},"end":{"line":26,"column":93}},"18":{"start":{"line":27,"column":8},"end":{"line":27,"column":89}},"19":{"start":{"line":27,"column":40},"end":{"line":27,"column":89}},"20":{"start":{"line":30,"column":4},"end":{"line":30,"column":20}},"21":{"start":{"line":31,"column":4},"end":{"line":31,"column":53}},"22":{"start":{"line":32,"column":4},"end":{"line":32,"column":69}},"23":{"start":{"line":32,"column":17},"end":{"line":32,"column":68}},"24":{"start":{"line":36,"column":2},"end":{"line":36,"column":62}},"25":{"start":{"line":36,"column":17},"end":{"line":36,"column":62}},"26":{"start":{"line":37,"column":2},"end":{"line":37,"column":78}},"27":{"start":{"line":37,"column":13},"end":{"line":37,"column":78}},"28":{"start":{"line":38,"column":2},"end":{"line":38,"column":97}},"29":{"start":{"line":38,"column":54},"end":{"line":38,"column":97}},"30":{"start":{"line":40,"column":2},"end":{"line":54,"column":4}},"31":{"start":{"line":45,"column":10},"end":{"line":45,"column":47}},"32":{"start":{"line":50,"column":10},"end":{"line":50,"column":54}},"33":{"start":{"line":57,"column":0},"end":{"line":57,"column":29}}},"fnMap":{"0":{"name":"(anonymous_1)","decl":{"start":{"line":7,"column":22},"end":{"line":7,"column":25}},"loc":{"start":{"line":7,"column":27},"end":{"line":55,"column":1}}},"1":{"name":"(anonymous_2)","decl":{"start":{"line":16,"column":18},"end":{"line":16,"column":21}},"loc":{"start":{"line":16,"column":23},"end":{"line":33,"column":3}}},"2":{"name":"(anonymous_3)","decl":{"start":{"line":22,"column":26},"end":{"line":22,"column":29}},"loc":{"start":{"line":22,"column":31},"end":{"line":29,"column":5}}},"3":{"name":"(anonymous_4)","decl":{"start":{"line":32,"column":11},"end":{"line":32,"column":14}},"loc":{"start":{"line":32,"column":17},"end":{"line":32,"column":68}}},"4":{"name":"(anonymous_5)","decl":{"start":{"line":44,"column":28},"end":{"line":44,"column":29}},"loc":{"start":{"line":45,"column":10},"end":{"line":45,"column":47}}},"5":{"name":"(anonymous_6)","decl":{"start":{"line":49,"column":28},"end":{"line":49,"column":29}},"loc":{"start":{"line":50,"column":10},"end":{"line":50,"column":54}}}},"branchMap":{"0":{"loc":{"start":{"line":9,"column":74},"end":{"line":9,"column":82}},"type":"binary-expr","locations":[{"start":{"line":9,"column":74},"end":{"line":9,"column":76}},{"start":{"line":9,"column":80},"end":{"line":9,"column":82}}]},"1":{"loc":{"start":{"line":23,"column":6},"end":{"line":28,"column":7}},"type":"if","locations":[{"start":{"line":23,"column":6},"end":{"line":28,"column":7}},{"start":{},"end":{}}]},"2":{"loc":{"start":{"line":26,"column":8},"end":{"line":26,"column":93}},"type":"if","locations":[{"start":{"line":26,"column":8},"end":{"line":26,"column":93}},{"start":{},"end":{}}]},"3":{"loc":{"start":{"line":26,"column":12},"end":{"line":26,"column":58}},"type":"binary-expr","locations":[{"start":{"line":26,"column":12},"end":{"line":26,"column":29}},{"start":{"line":26,"column":33},"end":{"line":26,"column":58}}]},"4":{"loc":{"start":{"line":27,"column":8},"end":{"line":27,"column":89}},"type":"if","locations":[{"start":{"line":27,"column":8},"end":{"line":27,"column":89}},{"start":{},"end":{}}]},"5":{"loc":{"start":{"line":36,"column":2},"end":{"line":36,"column":62}},"type":"if","locations":[{"start":{"line":36,"column":2},"end":{"line":36,"column":62}},{"start":{},"end":{}}]},"6":{"loc":{"start":{"line":37,"column":2},"end":{"line":37,"column":78}},"type":"if","locations":[{"start":{"line":37,"column":2},"end":{"line":37,"column":78}},{"start":{},"end":{}}]},"7":{"loc":{"start":{"line":38,"column":2},"end":{"line":38,"column":97}},"type":"if","locations":[{"start":{"line":38,"column":2},"end":{"line":38,"column":97}},{"start":{},"end":{}}]},"8":{"loc":{"start":{"line":38,"column":6},"end":{"line":38,"column":52}},"type":"binary-expr","locations":[{"start":{"line":38,"column":6},"end":{"line":38,"column":21}},{"start":{"line":38,"column":25},"end":{"line":38,"column":52}}]},"9":{"loc":{"start":{"line":43,"column":43},"end":{"line":43,"column":70}},"type":"cond-expr","locations":[{"start":{"line":43,"column":57},"end":{"line":43,"column":65}},{"start":{"line":43,"column":68},"end":{"line":43,"column":70}}]},"10":{"loc":{"start":{"line":48,"column":25},"end":{"line":48,"column":52}},"type":"cond-expr","locations":[{"start":{"line":48,"column":39},"end":{"line":48,"column":41}},{"start":{"line":48,"column":44},"end":{"line":48,"column":52}}]}},"s":{"0":1,"1":1,"2":1,"3":1,"4":1,"5":1,"6":6,"7":6,"8":6,"9":6,"10":6,"11":5,"12":5,"13":5,"14":3,"15":3,"16":3,"17":2,"18":3,"19":2,"20":5,"21":5,"22":5,"23":5,"24":6,"25":1,"26":5,"27":1,"28":4,"29":0,"30":4,"31":4,"32":4,"33":1},"f":{"0":6,"1":5,"2":5,"3":5,"4":4,"5":4},"b":{"0":[6,0],"1":[3,2],"2":[2,1],"3":[3,2],"4":[2,1],"5":[1,5],"6":[1,4],"7":[0,4],"8":[4,4],"9":[1,3],"10":[1,3]}}
,"C:\\Users\\29791155\\Desktop\\Vernera mape\\Workspaces\\ReactWorkspace2\\react-project-3 (3)\\pokemon-evolution-tree-explorer\\pokemon-evolution-tree-explorer\\src\\screens\\PokemonDetail\\compactEvolutionChainNode\\index.tsx": {"path":"C:\\Users\\29791155\\Desktop\\Vernera mape\\Workspaces\\ReactWorkspace2\\react-project-3 (3)\\pokemon-evolution-tree-explorer\\pokemon-evolution-tree-explorer\\src\\screens\\PokemonDetail\\compactEvolutionChainNode\\index.tsx","statementMap":{"0":{"start":{"line":1,"column":0},"end":{"line":1,"column":55}},"1":{"start":{"line":2,"column":0},"end":{"line":2,"column":56}},"2":{"start":{"line":5,"column":34},"end":{"line":34,"column":1}},"3":{"start":{"line":10,"column":26},"end":{"line":10,"column":51}},"4":{"start":{"line":12,"column":2},"end":{"line":33,"column":4}},"5":{"start":{"line":24,"column":10},"end":{"line":25,"column":null}},"6":{"start":{"line":36,"column":0},"end":{"line":36,"column":41}}},"fnMap":{"0":{"name":"(anonymous_1)","decl":{"start":{"line":5,"column":34},"end":{"line":5,"column":35}},"loc":{"start":{"line":9,"column":37},"end":{"line":34,"column":1}}},"1":{"name":"(anonymous_2)","decl":{"start":{"line":23,"column":31},"end":{"line":23,"column":32}},"loc":{"start":{"line":24,"column":10},"end":{"line":25,"column":null}}}},"branchMap":{"0":{"loc":{"start":{"line":7,"column":2},"end":{"line":7,"column":11}},"type":"default-arg","locations":[{"start":{"line":7,"column":10},"end":{"line":7,"column":11}}]},"1":{"loc":{"start":{"line":8,"column":2},"end":{"line":8,"column":17}},"type":"default-arg","locations":[{"start":{"line":8,"column":16},"end":{"line":8,"column":17}}]}},"s":{"0":2,"1":2,"2":2,"3":35,"4":35,"5":28,"6":2},"f":{"0":35,"1":28},"b":{"0":[4],"1":[4]}}
,"C:\\Users\\29791155\\Desktop\\Vernera mape\\Workspaces\\ReactWorkspace2\\react-project-3 (3)\\pokemon-evolution-tree-explorer\\pokemon-evolution-tree-explorer\\src\\screens\\PokemonDetail\\compactPokemonCard\\index.tsx": {"path":"C:\\Users\\29791155\\Desktop\\Vernera mape\\Workspaces\\ReactWorkspace2\\react-project-3 (3)\\pokemon-evolution-tree-explorer\\pokemon-evolution-tree-explorer\\src\\screens\\PokemonDetail\\compactPokemonCard\\index.tsx","statementMap":{"0":{"start":{"line":2,"column":0},"end":{"line":2,"column":38}},"1":{"start":{"line":3,"column":0},"end":{"line":3,"column":82}},"2":{"start":{"line":4,"column":0},"end":{"line":4,"column":95}},"3":{"start":{"line":5,"column":0},"end":{"line":5,"column":142}},"4":{"start":{"line":6,"column":0},"end":{"line":6,"column":46}},"5":{"start":{"line":7,"column":0},"end":{"line":7,"column":56}},"6":{"start":{"line":8,"column":0},"end":{"line":8,"column":57}},"7":{"start":{"line":9,"column":0},"end":{"line":9,"column":41}},"8":{"start":{"line":10,"column":0},"end":{"line":10,"column":62}},"9":{"start":{"line":11,"column":0},"end":{"line":11,"column":42}},"10":{"start":{"line":15,"column":17},"end":{"line":18,"column":1}},"11":{"start":{"line":16,"column":2},"end":{"line":16,"column":null}},"12":{"start":{"line":16,"column":33},"end":{"line":16,"column":null}},"13":{"start":{"line":17,"column":2},"end":{"line":17,"column":null}},"14":{"start":{"line":21,"column":32},"end":{"line":30,"column":1}},"15":{"start":{"line":24,"column":26},"end":{"line":24,"column":51}},"16":{"start":{"line":25,"column":25},"end":{"line":25,"column":59}},"17":{"start":{"line":26,"column":19},"end":{"line":27,"column":null}},"18":{"start":{"line":27,"column":4},"end":{"line":27,"column":66}},"19":{"start":{"line":29,"column":2},"end":{"line":29,"column":null}},"20":{"start":{"line":32,"column":27},"end":{"line":104,"column":1}},"21":{"start":{"line":33,"column":22},"end":{"line":33,"column":64}},"22":{"start":{"line":34,"column":18},"end":{"line":34,"column":65}},"23":{"start":{"line":35,"column":19},"end":{"line":35,"column":84}},"24":{"start":{"line":37,"column":38},"end":{"line":37,"column":53}},"25":{"start":{"line":40,"column":24},"end":{"line":40,"column":92}},"26":{"start":{"line":40,"column":38},"end":{"line":40,"column":80}},"27":{"start":{"line":41,"column":23},"end":{"line":41,"column":116}},"28":{"start":{"line":41,"column":37},"end":{"line":41,"column":86}},"29":{"start":{"line":41,"column":66},"end":{"line":41,"column":85}},"30":{"start":{"line":42,"column":26
[...]
,"C:\\Users\\29791155\\Desktop\\Vernera mape\\Workspaces\\ReactWorkspace2\\react-project-3 (3)\\pokemon-evolution-tree-explorer\\pokemon-evolution-tree-explorer\\src\\screens\\PokemonDetail\\compactPokemonCard\\styles.ts": {"path":"C:\\Users\\29791155\\Desktop\\Vernera mape\\Workspaces\\ReactWorkspace2\\react-project-3 (3)\\pokemon-evolution-tree-explorer\\pokemon-evolution-tree-explorer\\src\\screens\\PokemonDetail\\compactPokemonCard\\styles.ts","statementMap":{"0":{"start":{"line":2,"column":13},"end":{"line":21,"column":2}}},"fnMap":{},"branchMap":{},"s":{"0":2},"f":{},"b":{}}
,"C:\\Users\\29791155\\Desktop\\Vernera mape\\Workspaces\\ReactWorkspace2\\react-project-3 (3)\\pokemon-evolution-tree-explorer\\pokemon-evolution-tree-explorer\\src\\screens\\PokemonDetail\\evolutionChainNode\\index.tsx": {"path":"C:\\Users\\29791155\\Desktop\\Vernera mape\\Workspaces\\ReactWorkspace2\\react-project-3 (3)\\pokemon-evolution-tree-explorer\\pokemon-evolution-tree-explorer\\src\\screens\\PokemonDetail\\evolutionChainNode\\index.tsx","statementMap":{"0":{"start":{"line":1,"column":0},"end":{"line":1,"column":41}},"1":{"start":{"line":2,"column":0},"end":{"line":2,"column":65}},"2":{"start":{"line":7,"column":27},"end":{"line":26,"column":1}},"3":{"start":{"line":8,"column":2},"end":{"line":25,"column":4}},"4":{"start":{"line":16,"column":10},"end":{"line":16,"column":34}},"5":{"start":{"line":28,"column":0},"end":{"line":28,"column":34}}},"fnMap":{"0":{"name":"(anonymous_1)","decl":{"start":{"line":7,"column":27},"end":{"line":7,"column":28}},"loc":{"start":{"line":7,"column":68},"end":{"line":26,"column":1}}},"1":{"name":"(anonymous_2)","decl":{"start":{"line":15,"column":39},"end":{"line":15,"column":40}},"loc":{"start":{"line":16,"column":10},"end":{"line":16,"column":34}}}},"branchMap":{"0":{"loc":{"start":{"line":14,"column":30},"end":{"line":14,"column":87}},"type":"cond-expr","locations":[{"start":{"line":14,"column":69},"end":{"line":14,"column":82}},{"start":{"line":14,"column":85},"end":{"line":14,"column":87}}]},"1":{"loc":{"start":{"line":14,"column":31},"end":{"line":14,"column":61}},"type":"cond-expr","locations":[{"start":{"line":14,"column":56},"end":{"line":14,"column":60}},{"start":{"line":14,"column":60},"end":{"line":14,"column":61}}]},"2":{"loc":{"start":{"line":14,"column":31},"end":{"line":14,"column":60}},"type":"binary-expr","locations":[{"start":{"line":14,"column":31},"end":{"line":14,"column":60}},{"start":{"line":14,"column":56},"end":{"line":14,"column":60}}]},"3":{"loc":{"start":{"line":14,"column":31},"end":{"line":14,"column":56}},"type":"cond-expr","locations":[{"start":{"line":14,"column":48},"end":{"line":14,"column":50}},{"start":{"line":14,"column":48},"end":{"line":14,"column":56}}]},"4":{"loc":{"start":{"line":14,"column":31},"end":{"line":14,"column":50}},"type":"binary-expr","locations":[{"start":{"line":14,"column":31},"end":{"line":14,"column":50}},{"start":{"line":14,"column":48},"end":{"line":14,"column":50}}]},"5":{"loc":{"start":{"line":15,"column":10},"end":{"line":15,"column":33}},"type":"cond-expr","locations":[{"start":{"line":15,"column":27},"end":{"line":15,"column":31}},{"start":{"line":15,"column":31},"end":{"line":15,"column":33}}]},"6":{"loc":{"start":{"line":15,"column":10},"end":{"line":15,"column":31}},"type":"binary-expr","locations":[{"start":{"line":15,"column":10},"end":{"line":15,"column":31}},{"start":{"line":15,"column":27},"end":{"line":15,"column":31}}]}},"s":{"0":2,"1":2,"2":2,"3":35,"4":28,"5":2},"f":{"0":35,"1":28},"b":{"0":[7,28],"1":[35,0],"2":[35,35],"3":[0,35],"4":[35,35],"5":[35,0],"6":[35,35]}}
,"C:\\Users\\29791155\\Desktop\\Vernera mape\\Workspaces\\ReactWorkspace2\\react-project-3 (3)\\pokemon-evolution-tree-explorer\\pokemon-evolution-tree-explorer\\src\\screens\\PokemonDetail\\evolutionChainNodeArrow\\index.tsx": {"path":"C:\\Users\\29791155\\Desktop\\Vernera mape\\Workspaces\\ReactWorkspace2\\react-project-3 (3)\\pokemon-evolution-tree-explorer\\pokemon-evolution-tree-explorer\\src\\screens\\PokemonDetail\\evolutionChainNodeArrow\\index.tsx","statementMap":{"0":{"start":{"line":1,"column":0},"end":{"line":1,"column":56}},"1":{"start":{"line":4,"column":32},"end":{"line":35,"column":1}},"2":{"start":{"line":6,"column":2},"end":{"line":34,"column":4}},"3":{"start":{"line":37,"column":0},"end":{"line":37,"column":39}}},"fnMap":{"0":{"name":"(anonymous_0)","decl":{"start":{"line":4,"column":32},"end":{"line":4,"column":33}},"loc":{"start":{"line":4,"column":78},"end":{"line":35,"column":1}}}},"branchMap":{"0":{"loc":{"start":{"line":15,"column":7},"end":{"line":31,"column":null}},"type":"binary-expr","locations":[{"start":{"line":15,"column":8},"end":{"line":15,"column":32}},{"start":{"line":15,"column":36},"end":{"line":15,"column":62}},{"start":{"line":16,"column":8},"end":{"line":30,"column":null}}]},"1":{"loc":{"start":{"line":17,"column":11},"end":{"line":22,"column":null}},"type":"binary-expr","locations":[{"start":{"line":17,"column":11},"end":{"line":17,"column":35}},{"start":{"line":18,"column":12},"end":{"line":21,"column":null}}]},"2":{"loc":{"start":{"line":24,"column":11},"end":{"line":29,"column":null}},"type":"binary-expr","locations":[{"start":{"line":24,"column":11},"end":{"line":24,"column":37}},{"start":{"line":25,"column":12},"end":{"line":28,"column":null}}]}},"s":{"0":2,"1":2,"2":28,"3":2},"f":{"0":28},"b":{"0":[28,0,28],"1":[28,28],"2":[28,28]}}
,"C:\\Users\\29791155\\Desktop\\Vernera mape\\Workspaces\\ReactWorkspace2\\react-project-3 (3)\\pokemon-evolution-tree-explorer\\pokemon-evolution-tree-explorer\\src\\screens\\PokemonDetail\\pokemonCard\\index.tsx": {"path":"C:\\Users\\29791155\\Desktop\\Vernera mape\\Workspaces\\ReactWorkspace2\\react-project-3 (3)\\pokemon-evolution-tree-explorer\\pokemon-evolution-tree-explorer\\src\\screens\\PokemonDetail\\pokemonCard\\index.tsx","statementMap":{"0":{"start":{"line":1,"column":0},"end":{"line":1,"column":92}},"1":{"start":{"line":2,"column":0},"end":{"line":2,"column":46}},"2":{"start":{"line":3,"column":0},"end":{"line":3,"column":56}},"3":{"start":{"line":5,"column":0},"end":{"line":5,"column":38}},"4":{"start":{"line":7,"column":20},"end":{"line":57,"column":1}},"5":{"start":{"line":9,"column":22},"end":{"line":9,"column":64}},"6":{"start":{"line":10,"column":18},"end":{"line":10,"column":65}},"7":{"start":{"line":12,"column":4},"end":{"line":12,"column":69}},"8":{"start":{"line":14,"column":2},"end":{"line":56,"column":4}},"9":{"start":{"line":59,"column":0},"end":{"line":59,"column":27}}},"fnMap":{"0":{"name":"(anonymous_0)","decl":{"start":{"line":7,"column":20},"end":{"line":7,"column":21}},"loc":{"start":{"line":7,"column":54},"end":{"line":57,"column":1}}}},"branchMap":{"0":{"loc":{"start":{"line":9,"column":22},"end":{"line":9,"column":64}},"type":"binary-expr","locations":[{"start":{"line":9,"column":22},"end":{"line":9,"column":52}},{"start":{"line":9,"column":56},"end":{"line":9,"column":64}}]},"1":{"loc":{"start":{"line":9,"column":22},"end":{"line":9,"column":52}},"type":"cond-expr","locations":[{"start":{"line":9,"column":46},"end":{"line":9,"column":48}},{"start":{"line":9,"column":46},"end":{"line":9,"column":52}}]},"2":{"loc":{"start":{"line":9,"column":22},"end":{"line":9,"column":48}},"type":"binary-expr","locations":[{"start":{"line":9,"column":22},"end":{"line":9,"column":48}},{"start":{"line":9,"column":46},"end":{"line":9,"column":48}}]},"3":{"loc":{"start":{"line":9,"column":22},"end":{"line":9,"column":46}},"type":"cond-expr","locations":[{"start":{"line":9,"column":40},"end":{"line":9,"column":42}},{"start":{"line":9,"column":40},"end":{"line":9,"column":46}}]},"4":{"loc":{"start":{"line":9,"column":22},"end":{"line":9,"column":42}},"type":"binary-expr","locations":[{"start":{"line":9,"column":22},"end":{"line":9,"column":42}},{"start":{"line":9,"column":40},"end":{"line":9,"column":42}}]},"5":{"loc":{"start":{"line":9,"column":22},"end":{"line":9,"column":40}},"type":"cond-expr","locations":[{"start":{"line":9,"column":35},"end":{"line":9,"column":38}},{"start":{"line":9,"column":35},"end":{"line":9,"column":40}}]},"6":{"loc":{"start":{"line":9,"column":22},"end":{"line":9,"column":38}},"type":"binary-expr","locations":[{"start":{"line":9,"column":22},"end":{"line":9,"column":38}},{"start":{"line":9,"column":35},"end":{"line":9,"column":38}}]},"7":{"loc":{"start":{"line":10,"column":18},"end":{"line":10,"column":65}},"type":"binary-expr","locations":[{"start":{"line":10,"column":18},"end":{"line":10,"column":41}},{"start":{"line":10,"column":45},"end":{"line":10,"column":65}}]},"8":{"loc":{"start":{"line":12,"column":4},"end":{"line":12,"column":69}},"type":"binary-expr","locations":[{"start":{"line":12,"column":4},"end":{"line":12,"column":63}},{"start":{"line":12,"column":67},"end":{"line":12,"column":69}}]},"9":{"loc":{"start":{"line":12,"column":4},"end":{"line":12,"column":63}},"type":"cond-expr","locations":[{"start":{"line":12,"column":48},"end":{"line":12,"column":50}},{"start":{"line":12,"column":48},"end":{"line":12,"column":63}}]},"10":{"loc":{"start":{"line":12,"column":4},"end":{"line":12,"column":50}},"type":"binary-expr","locations":[{"start":{"line":12,"column":4},"end":{"line":12,"column":50}},{"start":{"line":12,"column":48},"end":{"line":12,"column":50}}]},"11":{"loc":{"start":{"line":12,"column":4},"end":{"line":12,"column":48}},"type":"cond-expr","locations":[{"start":{"line":12,"column":26},"end":{"line":12,"column":29}},{"start":{"line":12,"column":26},"end":{"line":12,"column":48}}]},"12":{"loc":{"start":{"line":12,"column":4},"end":{"line":12,"column":29}},"type":"binary-expr","locations":[{"start":{"line":12,"column":4},"end":{"line":12,"column":29}},{"start":{"line":12,"column":26},"end":{"line":12,"column":29}}]},"13":{"loc":{"start":{"line":12,"column":4},"end":{"line":12,"column":26}},"type":"cond-expr","locations":[{"start":{"line":12,"column":19},"end":{"line":12,"column":21}},{"start":{"line":12,"column":19},"end":{"line":12,"column":26}}]},"14":{"loc":{"start":{"line":12,"column":4},"end":{"line":12,"column":21}},"type":"binary-expr","locations":[{"start":{"line":12,"column":4},"end":{"line":12,"column":21}},{"start":{"line":12,"column":19},"end":{"line":12,"column":21}}]},"15":{"loc":{"start":{"line":39,"column":11},"end":{"line":39,"column":48}},"type":"binary-expr","locations":[{"start":{"line":39,"column":11},"end":{"line":39,"column":32}},{"start":{"line":39,"column":36},"end":{"line":39,"column":48}}]},"16":{"loc":{"start":{"line":39,"column":11},"end":{"line":39,"column":32}},"type":"cond-expr","locations":[{"start":{"line":39,"column":26},"end":{"line":39,"column":28}},{"start":{"line":39,"column":26},"end":{"line":39,"column":32}}]},"17":{"loc":{"start":{"line":39,"column":11},"end":{"line":39,"column":28}},"type":"binary-expr","locations":[{"start":{"line":39,"column":11},"end":{"line":39,"column":28}},{"start":{"line":39,"column":26},"end":{"line":39,"column":28}}]}},"s":{"0":4,"1":4,"2":4,"3":4,"4":4,"5":45,"6":45,"7":45,"8":45,"9":4},"f":{"0":45},"b":{"0":[45,1],"1":[1,44],"2":[45,45],"3":[1,44],"4":[45,45],"5":[0,45],"6":[45,45],"7":[45,44],"8":[45,0],"9":[0,45],"10":[45,45],"11":[0,45],"12":[45,45],"13":[0,45],"14":[45,45],"15":[45,0],"16":[0,45],"17":[45,45]}}
,"C:\\Users\\29791155\\Desktop\\Vernera mape\\Workspaces\\ReactWorkspace2\\react-project-3 (3)\\pokemon-evolution-tree-explorer\\pokemon-evolution-tree-explorer\\src\\screens\\PokemonDetail\\pokemonCard\\styles.ts": {"path":"C:\\Users\\29791155\\Desktop\\Vernera mape\\Workspaces\\ReactWorkspace2\\react-project-3 (3)\\pokemon-evolution-tree-explorer\\pokemon-evolution-tree-explorer\\src\\screens\\PokemonDetail\\pokemonCard\\styles.ts","statementMap":{"0":{"start":{"line":2,"column":13},"end":{"line":21,"column":2}}},"fnMap":{},"branchMap":{},"s":{"0":4},"f":{},"b":{}}
,"C:\\Users\\29791155\\Desktop\\Vernera mape\\Workspaces\\ReactWorkspace2\\react-project-3 (3)\\pokemon-evolution-tree-explorer\\pokemon-evolution-tree-explorer\\src\\screens\\dashboard\\index.tsx": {"path":"C:\\Users\\29791155\\Desktop\\Vernera mape\\Workspaces\\ReactWorkspace2\\react-project-3 (3)\\pokemon-evolution-tree-explorer\\pokemon-evolution-tree-explorer\\src\\screens\\dashboard\\index.tsx","statementMap":{"0":{"start":{"line":2,"column":0},"end":{"line":2,"column":48}},"1":{"start":{"line":3,"column":0},"end":{"line":3,"column":97}},"2":{"start":{"line":4,"column":0},"end":{"line":4,"column":107}},"3":{"start":{"line":5,"column":0},"end":{"line":5,"column":56}},"4":{"start":{"line":6,"column":0},"end":{"line":6,"column":80}},"5":{"start":{"line":7,"column":0},"end":{"line":7,"column":47}},"6":{"start":{"line":9,"column":18},"end":{"line":134,"column":1}},"7":{"start":{"line":10,"column":19},"end":{"line":10,"column":32}},"8":{"start":{"line":12,"column":26},"end":{"line":17,"column":4}},"9":{"start":{"line":19,"column":29},"end":{"line":24,"column":4}},"10":{"start":{"line":26,"column":15},"end":{"line":47,"column":4}},"11":{"start":{"line":49,"column":29},"end":{"line":51,"column":3}},"12":{"start":{"line":50,"column":4},"end":{"line":50,"column":31}},"13":{"start":{"line":53,"column":2},"end":{"line":133,"column":4}},"14":{"start":{"line":66,"column":14},"end":{"line":67,"column":null}},"15":{"start":{"line":70,"column":31},"end":{"line":70,"column":61}},"16":{"start":{"line":90,"column":14},"end":{"line":91,"column":null}},"17":{"start":{"line":94,"column":31},"end":{"line":94,"column":61}},"18":{"start":{"line":115,"column":27},"end":{"line":115,"column":35}},"19":{"start":{"line":116,"column":14},"end":{"line":126,"column":16}},"20":{"start":{"line":136,"column":0},"end":{"line":136,"column":25}}},"fnMap":{"0":{"name":"(anonymous_0)","decl":{"start":{"line":9,"column":18},"end":{"line":9,"column":21}},"loc":{"start":{"line":9,"column":23},"end":{"line":134,"column":1}}},"1":{"name":"(anonymous_1)","decl":{"start":{"line":49,"column":29},"end":{"line":49,"column":30}},"loc":{"start":{"line":49,"column":44},"end":{"line":51,"column":3}}},"2":{"name":"(anonymous_2)","decl":{"start":{"line":65,"column":33},"end":{"line":65,"column":34}},"loc":{"start":{"line":66,"column":14},"end":{"line":67,"column":null}}},"3":{"name":"(anonymous_3)","decl":{"start":{"line":70,"column":25},"end":{"line":70,"column":28}},"loc":{"start":{"line":70,"column":31},"end":{"line":70,"column":61}}},"4":{"name":"(anonymous_4)","decl":{"start":{"line":89,"column":36},"end":{"line":89,"column":37}},"loc":{"start":{"line":90,"column":14},"end":{"line":91,"column":null}}},"5":{"name":"(anonymous_5)","decl":{"start":{"line":94,"column":25},"end":{"line":94,"column":28}},"loc":{"start":{"line":94,"column":31},"end":{"line":94,"column":61}}},"6":{"name":"(anonymous_6)","decl":{"start":{"line":114,"column":22},"end":{"line":114,"column":23}},"loc":{"start":{"line":114,"column":37},"end":{"line":127,"column":13}}}},"branchMap":{},"s":{"0":1,"1":1,"2":1,"3":1,"4":1,"5":1,"6":1,"7":8,"8":8,"9":8,"10":8,"11":8,"12":2,"13":8,"14":32,"15":1,"16":32,"17":1,"18":32,"19":32,"20":1},"f":{"0":8,"1":2,"2":32,"3":1,"4":32,"5":1,"6":32},"b":{}}
,"C:\\Users\\29791155\\Desktop\\Vernera mape\\Workspaces\\ReactWorkspace2\\react-project-3 (3)\\pokemon-evolution-tree-explorer\\pokemon-evolution-tree-explorer\\src\\screens\\layout\\index.tsx": {"path":"C:\\Users\\29791155\\Desktop\\Vernera mape\\Workspaces\\ReactWorkspace2\\react-project-3 (3)\\pokemon-evolution-tree-explorer\\pokemon-evolution-tree-explorer\\src\\screens\\layout\\index.tsx","statementMap":{"0":{"start":{"line":1,"column":0},"end":{"line":1,"column":55}},"1":{"start":{"line":3,"column":0},"end":{"line":3,"column":56}},"2":{"start":{"line":4,"column":0},"end":{"line":4,"column":48}},"3":{"start":{"line":5,"column":0},"end":{"line":5,"column":36}},"4":{"start":{"line":6,"column":0},"end":{"line":6,"column":30}},"5":{"start":{"line":10,"column":19},"end":{"line":10,"column":32}},"6":{"start":{"line":11,"column":2},"end":{"line":73,"column":4}},"7":{"start":{"line":22,"column":27},"end":{"line":22,"column":49}},"8":{"start":{"line":76,"column":0},"end":{"line":76,"column":22}}},"fnMap":{"0":{"name":"Layout","decl":{"start":{"line":9,"column":9},"end":{"line":9,"column":15}},"loc":{"start":{"line":9,"column":15},"end":{"line":74,"column":1}}},"1":{"name":"(anonymous_2)","decl":{"start":{"line":22,"column":21},"end":{"line":22,"column":24}},"loc":{"start":{"line":22,"column":27},"end":{"line":22,"column":49}}}},"branchMap":{},"s":{"0":1,"1":1,"2":1,"3":1,"4":1,"5":11,"6":11,"7":1,"8":1},"f":{"0":11,"1":1},"b":{}}
,"C:\\Users\\29791155\\Desktop\\Vernera mape\\Workspaces\\ReactWorkspace2\\react-project-3 (3)\\pokemon-evolution-tree-explorer\\pokemon-evolution-tree-explorer\\src\\screens\\layout\\search\\index.tsx": {"path":"C:\\Users\\29791155\\Desktop\\Vernera mape\\Workspaces\\ReactWorkspace2\\react-project-3 (3)\\pokemon-evolution-tree-explorer\\pokemon-evolution-tree-explorer\\src\\screens\\layout\\search\\index.tsx","statementMap":{"0":{"start":{"line":1,"column":0},"end":{"line":1,"column":46}},"1":{"start":{"line":2,"column":0},"end":{"line":2,"column":48}},"2":{"start":{"line":3,"column":0},"end":{"line":3,"column":33}},"3":{"start":{"line":4,"column":0},"end":{"line":4,"column":47}},"4":{"start":{"line":6,"column":0},"end":{"line":6,"column":33}},"5":{"start":{"line":8,"column":15},"end":{"line":51,"column":1}},"6":{"start":{"line":9,"column":19},"end":{"line":9,"column":32}},"7":{"start":{"line":10,"column":40},"end":{"line":10,"column":52}},"8":{"start":{"line":12,"column":23},"end":{"line":17,"column":3}},"9":{"start":{"line":13,"column":4},"end":{"line":16,"column":5}},"10":{"start":{"line":14,"column":6},"end":{"line":14,"column":63}},"11":{"start":{"line":15,"column":6},"end":{"line":15,"column":25}},"12":{"start":{"line":19,"column":2},"end":{"line":50,"column":4}},"13":{"start":{"line":26,"column":25},"end":{"line":26,"column":55}},"14":{"start":{"line":53,"column":0},"end":{"line":53,"column":22}}},"fnMap":{"0":{"name":"(anonymous_0)","decl":{"start":{"line":8,"column":15},"end":{"line":8,"column":16}},"loc":{"start":{"line":8,"column":46},"end":{"line":51,"column":1}}},"1":{"name":"(anonymous_1)","decl":{"start":{"line":12,"column":23},"end":{"line":12,"column":26}},"loc":{"start":{"line":12,"column":28},"end":{"line":17,"column":3}}},"2":{"name":"(anonymous_2)","decl":{"start":{"line":26,"column":18},"end":{"line":26,"column":19}},"loc":{"start":{"line":26,"column":25},"end":{"line":26,"column":55}}}},"branchMap":{"0":{"loc":{"start":{"line":13,"column":4},"end":{"line":16,"column":5}},"type":"if","locations":[{"start":{"line":13,"column":4},"end":{"line":16,"column":5}},{"start":{},"end":{}}]}},"s":{"0":2,"1":2,"2":2,"3":2,"4":2,"5":2,"6":59,"7":59,"8":59,"9":6,"10":4,"11":4,"12":59,"13":35,"14":2},"f":{"0":59,"1":6,"2":35},"b":{"0":[4,2]}}
}
