TN:
SF:src\App.tsx
FN:4,App
FNF:1
FNH:0
FNDA:0,App
DA:1,0
DA:2,0
DA:5,0
DA:8,0
LF:4
LH:0
BRF:0
BRH:0
end_of_record
TN:
SF:src\routes.tsx
FN:6,AppRouter
FNF:1
FNH:0
FNDA:0,AppRouter
DA:1,0
DA:2,0
DA:3,0
DA:4,0
DA:7,0
DA:20,0
LF:6
LH:0
BRF:0
BRH:0
end_of_record
TN:
SF:src\api\api.ts
FNF:0
FNH:0
DA:1,0
DA:3,0
LF:2
LH:0
BRF:0
BRH:0
end_of_record
TN:
SF:src\api\services\pokemon\index.ts
FNF:0
FNH:0
DA:1,0
LF:1
LH:0
BRF:0
BRH:0
end_of_record
TN:
SF:src\api\services\pokemon\pokemon.service.ts
FN:3,(anonymous_0)
FN:8,(anonymous_1)
FN:13,(anonymous_2)
FNF:3
FNH:3
FNDA:2,(anonymous_0)
FNDA:2,(anonymous_1)
FNDA:3,(anonymous_2)
DA:1,1
DA:3,1
DA:4,2
DA:5,2
DA:8,1
DA:9,2
DA:10,2
DA:13,1
DA:14,3
DA:15,3
LF:10
LH:10
BRF:0
BRH:0
end_of_record
TN:
SF:src\components\ui\badge.tsx
FN:28,Badge
FNF:1
FNH:1
FNDA:84,Badge
DA:2,5
DA:3,5
DA:5,5
DA:7,5
DA:31,84
DA:32,84
DA:35,84
DA:37,84
DA:47,5
LF:9
LH:9
BRDA:31,0,0,82
BRDA:35,1,0,1
BRDA:35,1,1,83
BRF:3
BRH:3
end_of_record
TN:
SF:src\components\ui\button.tsx
FN:47,Button
FNF:1
FNH:1
FNDA:468,Button
DA:2,7
DA:3,7
DA:5,7
DA:7,7
DA:51,468
DA:52,468
DA:57,468
DA:59,468
DA:69,7
LF:9
LH:9
BRDA:51,0,0,466
BRDA:57,1,0,1
BRDA:57,1,1,467
BRF:3
BRH:3
end_of_record
TN:
SF:src\components\ui\card.tsx
FN:29,Card
FN:43,CardHeader
FN:56,CardTitle
FN:66,CardDescription
FN:76,CardAction
FN:89,CardContent
FN:99,CardFooter
FNF:7
FNH:7
FNDA:134,Card
FNDA:74,CardHeader
FNDA:74,CardTitle
FNDA:29,CardDescription
FNDA:5,CardAction
FNDA:109,CardContent
FNDA:50,CardFooter
DA:2,6
DA:3,6
DA:5,6
DA:31,134
DA:32,134
DA:34,134
DA:43,74
DA:44,74
DA:56,74
DA:57,74
DA:66,29
DA:67,29
DA:76,5
DA:77,5
DA:89,109
DA:90,109
DA:99,50
DA:100,50
DA:110,6
DA:111,6
DA:112,6
DA:113,6
DA:114,6
DA:115,6
DA:116,6
LF:25
LH:25
BRF:0
BRH:0
end_of_record
TN:
SF:src\components\ui\carousel.tsx
FN:34,useCarousel
FN:44,Carousel
FN:63,(anonymous_13)
FN:69,(anonymous_14)
FN:73,(anonymous_15)
FN:78,(anonymous_16)
FN:90,(anonymous_17)
FN:95,(anonymous_18)
FN:102,(anonymous_19)
FN:108,(anonymous_20)
FN:149,CarouselContent
FN:154,(anonymous_22)
FN:159,(anonymous_23)
FN:166,(anonymous_24)
FN:171,(anonymous_25)
FN:192,(anonymous_26)
FN:224,CarouselItem
FN:241,CarouselPrevious
FN:287,CarouselNext
FN:352,CarouselProgressIndicator
FN:366,(anonymous_31)
FN:374,(anonymous_32)
FN:380,(anonymous_33)
FN:386,(anonymous_34)
FN:392,(anonymous_35)
FN:398,(anonymous_36)
FN:414,(anonymous_37)
FN:420,(anonymous_38)
FNF:28
FNH:25
FNDA:226,useCarousel
FNDA:62,Carousel
FNDA:39,(anonymous_13)
FNDA:3,(anonymous_14)
FNDA:3,(anonymous_15)
FNDA:4,(anonymous_16)
FNDA:25,(anonymous_17)
FNDA:27,(anonymous_18)
FNDA:25,(anonymous_19)
FNDA:25,(anonymous_20)
FNDA:54,CarouselContent
FNDA:25,(anonymous_22)
FNDA:64,(anonymous_23)
FNDA:0,(anonymous_24)
FNDA:0,(anonymous_25)
FNDA:25,(anonymous_26)
FNDA:100,CarouselItem
FNDA:54,CarouselPrevious
FNDA:57,CarouselNext
FNDA:62,CarouselProgressIndicator
FNDA:25,(anonymous_31)
FNDA:37,(anonymous_32)
FNDA:25,(anonymous_33)
FNDA:1,(anonymous_34)
FNDA:248,(anonymous_35)
FNDA:0,(anonymous_36)
FNDA:248,(anonymous_37)
FNDA:1,(anonymous_38)
DA:1,3
DA:2,3
DA:5,3
DA:6,3
DA:8,3
DA:9,3
DA:32,3
DA:35,226
DA:37,226
DA:38,2
DA:41,224
DA:50,62
DA:51,62
DA:53,62
DA:60,62
DA:61,62
DA:63,62
DA:64,39
DA:65,39
DA:66,39
DA:69,62
DA:70,3
DA:73,62
DA:74,3
DA:77,62
DA:79,4
DA:80,2
DA:81,2
DA:82,2
DA:83,2
DA:84,2
DA:90,62
DA:91,25
DA:92,15
DA:95,62
DA:96,27
DA:97,27
DA:98,27
DA:102,62
DA:103,25
DA:104,25
DA:105,25
DA:106,25
DA:108,25
DA:109,25
DA:110,25
DA:111,25
DA:115,62
DA:149,54
DA:150,54
DA:151,54
DA:152,54
DA:154,54
DA:156,25
DA:159,25
DA:160,64
DA:163,64
DA:166,0
DA:168,0
DA:169,0
DA:171,0
DA:173,0
DA:174,0
DA:176,0
DA:177,0
DA:181,0
DA:182,0
DA:187,25
DA:188,25
DA:189,25
DA:192,25
DA:193,25
DA:194,25
DA:198,54
DA:224,100
DA:226,100
DA:245,54
DA:246,54
DA:248,54
DA:250,54
DA:261,54
DA:263,54
DA:291,57
DA:292,56
DA:294,56
DA:296,54
DA:307,54
DA:309,54
DA:333,3
DA:355,62
DA:356,62
DA:361,62
DA:362,62
DA:363,62
DA:366,62
DA:367,25
DA:370,25
DA:371,25
DA:374,37
DA:377,25
DA:380,25
DA:381,25
DA:386,62
DA:388,1
DA:392,62
DA:393,248
DA:394,248
DA:398,62
DA:400,62
DA:415,248
DA:417,248
DA:420,1
DA:441,3
DA:442,3
DA:443,3
DA:444,3
DA:445,3
DA:446,3
LF:118
LH:108
BRDA:37,0,0,2
BRDA:37,0,1,224
BRDA:45,1,0,0
BRDA:56,2,0,58
BRDA:56,2,1,4
BRDA:64,3,0,0
BRDA:64,3,1,39
BRDA:70,4,0,0
BRDA:70,4,1,3
BRDA:70,5,0,3
BRDA:70,5,1,3
BRDA:74,6,0,0
BRDA:74,6,1,3
BRDA:74,7,0,3
BRDA:74,7,1,3
BRDA:79,8,0,2
BRDA:79,8,1,2
BRDA:79,9,0,4
BRDA:79,9,1,3
BRDA:82,10,0,2
BRDA:82,10,1,0
BRDA:82,11,0,2
BRDA:82,11,1,1
BRDA:91,12,0,10
BRDA:91,12,1,15
BRDA:91,13,0,25
BRDA:91,13,1,25
BRDA:97,14,0,27
BRDA:97,14,1,0
BRDA:97,15,0,0
BRDA:97,15,1,27
BRDA:97,16,0,27
BRDA:97,16,1,27
BRDA:100,17,0,0
BRDA:100,17,1,62
BRDA:100,18,0,62
BRDA:100,18,1,62
BRDA:103,19,0,0
BRDA:103,19,1,25
BRDA:109,20,0,0
BRDA:109,20,1,25
BRDA:109,21,0,25
BRDA:109,21,1,25
BRDA:110,22,0,0
BRDA:110,22,1,25
BRDA:110,23,0,25
BRDA:110,23,1,25
BRDA:111,24,0,0
BRDA:111,24,1,25
BRDA:111,25,0,25
BRDA:111,25,1,25
BRDA:122,26,0,62
BRDA:122,26,1,0
BRDA:122,27,0,0
BRDA:122,27,1,0
BRDA:122,28,0,0
BRDA:122,28,1,0
BRDA:122,29,0,0
BRDA:122,29,1,0
BRDA:132,30,0,58
BRDA:132,30,1,4
BRDA:156,31,0,0
BRDA:156,31,1,25
BRDA:163,32,0,64
BRDA:163,32,1,0
BRDA:176,33,0,0
BRDA:176,33,1,0
BRDA:177,34,0,0
BRDA:177,34,1,0
BRDA:203,35,0,50
BRDA:203,35,1,4
BRDA:211,36,0,50
BRDA:211,36,1,4
BRDA:215,37,0,0
BRDA:215,37,1,54
BRDA:216,38,0,0
BRDA:216,38,1,54
BRDA:243,39,0,54
BRDA:244,40,0,54
BRDA:245,41,0,0
BRDA:261,42,0,54
BRDA:261,42,1,0
BRDA:274,43,0,50
BRDA:274,43,1,4
BRDA:289,44,0,56
BRDA:290,45,0,56
BRDA:291,46,0,2
BRDA:307,47,0,54
BRDA:307,47,1,0
BRDA:320,48,0,50
BRDA:320,48,1,4
BRDA:354,49,0,62
BRDA:367,50,0,0
BRDA:367,50,1,25
BRDA:388,51,0,0
BRDA:388,51,1,1
BRDA:388,52,0,1
BRDA:388,52,1,1
BRDA:393,53,0,62
BRDA:393,53,1,186
BRDA:398,54,0,62
BRDA:398,54,1,0
BRDA:404,55,0,58
BRDA:404,55,1,4
BRDA:423,56,0,248
BRDA:423,56,1,186
BRDA:426,57,0,62
BRDA:426,57,1,186
BRF:108
BRH:75
end_of_record
TN:
SF:src\components\ui\dialog.tsx
FN:9,Dialog
FN:15,DialogTrigger
FN:21,DialogPortal
FN:27,DialogClose
FN:33,DialogOverlay
FN:49,DialogContent
FN:83,DialogHeader
FN:93,DialogFooter
FN:106,DialogTitle
FN:119,DialogDescription
FNF:10
FNH:10
FNDA:44,Dialog
FNDA:9,DialogTrigger
FNDA:44,DialogPortal
FNDA:6,DialogClose
FNDA:14,DialogOverlay
FNDA:44,DialogContent
FNDA:9,DialogHeader
FNDA:6,DialogFooter
FNDA:9,DialogTitle
FNDA:9,DialogDescription
DA:4,3
DA:5,3
DA:7,3
DA:10,44
DA:12,44
DA:16,9
DA:18,9
DA:22,44
DA:24,44
DA:28,6
DA:30,6
DA:34,14
DA:35,14
DA:37,14
DA:52,44
DA:53,44
DA:57,44
DA:83,9
DA:84,9
DA:93,6
DA:94,6
DA:107,9
DA:108,9
DA:110,9
DA:120,9
DA:121,9
DA:123,9
DA:133,3
DA:134,3
DA:135,3
DA:136,3
DA:137,3
DA:138,3
DA:139,3
DA:140,3
DA:141,3
DA:142,3
LF:37
LH:37
BRDA:52,0,0,42
BRDA:69,1,0,44
BRDA:69,1,1,43
BRF:3
BRH:3
end_of_record
TN:
SF:src\components\ui\input.tsx
FN:5,Input
FNF:1
FNH:1
FNDA:64,Input
DA:3,3
DA:5,64
DA:6,64
DA:21,3
LF:4
LH:4
BRF:0
BRH:0
end_of_record
TN:
SF:src\components\ui\item.tsx
FN:8,ItemGroup
FN:19,ItemSeparator
FN:54,Item
FN:91,ItemMedia
FN:106,ItemContent
FN:119,ItemTitle
FN:132,ItemDescription
FN:146,ItemActions
FN:156,ItemHeader
FN:169,ItemFooter
FNF:10
FNH:10
FNDA:10,ItemGroup
FNDA:1,ItemSeparator
FNDA:46,Item
FNDA:40,ItemMedia
FNDA:38,ItemContent
FNDA:38,ItemTitle
FNDA:38,ItemDescription
FNDA:6,ItemActions
FNDA:6,ItemHeader
FNDA:6,ItemFooter
DA:2,2
DA:3,2
DA:5,2
DA:6,2
DA:8,10
DA:9,10
DA:20,1
DA:21,1
DA:23,1
DA:33,2
DA:58,46
DA:59,46
DA:62,46
DA:63,46
DA:74,2
DA:93,40
DA:94,40
DA:96,40
DA:106,38
DA:107,38
DA:119,38
DA:120,38
DA:132,38
DA:133,38
DA:146,6
DA:147,6
DA:156,6
DA:157,6
DA:169,6
DA:170,6
DA:183,2
DA:184,2
DA:185,2
DA:186,2
DA:187,2
DA:188,2
DA:189,2
DA:190,2
DA:191,2
DA:192,2
LF:40
LH:40
BRDA:56,0,0,14
BRDA:57,1,0,14
BRDA:58,2,0,44
BRDA:62,3,0,1
BRDA:62,3,1,45
BRDA:93,4,0,33
BRF:6
BRH:6
end_of_record
TN:
SF:src\components\ui\separator.tsx
FN:6,Separator
FNF:1
FNH:1
FNDA:8,Separator
DA:2,3
DA:4,3
DA:9,8
DA:10,8
DA:12,8
DA:26,3
LF:6
LH:6
BRDA:8,0,0,5
BRDA:9,1,0,6
BRF:2
BRH:2
end_of_record
TN:
SF:src\components\ui\tooltip.tsx
FN:6,TooltipProvider
FN:19,Tooltip
FN:29,TooltipTrigger
FN:35,TooltipContent
FNF:4
FNH:4
FNDA:41,TooltipProvider
FNDA:41,Tooltip
FNDA:41,TooltipTrigger
FNDA:41,TooltipContent
DA:2,3
DA:4,3
DA:7,41
DA:8,41
DA:10,41
DA:20,41
DA:22,41
DA:30,41
DA:32,41
DA:38,41
DA:39,41
DA:41,41
DA:59,3
LF:13
LH:13
BRDA:7,0,0,41
BRDA:37,1,0,40
BRF:2
BRH:2
end_of_record
TN:
SF:src\components\ui\typography.tsx
FN:49,Typography
FNF:1
FNH:1
FNDA:609,Typography
DA:2,9
DA:3,9
DA:5,9
DA:22,9
DA:53,609
DA:54,609
DA:59,609
DA:60,609
DA:69,9
LF:9
LH:9
BRDA:52,0,0,150
BRDA:53,1,0,608
BRDA:59,2,0,1
BRDA:59,2,1,608
BRF:4
BRH:4
end_of_record
TN:
SF:src\hooks\pokemon\getEvolutionChain.ts
FN:10,(anonymous_7)
FN:10,(anonymous_8)
FN:12,(anonymous_9)
FN:12,(anonymous_10)
FN:46,(anonymous_11)
FN:49,(anonymous_12)
FN:49,(anonymous_13)
FNF:7
FNH:7
FNDA:4,(anonymous_7)
FNDA:4,(anonymous_8)
FNDA:20,(anonymous_9)
FNDA:20,(anonymous_10)
FNDA:11,(anonymous_11)
FNDA:6,(anonymous_12)
FNDA:6,(anonymous_13)
DA:1,1
DA:2,1
DA:7,1
DA:10,4
DA:12,20
DA:14,20
DA:15,20
DA:18,20
DA:26,20
DA:27,16
DA:31,20
DA:32,20
DA:33,16
DA:37,20
DA:39,20
DA:43,4
DA:46,1
DA:47,11
DA:49,6
DA:51,6
DA:52,4
DA:55,4
DA:58,4
DA:61,4
LF:24
LH:24
BRDA:20,0,0,20
BRDA:20,0,1,4
BRDA:20,1,0,4
BRDA:20,1,1,16
BRDA:20,2,0,20
BRDA:20,2,1,20
BRDA:20,3,0,4
BRDA:20,3,1,16
BRDA:20,4,0,20
BRDA:20,4,1,20
BRDA:20,5,0,0
BRDA:20,5,1,20
BRDA:20,6,0,20
BRDA:20,6,1,20
BRDA:21,7,0,16
BRDA:21,7,1,4
BRDA:21,8,0,4
BRDA:21,8,1,16
BRDA:21,9,0,20
BRDA:21,9,1,20
BRDA:21,10,0,0
BRDA:21,10,1,20
BRDA:21,11,0,20
BRDA:21,11,1,20
BRDA:26,12,0,16
BRDA:26,12,1,4
BRF:26
BRH:24
end_of_record
TN:
SF:src\lib\utils.ts
FN:4,cn
FNF:1
FNH:1
FNDA:2816,cn
DA:1,17
DA:2,17
DA:4,17
DA:5,2816
LF:4
LH:4
BRF:0
BRH:0
end_of_record
TN:
SF:src\screens\PokemonDetail\index.tsx
FN:7,(anonymous_1)
FN:16,(anonymous_2)
FN:22,(anonymous_3)
FN:32,(anonymous_4)
FN:44,(anonymous_5)
FN:49,(anonymous_6)
FNF:6
FNH:6
FNDA:6,(anonymous_1)
FNDA:5,(anonymous_2)
FNDA:5,(anonymous_3)
FNDA:5,(anonymous_4)
FNDA:4,(anonymous_5)
FNDA:4,(anonymous_6)
DA:1,1
DA:2,1
DA:3,1
DA:4,1
DA:5,1
DA:7,1
DA:8,6
DA:9,6
DA:12,6
DA:13,6
DA:16,6
DA:20,5
DA:22,5
DA:23,5
DA:24,3
DA:25,3
DA:26,3
DA:27,3
DA:30,5
DA:31,5
DA:32,5
DA:36,6
DA:37,5
DA:38,4
DA:40,4
DA:45,4
DA:50,4
DA:57,1
LF:28
LH:28
BRDA:9,0,0,6
BRDA:9,0,1,0
BRDA:23,1,0,3
BRDA:23,1,1,2
BRDA:26,2,0,2
BRDA:26,2,1,1
BRDA:26,3,0,3
BRDA:26,3,1,2
BRDA:27,4,0,2
BRDA:27,4,1,1
BRDA:36,5,0,1
BRDA:36,5,1,5
BRDA:37,6,0,1
BRDA:37,6,1,4
BRDA:38,7,0,0
BRDA:38,7,1,4
BRDA:38,8,0,4
BRDA:38,8,1,4
BRDA:43,9,0,1
BRDA:43,9,1,3
BRDA:48,10,0,1
BRDA:48,10,1,3
BRF:22
BRH:20
end_of_record
TN:
SF:src\screens\PokemonDetail\compactEvolutionChainNode\index.tsx
FN:5,(anonymous_1)
FN:23,(anonymous_2)
FNF:2
FNH:2
FNDA:35,(anonymous_1)
FNDA:28,(anonymous_2)
DA:1,2
DA:2,2
DA:5,2
DA:10,35
DA:12,35
DA:24,28
DA:36,2
LF:7
LH:7
BRDA:7,0,0,4
BRDA:8,1,0,4
BRF:2
BRH:2
end_of_record
TN:
SF:src\screens\PokemonDetail\compactPokemonCard\index.tsx
FN:15,(anonymous_1)
FN:21,(anonymous_2)
FN:26,(anonymous_3)
FN:32,(anonymous_4)
FN:40,(anonymous_5)
FN:41,(anonymous_6)
FN:41,(anonymous_7)
FN:42,(anonymous_8)
FN:42,(anonymous_9)
FN:51,(anonymous_10)
FN:91,(anonymous_11)
FNF:11
FNH:10
FNDA:30,(anonymous_1)
FNDA:66,(anonymous_2)
FNDA:36,(anonymous_3)
FNDA:35,(anonymous_4)
FNDA:30,(anonymous_5)
FNDA:30,(anonymous_6)
FNDA:30,(anonymous_7)
FNDA:30,(anonymous_8)
FNDA:66,(anonymous_9)
FNDA:0,(anonymous_10)
FNDA:77,(anonymous_11)
DA:2,2
DA:3,2
DA:4,2
DA:5,2
DA:6,2
DA:7,2
DA:8,2
DA:9,2
DA:10,2
DA:11,2
DA:15,2
DA:16,30
DA:17,30
DA:21,2
DA:24,66
DA:25,66
DA:26,66
DA:27,36
DA:29,66
DA:32,2
DA:33,35
DA:34,35
DA:35,35
DA:37,35
DA:40,35
DA:41,35
DA:42,66
DA:44,35
DA:51,0
DA:92,77
DA:106,2
LF:31
LH:30
BRDA:22,0,0,30
BRDA:22,1,0,30
BRDA:33,2,0,35
BRDA:33,2,1,0
BRDA:33,3,0,0
BRDA:33,3,1,35
BRDA:33,4,0,35
BRDA:33,4,1,35
BRDA:33,5,0,0
BRDA:33,5,1,35
BRDA:33,6,0,35
BRDA:33,6,1,35
BRDA:33,7,0,0
BRDA:33,7,1,35
BRDA:33,8,0,35
BRDA:33,8,1,35
BRDA:34,9,0,35
BRDA:34,9,1,35
BRDA:35,10,0,35
BRDA:35,10,1,0
BRDA:35,11,0,0
BRDA:35,11,1,35
BRDA:35,12,0,35
BRDA:35,12,1,35
BRDA:35,13,0,0
BRDA:35,13,1,35
BRDA:35,14,0,35
BRDA:35,14,1,35
BRDA:35,15,0,0
BRDA:35,15,1,35
BRDA:35,16,0,35
BRDA:35,16,1,35
BRDA:42,17,0,66
BRDA:42,17,1,0
BRF:34
BRH:25
end_of_record
TN:
SF:src\screens\PokemonDetail\compactPokemonCard\styles.ts
FNF:0
FNH:0
DA:2,2
LF:1
LH:1
BRF:0
BRH:0
end_of_record
TN:
SF:src\screens\PokemonDetail\evolutionChainNode\index.tsx
FN:7,(anonymous_1)
FN:15,(anonymous_2)
FNF:2
FNH:2
FNDA:35,(anonymous_1)
FNDA:28,(anonymous_2)
DA:1,2
DA:2,2
DA:7,2
DA:8,35
DA:16,28
DA:28,2
LF:6
LH:6
BRDA:14,0,0,7
BRDA:14,0,1,28
BRDA:14,1,0,35
BRDA:14,1,1,0
BRDA:14,2,0,35
BRDA:14,2,1,35
BRDA:14,3,0,0
BRDA:14,3,1,35
BRDA:14,4,0,35
BRDA:14,4,1,35
BRDA:15,5,0,35
BRDA:15,5,1,0
BRDA:15,6,0,35
BRDA:15,6,1,35
BRF:14
BRH:11
end_of_record
TN:
SF:src\screens\PokemonDetail\evolutionChainNodeArrow\index.tsx
FN:4,(anonymous_0)
FNF:1
FNH:1
FNDA:28,(anonymous_0)
DA:1,2
DA:4,2
DA:6,28
DA:37,2
LF:4
LH:4
BRDA:15,0,0,28
BRDA:15,0,1,0
BRDA:15,0,2,28
BRDA:17,1,0,28
BRDA:17,1,1,28
BRDA:24,2,0,28
BRDA:24,2,1,28
BRF:7
BRH:6
end_of_record
TN:
SF:src\screens\PokemonDetail\pokemonCard\index.tsx
FN:7,(anonymous_0)
FNF:1
FNH:1
FNDA:45,(anonymous_0)
DA:1,4
DA:2,4
DA:3,4
DA:5,4
DA:7,4
DA:9,45
DA:10,45
DA:12,45
DA:14,45
DA:59,4
LF:10
LH:10
BRDA:9,0,0,45
BRDA:9,0,1,1
BRDA:9,1,0,1
BRDA:9,1,1,44
BRDA:9,2,0,45
BRDA:9,2,1,45
BRDA:9,3,0,1
BRDA:9,3,1,44
BRDA:9,4,0,45
BRDA:9,4,1,45
BRDA:9,5,0,0
BRDA:9,5,1,45
BRDA:9,6,0,45
BRDA:9,6,1,45
BRDA:10,7,0,45
BRDA:10,7,1,44
BRDA:12,8,0,45
BRDA:12,8,1,0
BRDA:12,9,0,0
BRDA:12,9,1,45
BRDA:12,10,0,45
BRDA:12,10,1,45
BRDA:12,11,0,0
BRDA:12,11,1,45
BRDA:12,12,0,45
BRDA:12,12,1,45
BRDA:12,13,0,0
BRDA:12,13,1,45
BRDA:12,14,0,45
BRDA:12,14,1,45
BRDA:39,15,0,45
BRDA:39,15,1,0
BRDA:39,16,0,0
BRDA:39,16,1,45
BRDA:39,17,0,45
BRDA:39,17,1,45
BRF:36
BRH:29
end_of_record
TN:
SF:src\screens\PokemonDetail\pokemonCard\styles.ts
FNF:0
FNH:0
DA:2,4
LF:1
LH:1
BRF:0
BRH:0
end_of_record
TN:
SF:src\screens\dashboard\index.tsx
FN:9,(anonymous_0)
FN:49,(anonymous_1)
FN:65,(anonymous_2)
FN:70,(anonymous_3)
FN:89,(anonymous_4)
FN:94,(anonymous_5)
FN:114,(anonymous_6)
FNF:7
FNH:7
FNDA:8,(anonymous_0)
FNDA:2,(anonymous_1)
FNDA:32,(anonymous_2)
FNDA:1,(anonymous_3)
FNDA:32,(anonymous_4)
FNDA:1,(anonymous_5)
FNDA:32,(anonymous_6)
DA:2,1
DA:3,1
DA:4,1
DA:5,1
DA:6,1
DA:7,1
DA:9,1
DA:10,8
DA:12,8
DA:19,8
DA:26,8
DA:49,8
DA:50,2
DA:53,8
DA:66,32
DA:70,1
DA:90,32
DA:94,1
DA:115,32
DA:116,32
DA:136,1
LF:21
LH:21
BRF:0
BRH:0
end_of_record
TN:
SF:src\screens\layout\index.tsx
FN:9,Layout
FN:22,(anonymous_2)
FNF:2
FNH:2
FNDA:11,Layout
FNDA:1,(anonymous_2)
DA:1,1
DA:3,1
DA:4,1
DA:5,1
DA:6,1
DA:10,11
DA:11,11
DA:22,1
DA:76,1
LF:9
LH:9
BRF:0
BRH:0
end_of_record
TN:
SF:src\screens\layout\search\index.tsx
FN:8,(anonymous_0)
FN:12,(anonymous_1)
FN:26,(anonymous_2)
FNF:3
FNH:3
FNDA:59,(anonymous_0)
FNDA:6,(anonymous_1)
FNDA:35,(anonymous_2)
DA:1,2
DA:2,2
DA:3,2
DA:4,2
DA:6,2
DA:8,2
DA:9,59
DA:10,59
DA:12,59
DA:13,6
DA:14,4
DA:15,4
DA:19,59
DA:26,35
DA:53,2
LF:15
LH:15
BRDA:13,0,0,4
BRDA:13,0,1,2
BRF:2
BRH:2
end_of_record
