TN:
SF:src\App.tsx
FN:4,App
FNF:1
FNH:0
FNDA:0,App
DA:1,0
DA:2,0
DA:5,0
DA:8,0
LF:4
LH:0
BRF:0
BRH:0
end_of_record
TN:
SF:src\routes.tsx
FN:6,AppRouter
FNF:1
FNH:0
FNDA:0,AppRouter
DA:1,0
DA:2,0
DA:3,0
DA:4,0
DA:7,0
DA:20,0
LF:6
LH:0
BRF:0
BRH:0
end_of_record
TN:
SF:src\api\api.ts
FNF:0
FNH:0
DA:1,0
DA:3,0
LF:2
LH:0
BRF:0
BRH:0
end_of_record
TN:
SF:src\api\services\pokemon\index.ts
FNF:0
FNH:0
DA:1,0
LF:1
LH:0
BRF:0
BRH:0
end_of_record
TN:
SF:src\api\services\pokemon\pokemon.service.ts
FN:3,(anonymous_0)
FN:8,(anonymous_1)
FN:13,(anonymous_2)
FNF:3
FNH:3
FNDA:2,(anonymous_0)
FNDA:2,(anonymous_1)
FNDA:3,(anonymous_2)
DA:1,1
DA:3,1
DA:4,2
DA:5,2
DA:8,1
DA:9,2
DA:10,2
DA:13,1
DA:14,3
DA:15,3
LF:10
LH:10
BRF:0
BRH:0
end_of_record
TN:
SF:src\components\ui\badge.tsx
FN:28,Badge
FNF:1
FNH:1
FNDA:161,Badge
DA:2,6
DA:3,6
DA:5,6
DA:7,6
DA:31,161
DA:32,161
DA:35,161
DA:37,161
DA:47,6
LF:9
LH:9
BRDA:31,0,0,159
BRDA:35,1,0,1
BRDA:35,1,1,160
BRF:3
BRH:3
end_of_record
TN:
SF:src\components\ui\button.tsx
FN:47,Button
FNF:1
FNH:1
FNDA:510,Button
DA:2,6
DA:3,6
DA:5,6
DA:7,6
DA:51,510
DA:52,510
DA:57,510
DA:59,510
DA:69,6
LF:9
LH:9
BRDA:51,0,0,508
BRDA:57,1,0,1
BRDA:57,1,1,509
BRF:3
BRH:3
end_of_record
TN:
SF:src\components\ui\card.tsx
FN:29,Card
FN:43,CardHeader
FN:56,CardTitle
FN:66,CardDescription
FN:76,CardAction
FN:89,CardContent
FN:99,CardFooter
FNF:7
FNH:7
FNDA:218,Card
FNDA:114,CardHeader
FNDA:114,CardTitle
FNDA:29,CardDescription
FNDA:5,CardAction
FNDA:186,CardContent
FNDA:90,CardFooter
DA:2,7
DA:3,7
DA:5,7
DA:31,218
DA:32,218
DA:34,218
DA:43,114
DA:44,114
DA:56,114
DA:57,114
DA:66,29
DA:67,29
DA:76,5
DA:77,5
DA:89,186
DA:90,186
DA:99,90
DA:100,90
DA:110,7
DA:111,7
DA:112,7
DA:113,7
DA:114,7
DA:115,7
DA:116,7
LF:25
LH:25
BRF:0
BRH:0
end_of_record
TN:
SF:src\components\ui\carousel.tsx
FN:34,useCarousel
FN:44,Carousel
FN:63,(anonymous_13)
FN:69,(anonymous_14)
FN:73,(anonymous_15)
FN:78,(anonymous_16)
FN:90,(anonymous_17)
FN:95,(anonymous_18)
FN:102,(anonymous_19)
FN:108,(anonymous_20)
FN:149,CarouselContent
FN:154,(anonymous_22)
FN:159,(anonymous_23)
FN:166,(anonymous_24)
FN:171,(anonymous_25)
FN:192,(anonymous_26)
FN:224,CarouselItem
FN:241,CarouselPrevious
FN:287,CarouselNext
FN:352,CarouselProgressIndicator
FN:366,(anonymous_31)
FN:374,(anonymous_32)
FN:380,(anonymous_33)
FN:386,(anonymous_34)
FN:392,(anonymous_35)
FN:398,(anonymous_36)
FN:414,(anonymous_37)
FN:420,(anonymous_38)
FNF:28
FNH:27
FNDA:250,useCarousel
FNDA:70,Carousel
FNDA:41,(anonymous_13)
FNDA:3,(anonymous_14)
FNDA:3,(anonymous_15)
FNDA:4,(anonymous_16)
FNDA:29,(anonymous_17)
FNDA:29,(anonymous_18)
FNDA:29,(anonymous_19)
FNDA:27,(anonymous_20)
FNDA:60,CarouselContent
FNDA:29,(anonymous_22)
FNDA:66,(anonymous_23)
FNDA:2,(anonymous_24)
FNDA:10,(anonymous_25)
FNDA:27,(anonymous_26)
FNDA:110,CarouselItem
FNDA:60,CarouselPrevious
FNDA:63,CarouselNext
FNDA:68,CarouselProgressIndicator
FNDA:29,(anonymous_31)
FNDA:37,(anonymous_32)
FNDA:27,(anonymous_33)
FNDA:1,(anonymous_34)
FNDA:278,(anonymous_35)
FNDA:0,(anonymous_36)
FNDA:278,(anonymous_37)
FNDA:1,(anonymous_38)
DA:1,2
DA:2,2
DA:5,2
DA:6,2
DA:8,2
DA:9,2
DA:32,2
DA:35,250
DA:37,250
DA:38,2
DA:41,248
DA:50,70
DA:51,70
DA:53,70
DA:60,70
DA:61,70
DA:63,70
DA:64,41
DA:65,41
DA:66,41
DA:69,70
DA:70,3
DA:73,70
DA:74,3
DA:77,70
DA:79,4
DA:80,2
DA:81,2
DA:82,2
DA:83,2
DA:84,2
DA:90,70
DA:91,29
DA:92,15
DA:95,70
DA:96,29
DA:97,29
DA:98,29
DA:102,70
DA:103,29
DA:104,27
DA:105,27
DA:106,27
DA:108,27
DA:109,27
DA:110,27
DA:111,27
DA:115,70
DA:149,60
DA:150,60
DA:151,60
DA:152,60
DA:154,60
DA:156,29
DA:159,27
DA:160,66
DA:163,66
DA:166,2
DA:168,2
DA:169,2
DA:171,2
DA:173,10
DA:174,10
DA:176,10
DA:177,10
DA:181,2
DA:182,2
DA:187,27
DA:188,27
DA:189,27
DA:192,27
DA:193,27
DA:194,27
DA:198,60
DA:224,110
DA:226,110
DA:245,60
DA:246,60
DA:248,60
DA:250,60
DA:261,60
DA:263,60
DA:291,63
DA:292,62
DA:294,62
DA:296,60
DA:307,60
DA:309,60
DA:333,2
DA:355,68
DA:356,68
DA:361,68
DA:362,68
DA:363,68
DA:366,68
DA:367,29
DA:370,27
DA:371,27
DA:374,37
DA:377,27
DA:380,27
DA:381,27
DA:386,68
DA:388,1
DA:392,68
DA:393,278
DA:394,278
DA:398,68
DA:400,68
DA:415,278
DA:417,278
DA:420,1
DA:441,2
DA:442,2
DA:443,2
DA:444,2
DA:445,2
DA:446,2
LF:118
LH:118
BRDA:37,0,0,2
BRDA:37,0,1,248
BRDA:45,1,0,0
BRDA:56,2,0,58
BRDA:56,2,1,12
BRDA:64,3,0,0
BRDA:64,3,1,41
BRDA:70,4,0,0
BRDA:70,4,1,3
BRDA:70,5,0,3
BRDA:70,5,1,3
BRDA:74,6,0,0
BRDA:74,6,1,3
BRDA:74,7,0,3
BRDA:74,7,1,3
BRDA:79,8,0,2
BRDA:79,8,1,2
BRDA:79,9,0,4
BRDA:79,9,1,3
BRDA:82,10,0,2
BRDA:82,10,1,0
BRDA:82,11,0,2
BRDA:82,11,1,1
BRDA:91,12,0,14
BRDA:91,12,1,15
BRDA:91,13,0,29
BRDA:91,13,1,27
BRDA:97,14,0,29
BRDA:97,14,1,0
BRDA:97,15,0,0
BRDA:97,15,1,29
BRDA:97,16,0,29
BRDA:97,16,1,29
BRDA:100,17,0,0
BRDA:100,17,1,70
BRDA:100,18,0,70
BRDA:100,18,1,70
BRDA:103,19,0,2
BRDA:103,19,1,27
BRDA:109,20,0,0
BRDA:109,20,1,27
BRDA:109,21,0,27
BRDA:109,21,1,27
BRDA:110,22,0,0
BRDA:110,22,1,27
BRDA:110,23,0,27
BRDA:110,23,1,27
BRDA:111,24,0,0
BRDA:111,24,1,27
BRDA:111,25,0,27
BRDA:111,25,1,27
BRDA:122,26,0,70
BRDA:122,26,1,0
BRDA:122,27,0,0
BRDA:122,27,1,0
BRDA:122,28,0,0
BRDA:122,28,1,0
BRDA:122,29,0,0
BRDA:122,29,1,0
BRDA:132,30,0,58
BRDA:132,30,1,12
BRDA:156,31,0,2
BRDA:156,31,1,27
BRDA:163,32,0,64
BRDA:163,32,1,2
BRDA:176,33,0,0
BRDA:176,33,1,10
BRDA:177,34,0,2
BRDA:177,34,1,8
BRDA:203,35,0,50
BRDA:203,35,1,10
BRDA:211,36,0,50
BRDA:211,36,1,10
BRDA:215,37,0,0
BRDA:215,37,1,60
BRDA:216,38,0,0
BRDA:216,38,1,60
BRDA:243,39,0,54
BRDA:244,40,0,60
BRDA:245,41,0,0
BRDA:261,42,0,60
BRDA:261,42,1,0
BRDA:274,43,0,50
BRDA:274,43,1,10
BRDA:289,44,0,56
BRDA:290,45,0,62
BRDA:291,46,0,2
BRDA:307,47,0,60
BRDA:307,47,1,0
BRDA:320,48,0,50
BRDA:320,48,1,10
BRDA:354,49,0,62
BRDA:367,50,0,2
BRDA:367,50,1,27
BRDA:388,51,0,0
BRDA:388,51,1,1
BRDA:388,52,0,1
BRDA:388,52,1,1
BRDA:393,53,0,68
BRDA:393,53,1,210
BRDA:398,54,0,68
BRDA:398,54,1,0
BRDA:404,55,0,58
BRDA:404,55,1,10
BRDA:423,56,0,278
BRDA:423,56,1,210
BRDA:426,57,0,68
BRDA:426,57,1,210
BRF:108
BRH:82
end_of_record
TN:
SF:src\components\ui\dialog.tsx
FN:9,Dialog
FN:15,DialogTrigger
FN:21,DialogPortal
FN:27,DialogClose
FN:33,DialogOverlay
FN:49,DialogContent
FN:83,DialogHeader
FN:93,DialogFooter
FN:106,DialogTitle
FN:119,DialogDescription
FNF:10
FNH:10
FNDA:19,Dialog
FNDA:9,DialogTrigger
FNDA:19,DialogPortal
FNDA:6,DialogClose
FNDA:18,DialogOverlay
FNDA:19,DialogContent
FNDA:9,DialogHeader
FNDA:6,DialogFooter
FNDA:11,DialogTitle
FNDA:11,DialogDescription
DA:4,2
DA:5,2
DA:7,2
DA:10,19
DA:12,19
DA:16,9
DA:18,9
DA:22,19
DA:24,19
DA:28,6
DA:30,6
DA:34,18
DA:35,18
DA:37,18
DA:52,19
DA:53,19
DA:57,19
DA:83,9
DA:84,9
DA:93,6
DA:94,6
DA:107,11
DA:108,11
DA:110,11
DA:120,11
DA:121,11
DA:123,11
DA:133,2
DA:134,2
DA:135,2
DA:136,2
DA:137,2
DA:138,2
DA:139,2
DA:140,2
DA:141,2
DA:142,2
LF:37
LH:37
BRDA:52,0,0,17
BRDA:69,1,0,19
BRDA:69,1,1,18
BRF:3
BRH:3
end_of_record
TN:
SF:src\components\ui\input.tsx
FN:5,Input
FNF:1
FNH:1
FNDA:64,Input
DA:3,3
DA:5,64
DA:6,64
DA:21,3
LF:4
LH:4
BRF:0
BRH:0
end_of_record
TN:
SF:src\components\ui\item.tsx
FN:8,ItemGroup
FN:19,ItemSeparator
FN:54,Item
FN:91,ItemMedia
FN:106,ItemContent
FN:119,ItemTitle
FN:132,ItemDescription
FN:146,ItemActions
FN:156,ItemHeader
FN:169,ItemFooter
FNF:10
FNH:10
FNDA:10,ItemGroup
FNDA:1,ItemSeparator
FNDA:46,Item
FNDA:40,ItemMedia
FNDA:38,ItemContent
FNDA:38,ItemTitle
FNDA:38,ItemDescription
FNDA:6,ItemActions
FNDA:6,ItemHeader
FNDA:6,ItemFooter
DA:2,2
DA:3,2
DA:5,2
DA:6,2
DA:8,10
DA:9,10
DA:20,1
DA:21,1
DA:23,1
DA:33,2
DA:58,46
DA:59,46
DA:62,46
DA:63,46
DA:74,2
DA:93,40
DA:94,40
DA:96,40
DA:106,38
DA:107,38
DA:119,38
DA:120,38
DA:132,38
DA:133,38
DA:146,6
DA:147,6
DA:156,6
DA:157,6
DA:169,6
DA:170,6
DA:183,2
DA:184,2
DA:185,2
DA:186,2
DA:187,2
DA:188,2
DA:189,2
DA:190,2
DA:191,2
DA:192,2
LF:40
LH:40
BRDA:56,0,0,14
BRDA:57,1,0,14
BRDA:58,2,0,44
BRDA:62,3,0,1
BRDA:62,3,1,45
BRDA:93,4,0,33
BRF:6
BRH:6
end_of_record
TN:
SF:src\components\ui\separator.tsx
FN:6,Separator
FNF:1
FNH:1
FNDA:8,Separator
DA:2,3
DA:4,3
DA:9,8
DA:10,8
DA:12,8
DA:26,3
LF:6
LH:6
BRDA:8,0,0,5
BRDA:9,1,0,2
BRF:2
BRH:2
end_of_record
TN:
SF:src\components\ui\tooltip.tsx
FN:6,TooltipProvider
FN:19,Tooltip
FN:29,TooltipTrigger
FN:35,TooltipContent
FNF:4
FNH:4
FNDA:78,TooltipProvider
FNDA:78,Tooltip
FNDA:78,TooltipTrigger
FNDA:78,TooltipContent
DA:2,4
DA:4,4
DA:7,78
DA:8,78
DA:10,78
DA:20,78
DA:22,78
DA:30,78
DA:32,78
DA:38,78
DA:39,78
DA:41,78
DA:59,4
LF:13
LH:13
BRDA:7,0,0,78
BRDA:37,1,0,77
BRF:2
BRH:2
end_of_record
TN:
SF:src\components\ui\typography.tsx
FN:49,Typography
FNF:1
FNH:1
FNDA:972,Typography
DA:2,11
DA:3,11
DA:5,11
DA:22,11
DA:53,972
DA:54,972
DA:59,972
DA:60,972
DA:69,11
LF:9
LH:9
BRDA:52,0,0,276
BRDA:53,1,0,971
BRDA:59,2,0,1
BRDA:59,2,1,971
BRF:4
BRH:4
end_of_record
TN:
SF:src\hooks\pokemon\getEvolutionChain.ts
FN:7,(anonymous_7)
FN:7,(anonymous_8)
FN:9,(anonymous_9)
FN:9,(anonymous_10)
FN:39,(anonymous_11)
FN:42,(anonymous_12)
FN:42,(anonymous_13)
FNF:7
FNH:7
FNDA:4,(anonymous_7)
FNDA:4,(anonymous_8)
FNDA:20,(anonymous_9)
FNDA:20,(anonymous_10)
FNDA:11,(anonymous_11)
FNDA:6,(anonymous_12)
FNDA:6,(anonymous_13)
DA:1,1
DA:2,1
DA:7,4
DA:9,20
DA:11,20
DA:12,20
DA:13,20
DA:16,20
DA:24,20
DA:25,20
DA:26,16
DA:30,20
DA:32,20
DA:36,4
DA:39,1
DA:40,11
DA:42,6
DA:44,6
DA:45,4
DA:48,4
DA:51,4
DA:54,4
LF:22
LH:22
BRDA:18,0,0,4
BRDA:18,0,1,16
BRDA:18,1,0,20
BRDA:18,1,1,20
BRDA:18,2,0,4
BRDA:18,2,1,16
BRDA:18,3,0,20
BRDA:18,3,1,20
BRDA:19,4,0,16
BRDA:19,4,1,4
BRDA:19,5,0,4
BRDA:19,5,1,16
BRDA:19,6,0,20
BRDA:19,6,1,20
BRF:14
BRH:14
end_of_record
TN:
SF:src\lib\utils.ts
FN:4,cn
FNF:1
FNH:1
FNDA:3677,cn
DA:1,19
DA:2,19
DA:4,19
DA:5,3677
LF:4
LH:4
BRF:0
BRH:0
end_of_record
TN:
SF:src\screens\dashboard\index.tsx
FN:47,(anonymous_0)
FN:51,(anonymous_1)
FN:67,(anonymous_2)
FN:72,(anonymous_3)
FN:91,(anonymous_4)
FN:96,(anonymous_5)
FN:116,(anonymous_6)
FNF:7
FNH:7
FNDA:8,(anonymous_0)
FNDA:2,(anonymous_1)
FNDA:32,(anonymous_2)
FNDA:1,(anonymous_3)
FNDA:32,(anonymous_4)
FNDA:1,(anonymous_5)
FNDA:32,(anonymous_6)
DA:2,1
DA:3,1
DA:4,1
DA:5,1
DA:6,1
DA:7,1
DA:10,1
DA:17,1
DA:24,1
DA:47,1
DA:48,8
DA:51,8
DA:52,2
DA:55,8
DA:68,32
DA:72,1
DA:92,32
DA:96,1
DA:117,32
DA:118,32
DA:138,1
LF:21
LH:21
BRF:0
BRH:0
end_of_record
TN:
SF:src\screens\layout\index.tsx
FN:9,Layout
FN:22,(anonymous_2)
FNF:2
FNH:2
FNDA:11,Layout
FNDA:1,(anonymous_2)
DA:1,1
DA:3,1
DA:4,1
DA:5,1
DA:6,1
DA:10,11
DA:11,11
DA:22,1
DA:77,1
LF:9
LH:9
BRF:0
BRH:0
end_of_record
TN:
SF:src\screens\layout\search\index.tsx
FN:8,(anonymous_0)
FN:12,(anonymous_1)
FN:26,(anonymous_2)
FNF:3
FNH:3
FNDA:59,(anonymous_0)
FNDA:6,(anonymous_1)
FNDA:35,(anonymous_2)
DA:1,2
DA:2,2
DA:3,2
DA:4,2
DA:6,2
DA:8,2
DA:9,59
DA:10,59
DA:12,59
DA:13,6
DA:14,4
DA:15,4
DA:19,59
DA:26,35
DA:53,2
LF:15
LH:15
BRDA:13,0,0,4
BRDA:13,0,1,2
BRF:2
BRH:2
end_of_record
TN:
SF:src\screens\pokemonDetail\index.tsx
FN:12,(anonymous_1)
FN:17,(anonymous_2)
FN:23,(anonymous_3)
FN:34,(anonymous_4)
FN:39,(anonymous_5)
FN:39,(anonymous_6)
FN:40,(anonymous_7)
FN:40,(anonymous_8)
FN:41,(anonymous_9)
FN:41,(anonymous_10)
FN:44,(anonymous_11)
FN:50,(anonymous_12)
FN:60,(anonymous_13)
FN:71,(anonymous_14)
FN:76,(anonymous_15)
FN:100,(anonymous_16)
FNF:16
FNH:16
FNDA:25,(anonymous_1)
FNDA:20,(anonymous_2)
FNDA:12,(anonymous_3)
FNDA:2,(anonymous_4)
FNDA:7,(anonymous_5)
FNDA:5,(anonymous_6)
FNDA:9,(anonymous_7)
FNDA:28,(anonymous_8)
FNDA:7,(anonymous_9)
FNDA:25,(anonymous_10)
FNDA:7,(anonymous_11)
FNDA:7,(anonymous_12)
FNDA:7,(anonymous_13)
FNDA:10,(anonymous_14)
FNDA:10,(anonymous_15)
FNDA:10,(anonymous_16)
DA:1,1
DA:2,1
DA:3,1
DA:4,1
DA:5,1
DA:6,1
DA:7,1
DA:8,1
DA:12,1
DA:15,25
DA:16,25
DA:17,25
DA:18,20
DA:20,25
DA:23,1
DA:24,12
DA:25,12
DA:27,12
DA:28,12
DA:31,12
DA:32,12
DA:34,12
DA:35,2
DA:36,2
DA:39,12
DA:40,28
DA:41,25
DA:44,12
DA:48,7
DA:50,7
DA:51,7
DA:52,5
DA:53,5
DA:54,5
DA:55,5
DA:58,7
DA:59,7
DA:60,7
DA:64,12
DA:65,11
DA:67,10
DA:72,10
DA:77,10
DA:101,10
DA:116,1
LF:45
LH:45
BRDA:13,0,0,5
BRDA:13,1,0,5
BRDA:39,2,0,2
BRDA:39,2,1,5
BRDA:39,3,0,7
BRDA:39,3,1,7
BRDA:40,4,0,7
BRDA:40,4,1,2
BRDA:40,5,0,9
BRDA:40,5,1,9
BRDA:40,6,0,2
BRDA:40,6,1,7
BRDA:40,7,0,9
BRDA:40,7,1,9
BRDA:40,8,0,25
BRDA:40,8,1,3
BRDA:40,9,0,28
BRDA:40,9,1,3
BRDA:41,10,0,2
BRDA:41,10,1,5
BRDA:41,11,0,7
BRDA:41,11,1,7
BRDA:51,12,0,5
BRDA:51,12,1,2
BRDA:54,13,0,4
BRDA:54,13,1,1
BRDA:54,14,0,5
BRDA:54,14,1,4
BRDA:55,15,0,4
BRDA:55,15,1,1
BRDA:64,16,0,1
BRDA:64,16,1,11
BRDA:65,17,0,1
BRDA:65,17,1,10
BRDA:70,18,0,5
BRDA:70,18,1,5
BRDA:71,19,0,10
BRDA:71,19,1,10
BRDA:75,20,0,5
BRDA:75,20,1,5
BRDA:76,21,0,10
BRDA:76,21,1,10
BRDA:85,22,0,8
BRDA:85,22,1,2
BRDA:85,23,0,10
BRDA:85,23,1,2
BRDA:88,24,0,8
BRDA:88,24,1,2
BRDA:88,25,0,10
BRDA:88,25,1,2
BRDA:90,26,0,10
BRDA:90,26,1,2
BRDA:90,26,2,2
BRF:53
BRH:53
end_of_record
TN:
SF:src\screens\pokemonDetail\compactEvolutionChainNode\index.tsx
FN:5,(anonymous_1)
FN:24,(anonymous_2)
FNF:2
FNH:2
FNDA:65,(anonymous_1)
FNDA:52,(anonymous_2)
DA:1,2
DA:2,2
DA:5,2
DA:11,65
DA:13,65
DA:25,52
DA:38,2
LF:7
LH:7
BRDA:7,0,0,10
BRDA:8,1,0,10
BRF:2
BRH:2
end_of_record
TN:
SF:src\screens\pokemonDetail\compactPokemonCard\index.tsx
FN:8,(anonymous_0)
FN:19,(anonymous_1)
FNF:2
FNH:2
FNDA:72,(anonymous_0)
FNDA:3,(anonymous_1)
DA:2,3
DA:3,3
DA:4,3
DA:5,3
DA:6,3
DA:8,3
DA:9,72
DA:10,72
DA:11,72
DA:13,72
DA:19,3
DA:44,3
LF:12
LH:12
BRDA:9,0,0,72
BRDA:9,0,1,1
BRF:2
BRH:2
end_of_record
TN:
SF:src\screens\pokemonDetail\compactPokemonCard\styles.ts
FNF:0
FNH:0
DA:2,3
LF:1
LH:1
BRF:0
BRH:0
end_of_record
TN:
SF:src\screens\pokemonDetail\evolutionChainNode\index.tsx
FN:7,(anonymous_1)
FN:15,(anonymous_2)
FNF:2
FNH:2
FNDA:65,(anonymous_1)
FNDA:52,(anonymous_2)
DA:1,2
DA:2,2
DA:7,2
DA:8,65
DA:16,52
DA:28,2
LF:6
LH:6
BRDA:14,0,0,13
BRDA:14,0,1,52
BRF:2
BRH:2
end_of_record
TN:
SF:src\screens\pokemonDetail\evolutionChainNodeArrow\index.tsx
FN:4,(anonymous_0)
FNF:1
FNH:1
FNDA:57,(anonymous_0)
DA:1,3
DA:4,3
DA:6,57
DA:37,3
LF:4
LH:4
BRDA:15,0,0,57
BRDA:15,0,1,1
BRDA:15,0,2,56
BRDA:17,1,0,56
BRDA:17,1,1,56
BRDA:24,2,0,56
BRDA:24,2,1,56
BRF:7
BRH:7
end_of_record
TN:
SF:src\screens\pokemonDetail\pokemonCard\index.tsx
FN:7,(anonymous_0)
FNF:1
FNH:1
FNDA:85,(anonymous_0)
DA:1,3
DA:2,3
DA:3,3
DA:5,3
DA:7,3
DA:9,85
DA:10,85
DA:11,85
DA:13,85
DA:58,3
LF:10
LH:10
BRDA:9,0,0,85
BRDA:9,0,1,1
BRF:2
BRH:2
end_of_record
TN:
SF:src\screens\pokemonDetail\pokemonCard\styles.ts
FNF:0
FNH:0
DA:2,3
LF:1
LH:1
BRF:0
BRH:0
end_of_record
